Added Component: Designator=LED1(3 channel led)
Add component (AddParameter): Name = "Supplier 1"; Value = "Digi-Key"; VariantName = "[No Variations]"
Add component (AddParameter): Name = "Supplier Part Number 1"; Value = "CLP6C-RKW-CYBA0AA3CT-ND"; VariantName = "[No Variations]"
Added Component: Designator=RES(RESC0603(1608)_L)
Add component (AddParameter): Name = "Case-EIA"; Value = "0603"; VariantName = "[No Variations]"
Add component (AddParameter): Name = "Case-Metric"; Value = "1608"; VariantName = "[No Variations]"
Add component (AddParameter): Name = "PackageReference"; Value = "RESC0603(1608)"; VariantName = "[No Variations]"
Add component (AddParameter): Name = "Power"; Value = ""; VariantName = "[No Variations]"
Add component (AddParameter): Name = "Supplier 1"; Value = "Digi-Key"; VariantName = "[No Variations]"
Add component (AddParameter): Name = "Supplier Part Number 1"; Value = "P17.4AATR-ND"; VariantName = "[No Variations]"
Add component (AddParameter): Name = "Tolerance"; Value = ""; VariantName = "[No Variations]"
Add component (AddParameter): Name = "Value"; Value = ""; VariantName = "[No Variations]"
Added Component: Designator=U6(LM317LCPK)
Add component (AddParameter): Name = "Supplier 1"; Value = "Digi-Key"; VariantName = "[No Variations]"
Add component (AddParameter): Name = "Supplier Part Number 1"; Value = "296-26093-1-ND"; VariantName = "[No Variations]"
Added Pin To Net: NetName=NetLED1_1 Pin=LED1-1
Added Pin To Net: NetName=GND Pin=LED1-4
Added Pin To Net: NetName=NetLED1_1 Pin=RES-1
Added Pin To Net: NetName=NetResistor_2 Pin=RES-2
Added Pin To Net: NetName=NetLED1_1 Pin=U6-1
Added Pin To Net: NetName=NetResistor_2 Pin=U6-2
Added Pin To Net: NetName=NetResistor_2 Pin=U6-2
Added Pin To Net: NetName=ACU_PWR Pin=U6-3
Change Net Name : Old Net Name=NetResistor_2 New Net Name=NetRES_2
