Change Managed Component Library Link : Designator=D1 Old VaultGUID= New VaultGUID=B7D15EC3-160A-466F-A46C-7801FE6295A7 Old ItemGUID= New ItemGUID=34847411-DFFB-48F5-AA0B-E43F975247F7 Old RevisionGUID= New RevisionGUID=49E96B5B-A479-4DEB-BA3B-045007DF296F
Change Managed Component Library Link : Designator=D2 Old VaultGUID= New VaultGUID=B7D15EC3-160A-466F-A46C-7801FE6295A7 Old ItemGUID= New ItemGUID=34847411-DFFB-48F5-AA0B-E43F975247F7 Old RevisionGUID= New RevisionGUID=49E96B5B-A479-4DEB-BA3B-045007DF296F
Change Managed Component Library Link : Designator=D3 Old VaultGUID= New VaultGUID=B7D15EC3-160A-466F-A46C-7801FE6295A7 Old ItemGUID= New ItemGUID=34847411-DFFB-48F5-AA0B-E43F975247F7 Old RevisionGUID= New RevisionGUID=49E96B5B-A479-4DEB-BA3B-045007DF296F
Change Managed Component Library Link : Designator=D4 Old VaultGUID= New VaultGUID=B7D15EC3-160A-466F-A46C-7801FE6295A7 Old ItemGUID= New ItemGUID=A9EF9F14-A26F-46EC-868A-7E99D4E88591 Old RevisionGUID= New RevisionGUID=CC0A7295-C982-4AA5-9712-901521A53B79
Change Managed Component Library Link : Designator=D11 Old VaultGUID= New VaultGUID=B7D15EC3-160A-466F-A46C-7801FE6295A7 Old ItemGUID= New ItemGUID=A9EF9F14-A26F-46EC-868A-7E99D4E88591 Old RevisionGUID= New RevisionGUID=CC0A7295-C982-4AA5-9712-901521A53B79
Change Managed Component Library Link : Designator=R1 Old VaultGUID= New VaultGUID=B7D15EC3-160A-466F-A46C-7801FE6295A7 Old ItemGUID= New ItemGUID=FDC7F57E-3358-478A-B77F-3EA4E844E4A7 Old RevisionGUID= New RevisionGUID=8970DECE-9BAA-4C2A-8F31-D7D135B7D733
Change Managed Component Library Link : Designator=R14 Old VaultGUID= New VaultGUID=B7D15EC3-160A-466F-A46C-7801FE6295A7 Old ItemGUID= New ItemGUID=FDC7F57E-3358-478A-B77F-3EA4E844E4A7 Old RevisionGUID= New RevisionGUID=8970DECE-9BAA-4C2A-8F31-D7D135B7D733
Change Managed Component Library Link : Designator=R17 Old VaultGUID= New VaultGUID=B7D15EC3-160A-466F-A46C-7801FE6295A7 Old ItemGUID= New ItemGUID=FDC7F57E-3358-478A-B77F-3EA4E844E4A7 Old RevisionGUID= New RevisionGUID=8970DECE-9BAA-4C2A-8F31-D7D135B7D733
Change Managed Component Library Link : Designator=R18 Old VaultGUID= New VaultGUID=B7D15EC3-160A-466F-A46C-7801FE6295A7 Old ItemGUID= New ItemGUID=FDC7F57E-3358-478A-B77F-3EA4E844E4A7 Old RevisionGUID= New RevisionGUID=8970DECE-9BAA-4C2A-8F31-D7D135B7D733
Change Managed Component Library Link : Designator=R19 Old VaultGUID= New VaultGUID=B7D15EC3-160A-466F-A46C-7801FE6295A7 Old ItemGUID= New ItemGUID=FDC7F57E-3358-478A-B77F-3EA4E844E4A7 Old RevisionGUID= New RevisionGUID=8970DECE-9BAA-4C2A-8F31-D7D135B7D733
Change Managed Component Library Link : Designator=R20 Old VaultGUID= New VaultGUID=B7D15EC3-160A-466F-A46C-7801FE6295A7 Old ItemGUID= New ItemGUID=FDC7F57E-3358-478A-B77F-3EA4E844E4A7 Old RevisionGUID= New RevisionGUID=8970DECE-9BAA-4C2A-8F31-D7D135B7D733
Change Managed Component Library Link : Designator=R21 Old VaultGUID= New VaultGUID=B7D15EC3-160A-466F-A46C-7801FE6295A7 Old ItemGUID= New ItemGUID=FDC7F57E-3358-478A-B77F-3EA4E844E4A7 Old RevisionGUID= New RevisionGUID=8970DECE-9BAA-4C2A-8F31-D7D135B7D733
Change Managed Component Library Link : Designator=R22 Old VaultGUID= New VaultGUID=B7D15EC3-160A-466F-A46C-7801FE6295A7 Old ItemGUID= New ItemGUID=FDC7F57E-3358-478A-B77F-3EA4E844E4A7 Old RevisionGUID= New RevisionGUID=8970DECE-9BAA-4C2A-8F31-D7D135B7D733
Change Managed Component Library Link : Designator=R23 Old VaultGUID= New VaultGUID=B7D15EC3-160A-466F-A46C-7801FE6295A7 Old ItemGUID= New ItemGUID=FDC7F57E-3358-478A-B77F-3EA4E844E4A7 Old RevisionGUID= New RevisionGUID=8970DECE-9BAA-4C2A-8F31-D7D135B7D733
Change Managed Component Library Link : Designator=R40 Old VaultGUID= New VaultGUID=B7D15EC3-160A-466F-A46C-7801FE6295A7 Old ItemGUID= New ItemGUID=FDC7F57E-3358-478A-B77F-3EA4E844E4A7 Old RevisionGUID= New RevisionGUID=8970DECE-9BAA-4C2A-8F31-D7D135B7D733
Change Managed Component Library Link : Designator=R51 Old VaultGUID= New VaultGUID=B7D15EC3-160A-466F-A46C-7801FE6295A7 Old ItemGUID= New ItemGUID=FDC7F57E-3358-478A-B77F-3EA4E844E4A7 Old RevisionGUID= New RevisionGUID=8970DECE-9BAA-4C2A-8F31-D7D135B7D733
Change Managed Component Library Link : Designator=U3 Old VaultGUID= New VaultGUID=B7D15EC3-160A-466F-A46C-7801FE6295A7 Old ItemGUID= New ItemGUID=BB887B1F-E735-49F5-9073-A38D3F61DBE4 Old RevisionGUID= New RevisionGUID=E1EE574E-6CC7-48A7-B7DB-86AC67129B22
Change Managed Component Library Link : Designator=U7 Old VaultGUID= New VaultGUID=B7D15EC3-160A-466F-A46C-7801FE6295A7 Old ItemGUID= New ItemGUID=BB887B1F-E735-49F5-9073-A38D3F61DBE4 Old RevisionGUID= New RevisionGUID=E1EE574E-6CC7-48A7-B7DB-86AC67129B22
Added Component: Designator=LED1(3 channel led)
Add component (AddParameter): Name = "Supplier 1"; Value = "Digi-Key"; VariantName = "[No Variations]"
Add component (AddParameter): Name = "Supplier Part Number 1"; Value = "CLP6C-RKW-CYBA0AA3CT-ND"; VariantName = "[No Variations]"
Added Component: Designator=RES(RESC0603(1608)_L)
Add component (AddParameter): Name = "Case-EIA"; Value = "0603"; VariantName = "[No Variations]"
Add component (AddParameter): Name = "Case-Metric"; Value = "1608"; VariantName = "[No Variations]"
Add component (AddParameter): Name = "PackageReference"; Value = "RESC0603(1608)"; VariantName = "[No Variations]"
Add component (AddParameter): Name = "Power"; Value = ""; VariantName = "[No Variations]"
Add component (AddParameter): Name = "Supplier 1"; Value = "Digi-Key"; VariantName = "[No Variations]"
Add component (AddParameter): Name = "Supplier Part Number 1"; Value = "P17.4AATR-ND"; VariantName = "[No Variations]"
Add component (AddParameter): Name = "Tolerance"; Value = ""; VariantName = "[No Variations]"
Add component (AddParameter): Name = "Value"; Value = ""; VariantName = "[No Variations]"
Added Component: Designator=U6(LM317LCPK)
Add component (AddParameter): Name = "Supplier 1"; Value = "Digi-Key"; VariantName = "[No Variations]"
Add component (AddParameter): Name = "Supplier Part Number 1"; Value = "296-26093-1-ND"; VariantName = "[No Variations]"
Added Pin To Net: NetName=NetLED1_1 Pin=LED1-1
Added Pin To Net: NetName=GND Pin=LED1-4
Added Pin To Net: NetName=NetLED1_1 Pin=RES-1
Added Pin To Net: NetName=NetResistor_2 Pin=RES-2
Added Pin To Net: NetName=NetLED1_1 Pin=U6-1
Added Pin To Net: NetName=NetResistor_2 Pin=U6-2
Added Pin To Net: NetName=NetResistor_2 Pin=U6-2
Added Pin To Net: NetName=ACU_PWR Pin=U6-3
Change Net Name : Old Net Name=NetResistor_2 New Net Name=NetRES_2
