Removed Pin From Net: NetName=VS Pin=Q10-2
Removed Pin From Net: NetName=VS Pin=Q10-2
Removed Pin From Net: NetName=VS Pin=Q10-2
Removed Pin From Net: NetName=VS Pin=Q10-2
Removed Pin From Net: NetName=VS Pin=Q10-2
Removed Pin From Net: NetName=Source Pin=Q10-3
Removed Pin From Net: NetName=Source Pin=Q10-3
Removed Pin From Net: NetName=Source Pin=Q10-3
Change Footprint: Cannot match pads with new footprint in component :Q9 Footprint:AOD4185
Change Component Footprint: Designator=Q10 Old Footprint=N-Channel Mosfet New Footprint=AOD4185
Change Component Comment : Designator=Q9 Old Comment= New Comment=Footprint didn't exist so exported different one
Change Component Comment : Designator=Q10 Old Comment= New Comment=Footprint didn't exist so exported different one
Change component parameters: Designator = "Q9" ("Q9"); Footprint = "N-Channel Mosfet"; UniqueID = "\JQIKCBIB\BRIWJGET" ("\JQIKCBIB\BRIWJGET")
Change component parameters (AddParameter): Name = "Arrow Part Number"; Value = "AOD4184A"; VariantName = "[No Variations]"
Change component parameters (AddParameter): Name = "Arrow Price/Stock"; Value = "https://www.arrow.com/en/products/aod4184a/alpha-and-omega-semiconductor?region=nac"; VariantName = "[No Variations]"
Change component parameters (AddParameter): Name = "Datasheet Link"; Value = "https://www.arrow.com/en/products/aod4184a/alpha-and-omega-semiconductor"; VariantName = "[No Variations]"
Change component parameters (AddParameter): Name = "Height"; Value = "2.4mm"; VariantName = "[No Variations]"
Change component parameters (AddParameter): Name = "Manufacturer_Name"; Value = "Alpha & Omega Semiconductors"; VariantName = "[No Variations]"
Change component parameters (AddParameter): Name = "Manufacturer_Part_Number"; Value = "AOD4184A"; VariantName = "[No Variations]"
Change component parameters (AddParameter): Name = "Mouser Part Number"; Value = ""; VariantName = "[No Variations]"
Change component parameters (AddParameter): Name = "Mouser Price/Stock"; Value = ""; VariantName = "[No Variations]"
Change component parameters (AddParameter): Name = "Mouser Testing Part Number"; Value = ""; VariantName = "[No Variations]"
Change component parameters (AddParameter): Name = "Mouser Testing Price/Stock"; Value = ""; VariantName = "[No Variations]"
Change component parameters (AddParameter): Name = "Supplier 1"; Value = "Digi-Key"; VariantName = "[No Variations]"
Change component parameters (AddParameter): Name = "Supplier Part Number 1"; Value = "MCU80N03-TPMSDKR-ND"; VariantName = "[No Variations]"
Change component parameters: Designator = "Q10" ("Q10"); Footprint = "N-Channel Mosfet"; UniqueID = "\JQIKCBIB\QBRPPDBM" ("\JQIKCBIB\QBRPPDBM")
Change component parameters (AddParameter): Name = "Arrow Part Number"; Value = "AOD4184A"; VariantName = "[No Variations]"
Change component parameters (AddParameter): Name = "Arrow Price/Stock"; Value = "https://www.arrow.com/en/products/aod4184a/alpha-and-omega-semiconductor?region=nac"; VariantName = "[No Variations]"
Change component parameters (AddParameter): Name = "Datasheet Link"; Value = "https://www.arrow.com/en/products/aod4184a/alpha-and-omega-semiconductor"; VariantName = "[No Variations]"
Change component parameters (AddParameter): Name = "Height"; Value = "2.4mm"; VariantName = "[No Variations]"
Change component parameters (AddParameter): Name = "Manufacturer_Name"; Value = "Alpha & Omega Semiconductors"; VariantName = "[No Variations]"
Change component parameters (AddParameter): Name = "Manufacturer_Part_Number"; Value = "AOD4184A"; VariantName = "[No Variations]"
Change component parameters (AddParameter): Name = "Mouser Part Number"; Value = ""; VariantName = "[No Variations]"
Change component parameters (AddParameter): Name = "Mouser Price/Stock"; Value = ""; VariantName = "[No Variations]"
Change component parameters (AddParameter): Name = "Mouser Testing Part Number"; Value = ""; VariantName = "[No Variations]"
Change component parameters (AddParameter): Name = "Mouser Testing Price/Stock"; Value = ""; VariantName = "[No Variations]"
Change component parameters (AddParameter): Name = "Supplier 1"; Value = "Digi-Key"; VariantName = "[No Variations]"
Change component parameters (AddParameter): Name = "Supplier Part Number 1"; Value = "MCU80N03-TPMSDKR-ND"; VariantName = "[No Variations]"
Added Pin To Net: NetName=Source Pin=Q10-2
Added Pin To Net: NetName=VS Pin=Q10-3
Add Class: Class already exists: Designator
Add Class: Class already exists: Designator
Add Class: Class already exists: Designator
Add Class: Class already exists: Designator
Add Class Member: Failed to add class member : Component Jumper1 Jumper
