Removed Pin From Net: NetName=BSPD_TEST Pin=R69-2
Added Component: Designator=J1(MOLX-39-28-1023-2_V)
Add component (AddParameter): Name = "Colour"; Value = "Clear"; VariantName = "[No Variations]"
Add component (AddParameter): Name = "Connector Body Material"; Value = "–"; VariantName = "[No Variations]"
Add component (AddParameter): Name = "Connector Insert Type"; Value = "Header"; VariantName = "[No Variations]"
Add component (AddParameter): Name = "Connector Mounting"; Value = "PCB"; VariantName = "[No Variations]"
Add component (AddParameter): Name = "Connector Mounting Orientation"; Value = "PCB"; VariantName = "[No Variations]"
Add component (AddParameter): Name = "Connector Type"; Value = "RectangularPower"; VariantName = "[No Variations]"
Add component (AddParameter): Name = "Contact Gender"; Value = "–"; VariantName = "[No Variations]"
Add component (AddParameter): Name = "Contact Material"; Value = "Brass"; VariantName = "[No Variations]"
Add component (AddParameter): Name = "Contact Plating"; Value = "Tin"; VariantName = "[No Variations]"
Add component (AddParameter): Name = "Contact Termination"; Value = "Solder"; VariantName = "[No Variations]"
Add component (AddParameter): Name = "Current Rating"; Value = "13A"; VariantName = "[No Variations]"
Add component (AddParameter): Name = "Datasheet URL"; Value = "https://datasheet.ciiva.com/11746/0900766b80460d9e-11746456.pdf"; VariantName = "[No Variations]"
Add component (AddParameter): Name = "Datasheet Version"; Value = "Rev. F, 05/2004"; VariantName = "[No Variations]"
Add component (AddParameter): Name = "Flammability Rating"; Value = "UL94V-2"; VariantName = "[No Variations]"
Add component (AddParameter): Name = "Gender"; Value = "Header"; VariantName = "[No Variations]"
Add component (AddParameter): Name = "Lead Spacing"; Value = "4.2mm"; VariantName = "[No Variations]"
Add component (AddParameter): Name = "Manufacturer"; Value = "Molex"; VariantName = "[No Variations]"
Add component (AddParameter): Name = "Manufacturer URL"; Value = "http://www.molex.com/"; VariantName = "[No Variations]"
Add component (AddParameter): Name = "Mounting Orientation"; Value = "Straight"; VariantName = "[No Variations]"
Add component (AddParameter): Name = "Mounting Type"; Value = "PCBoard"; VariantName = "[No Variations]"
Add component (AddParameter): Name = "MSL"; Value = "–"; VariantName = "[No Variations]"
Add component (AddParameter): Name = "No. of Contacts"; Value = "4"; VariantName = "[No Variations]"
Add component (AddParameter): Name = "No. of Poles"; Value = "2"; VariantName = "[No Variations]"
Add component (AddParameter): Name = "No. of Rows"; Value = "1"; VariantName = "[No Variations]"
Add component (AddParameter): Name = "No. of Ways"; Value = "2"; VariantName = "[No Variations]"
Add component (AddParameter): Name = "Pitch Spacing"; Value = "4.2mm"; VariantName = "[No Variations]"
Add component (AddParameter): Name = "Series"; Value = "Mini-FitJr"; VariantName = "[No Variations]"
Add component (AddParameter): Name = "SVHC"; Value = "–"; VariantName = "[No Variations]"
Add component (AddParameter): Name = "Termination Method"; Value = "Solder"; VariantName = "[No Variations]"
Add component (AddParameter): Name = "Voltage Rating V AC"; Value = "600V"; VariantName = "[No Variations]"
Add component (AddParameter): Name = "Working Voltage"; Value = "250V"; VariantName = "[No Variations]"
Added Component: Designator=R70(RESC0603(1608)_L)
Add component (AddParameter): Name = "Case-EIA"; Value = "0603"; VariantName = "[No Variations]"
Add component (AddParameter): Name = "Case-Metric"; Value = "1608"; VariantName = "[No Variations]"
Add component (AddParameter): Name = "PackageReference"; Value = "RESC0603(1608)"; VariantName = "[No Variations]"
Add component (AddParameter): Name = "Power"; Value = ""; VariantName = "[No Variations]"
Add component (AddParameter): Name = "Supplier 1"; Value = "Digi-Key"; VariantName = "[No Variations]"
Add component (AddParameter): Name = "Supplier Part Number 1"; Value = "311-10KGRCT-ND"; VariantName = "[No Variations]"
Add component (AddParameter): Name = "Tolerance"; Value = ""; VariantName = "[No Variations]"
Add component (AddParameter): Name = "Value"; Value = ""; VariantName = "[No Variations]"
Added Component: Designator=R71(RESC0603(1608)_L)
Add component (AddParameter): Name = "Case-EIA"; Value = "0603"; VariantName = "[No Variations]"
Add component (AddParameter): Name = "Case-Metric"; Value = "1608"; VariantName = "[No Variations]"
Add component (AddParameter): Name = "PackageReference"; Value = "RESC0603(1608)"; VariantName = "[No Variations]"
Add component (AddParameter): Name = "Power"; Value = ""; VariantName = "[No Variations]"
Add component (AddParameter): Name = "Supplier 1"; Value = "Digi-Key"; VariantName = "[No Variations]"
Add component (AddParameter): Name = "Supplier Part Number 1"; Value = "311-10KGRCT-ND"; VariantName = "[No Variations]"
Add component (AddParameter): Name = "Tolerance"; Value = ""; VariantName = "[No Variations]"
Add component (AddParameter): Name = "Value"; Value = ""; VariantName = "[No Variations]"
Added Pin To Net: NetName=BSPD_TEST Pin=J1-1
Added Pin To Net: NetName=FANS_FUSE Pin=LD2-8
Added Pin To Net: NetName=FANS_FUSE Pin=LD2-10
Added Pin To Net: NetName=FANS_FUSE Pin=LD2-11
Added Pin To Net: NetName=PUMP_FUSE Pin=LD3-9
Added Pin To Net: NetName=PUMP_FUSE Pin=LD3-10
Added Pin To Net: NetName=PUMP_FUSE Pin=LD3-11
Added Pin To Net: NetName=GND Pin=R70-1
Added Pin To Net: NetName=GND Pin=R71-1
Add Net: Net with name "BSPD_TEST" already exists
Added Pin To Net: NetName=NetLD2_5 Pin=LD2-5
Added Pin To Net: NetName=NetLD2_5 Pin=R70-2
Added Net: Name=NetLD2_5
Added Pin To Net: NetName=NetLD3_5 Pin=LD3-5
Added Pin To Net: NetName=NetLD3_5 Pin=R71-2
Added Net: Name=NetLD3_5
Add Class: Class already exists: Designator
Add Class: Class already exists: Designator
Add Class: Class already exists: Designator
Add Class: Class already exists: Designator
Added Member To Class: ClassName=Designator Member=Component J1 39-28-1023
Add Class Member: Failed to add class member : Component Jumper1 Jumper
