Removed Pin From Net: NetName=VS_FROM_MS Pin=Q9-2
Removed Pin From Net: NetName=VS_FROM_MS Pin=Q9-2
Removed Pin From Net: NetName=VS_FROM_MS Pin=Q9-2
Removed Pin From Net: NetName=VS_FROM_MS Pin=Q9-2
Removed Pin From Net: NetName=VS_FROM_MS Pin=Q9-2
Removed Pin From Net: NetName=VS Pin=Q10-2
Removed Pin From Net: NetName=VS Pin=Q10-2
Removed Pin From Net: NetName=VS Pin=Q10-2
Removed Pin From Net: NetName=VS Pin=Q10-2
Removed Pin From Net: NetName=VS Pin=Q10-2
Change Footprint: Cannot match pads with new footprint in component :Q9 Footprint:FP-PG-TO252-3-MFG
Change Footprint: Cannot match pads with new footprint in component :Q10 Footprint:FP-PG-TO252-3-MFG
Change Component Comment : Designator=Q9 Old Comment= New Comment=IRLR024NTRPBF
Change Component Comment : Designator=Q10 Old Comment= New Comment=IRLR024NTRPBF
Change Managed Component Library Link : Designator=Q9 Old VaultGUID= New VaultGUID=B7D15EC3-160A-466F-A46C-7801FE6295A7 Old ItemGUID= New ItemGUID=4C444065-D35B-477C-A0B5-FE638AE62B5A Old RevisionGUID= New RevisionGUID=C6F6546E-6092-49CF-A764-1AEE8C08A1CE
Change Managed Component Library Link : Designator=Q10 Old VaultGUID= New VaultGUID=B7D15EC3-160A-466F-A46C-7801FE6295A7 Old ItemGUID= New ItemGUID=4C444065-D35B-477C-A0B5-FE638AE62B5A Old RevisionGUID= New RevisionGUID=C6F6546E-6092-49CF-A764-1AEE8C08A1CE
Change component parameters: Designator = "Q9" ("Q9"); Footprint = "N-Channel Mosfet"; UniqueID = "\JQIKCBIB\LEMZJSHW" ("\JQIKCBIB\LEMZJSHW")
Change component parameters (AddParameter): Name = "Automotive"; Value = "No"; VariantName = "[No Variations]"
Change component parameters (AddParameter): Name = "Category"; Value = "Trans"; VariantName = "[No Variations]"
Change component parameters (AddParameter): Name = "ComponentLink2Description"; Value = "Datasheet"; VariantName = "[No Variations]"
Change component parameters (AddParameter): Name = "ComponentLink2URL"; Value = "https://www.infineon.com/dgdl/irlr024npbf.pdf?fileId=5546d462533600a4015356694f7f265d"; VariantName = "[No Variations]"
Change component parameters (AddParameter): Name = "Continuous Drain Current"; Value = "17A"; VariantName = "[No Variations]"
Change component parameters (AddParameter): Name = "Depletion Mode"; Value = "False"; VariantName = "[No Variations]"
Change component parameters (AddParameter): Name = "Device Class L1"; Value = "Discrete Semiconductors"; VariantName = "[No Variations]"
Change component parameters (AddParameter): Name = "Device Class L2"; Value = "Transistors"; VariantName = "[No Variations]"
Change component parameters (AddParameter): Name = "Device Class L3"; Value = "MOSFETs"; VariantName = "[No Variations]"
Change component parameters (AddParameter): Name = "Digikey Description"; Value = "MOSFET N-CH 55V 17A DPAK"; VariantName = "[No Variations]"
Change component parameters (AddParameter): Name = "Drain To Source Breakdown Voltage"; Value = "55V"; VariantName = "[No Variations]"
Change component parameters (AddParameter): Name = "Drain To Source Resistance"; Value = "0.08O"; VariantName = "[No Variations]"
Change component parameters (AddParameter): Name = "Footprint Url"; Value = "http://www.irf.com/package/hexfet/dpakfootprint.pdf"; VariantName = "[No Variations]"
Change component parameters (AddParameter): Name = "Gate Charge At Vgs"; Value = "15nC @ 5V"; VariantName = "[No Variations]"
Change component parameters (AddParameter): Name = "Gate To Source Voltage"; Value = "16V"; VariantName = "[No Variations]"
Change component parameters (AddParameter): Name = "Height"; Value = "2.52mm"; VariantName = "[No Variations]"
Change component parameters (AddParameter): Name = "Input Capacitace At Vds"; Value = "480pF @ 25V"; VariantName = "[No Variations]"
Change component parameters (AddParameter): Name = "Lead Free"; Value = "Yes"; VariantName = "[No Variations]"
Change component parameters (AddParameter): Name = "Manufacturer"; Value = "Infineon"; VariantName = "[No Variations]"
Change component parameters (AddParameter): Name = "Manufacturer Part Number"; Value = "IRLR024NTRPBF"; VariantName = "[No Variations]"
Change component parameters (AddParameter): Name = "Max Forward Diode Voltage"; Value = "1.3V"; VariantName = "[No Variations]"
Change component parameters (AddParameter): Name = "Max Junction Temp"; Value = "+175°C"; VariantName = "[No Variations]"
Change component parameters (AddParameter): Name = "Number Of Channels"; Value = "1"; VariantName = "[No Variations]"
Change component parameters (AddParameter): Name = "Number Of N Channels"; Value = "1"; VariantName = "[No Variations]"
Change component parameters (AddParameter): Name = "Octopart"; Value = "https://octopart.com/irlr024ntrpbf-infineon-65875001"; VariantName = "[No Variations]"
Change component parameters (AddParameter): Name = "Package"; Value = "PG-TO252-3"; VariantName = "[No Variations]"
Change component parameters (AddParameter): Name = "Power Dissipation"; Value = "45W"; VariantName = "[No Variations]"
Change component parameters (AddParameter): Name = "Pulse Drain Current"; Value = "72A"; VariantName = "[No Variations]"
Change component parameters (AddParameter): Name = "Reverse Recovery Charge"; Value = "130nC"; VariantName = "[No Variations]"
Change component parameters (AddParameter): Name = "Reverse Recovery Time"; Value = "60ns"; VariantName = "[No Variations]"
Change component parameters (AddParameter): Name = "RoHS"; Value = "TRUE"; VariantName = "[No Variations]"
Change component parameters (AddParameter): Name = "Rthja Max"; Value = "110°C/W"; VariantName = "[No Variations]"
Change component parameters (AddParameter): Name = "Temperature"; Value = "-55°C to +175°C"; VariantName = "[No Variations]"
Change component parameters (AddParameter): Name = "Temperature Range High"; Value = "+175°C"; VariantName = "[No Variations]"
Change component parameters (AddParameter): Name = "Temperature Range Low"; Value = "-55°C"; VariantName = "[No Variations]"
Change component parameters (AddParameter): Name = "Threshold Vgs Max"; Value = "2V"; VariantName = "[No Variations]"
Change component parameters (AddParameter): Name = "Threshold Vgs Min"; Value = "1V"; VariantName = "[No Variations]"
Change component parameters (AddParameter): Name = "Turn Off Delay Time"; Value = "20ns"; VariantName = "[No Variations]"
Change component parameters (AddParameter): Name = "Turn On Delay Time"; Value = "7.1ns"; VariantName = "[No Variations]"
Change component parameters: Designator = "Q10" ("Q10"); Footprint = "N-Channel Mosfet"; UniqueID = "\JQIKCBIB\URIVFVJU" ("\JQIKCBIB\URIVFVJU")
Change component parameters (AddParameter): Name = "Automotive"; Value = "No"; VariantName = "[No Variations]"
Change component parameters (AddParameter): Name = "Category"; Value = "Trans"; VariantName = "[No Variations]"
Change component parameters (AddParameter): Name = "ComponentLink2Description"; Value = "Datasheet"; VariantName = "[No Variations]"
Change component parameters (AddParameter): Name = "ComponentLink2URL"; Value = "https://www.infineon.com/dgdl/irlr024npbf.pdf?fileId=5546d462533600a4015356694f7f265d"; VariantName = "[No Variations]"
Change component parameters (AddParameter): Name = "Continuous Drain Current"; Value = "17A"; VariantName = "[No Variations]"
Change component parameters (AddParameter): Name = "Depletion Mode"; Value = "False"; VariantName = "[No Variations]"
Change component parameters (AddParameter): Name = "Device Class L1"; Value = "Discrete Semiconductors"; VariantName = "[No Variations]"
Change component parameters (AddParameter): Name = "Device Class L2"; Value = "Transistors"; VariantName = "[No Variations]"
Change component parameters (AddParameter): Name = "Device Class L3"; Value = "MOSFETs"; VariantName = "[No Variations]"
Change component parameters (AddParameter): Name = "Digikey Description"; Value = "MOSFET N-CH 55V 17A DPAK"; VariantName = "[No Variations]"
Change component parameters (AddParameter): Name = "Drain To Source Breakdown Voltage"; Value = "55V"; VariantName = "[No Variations]"
Change component parameters (AddParameter): Name = "Drain To Source Resistance"; Value = "0.08O"; VariantName = "[No Variations]"
Change component parameters (AddParameter): Name = "Footprint Url"; Value = "http://www.irf.com/package/hexfet/dpakfootprint.pdf"; VariantName = "[No Variations]"
Change component parameters (AddParameter): Name = "Gate Charge At Vgs"; Value = "15nC @ 5V"; VariantName = "[No Variations]"
Change component parameters (AddParameter): Name = "Gate To Source Voltage"; Value = "16V"; VariantName = "[No Variations]"
Change component parameters (AddParameter): Name = "Height"; Value = "2.52mm"; VariantName = "[No Variations]"
Change component parameters (AddParameter): Name = "Input Capacitace At Vds"; Value = "480pF @ 25V"; VariantName = "[No Variations]"
Change component parameters (AddParameter): Name = "Lead Free"; Value = "Yes"; VariantName = "[No Variations]"
Change component parameters (AddParameter): Name = "Manufacturer"; Value = "Infineon"; VariantName = "[No Variations]"
Change component parameters (AddParameter): Name = "Manufacturer Part Number"; Value = "IRLR024NTRPBF"; VariantName = "[No Variations]"
Change component parameters (AddParameter): Name = "Max Forward Diode Voltage"; Value = "1.3V"; VariantName = "[No Variations]"
Change component parameters (AddParameter): Name = "Max Junction Temp"; Value = "+175°C"; VariantName = "[No Variations]"
Change component parameters (AddParameter): Name = "Number Of Channels"; Value = "1"; VariantName = "[No Variations]"
Change component parameters (AddParameter): Name = "Number Of N Channels"; Value = "1"; VariantName = "[No Variations]"
Change component parameters (AddParameter): Name = "Octopart"; Value = "https://octopart.com/irlr024ntrpbf-infineon-65875001"; VariantName = "[No Variations]"
Change component parameters (AddParameter): Name = "Package"; Value = "PG-TO252-3"; VariantName = "[No Variations]"
Change component parameters (AddParameter): Name = "Power Dissipation"; Value = "45W"; VariantName = "[No Variations]"
Change component parameters (AddParameter): Name = "Pulse Drain Current"; Value = "72A"; VariantName = "[No Variations]"
Change component parameters (AddParameter): Name = "Reverse Recovery Charge"; Value = "130nC"; VariantName = "[No Variations]"
Change component parameters (AddParameter): Name = "Reverse Recovery Time"; Value = "60ns"; VariantName = "[No Variations]"
Change component parameters (AddParameter): Name = "RoHS"; Value = "TRUE"; VariantName = "[No Variations]"
Change component parameters (AddParameter): Name = "Rthja Max"; Value = "110°C/W"; VariantName = "[No Variations]"
Change component parameters (AddParameter): Name = "Temperature"; Value = "-55°C to +175°C"; VariantName = "[No Variations]"
Change component parameters (AddParameter): Name = "Temperature Range High"; Value = "+175°C"; VariantName = "[No Variations]"
Change component parameters (AddParameter): Name = "Temperature Range Low"; Value = "-55°C"; VariantName = "[No Variations]"
Change component parameters (AddParameter): Name = "Threshold Vgs Max"; Value = "2V"; VariantName = "[No Variations]"
Change component parameters (AddParameter): Name = "Threshold Vgs Min"; Value = "1V"; VariantName = "[No Variations]"
Change component parameters (AddParameter): Name = "Turn Off Delay Time"; Value = "20ns"; VariantName = "[No Variations]"
Change component parameters (AddParameter): Name = "Turn On Delay Time"; Value = "7.1ns"; VariantName = "[No Variations]"
Added Pin To Net: NetName=VS Pin=CN2-4
Added Pin To Net: NetName=VS Pin=CN2-7
Added Pin To Net: NetName=VS Pin=D8-1
Added Pin To Net: NetName=VS Pin=D9-1
Added Pin To Net: NetName=VS Pin=F3-3
Added Pin To Net: NetName=VS Pin=F3-4
Added Pin To Net: NetName=VS Pin=F4-3
Added Pin To Net: NetName=VS Pin=F4-4
Add Pin To Net: Unknown Pin: Pin Q9-4
Add Pin To Net: Unknown Pin: Pin Q10-4
Add Class: Class already exists: Designator
Add Class: Class already exists: Designator
Add Class: Class already exists: Designator
Add Class: Class already exists: Designator
Add Class Member: Failed to add class member : Component Jumper1 Jumper
