Removed Pin From Net: NetName=GND Pin=C7-1
Removed Pin From Net: NetName=5V Pin=C7-2
Removed Pin From Net: NetName=GND Pin=C8-1
Removed Pin From Net: NetName=GND Pin=JMP1-1
Removed Pin From Net: NetName=VS_TO_MS Pin=JMP1-3
Removed Pin From Net: NetName=VS_TO_MS Pin=Q2-2
Removed Pin From Net: NetName=VS_TO_MS Pin=Q3-2
Removed Pin From Net: NetName=GND Pin=Q6-2
Removed Pin From Net: NetName=GND Pin=R4-1
Removed Pin From Net: NetName=GND Pin=R5-1
Removed Pin From Net: NetName=VS_TO_MS Pin=R7-2
Removed Pin From Net: NetName=VS_TO_MS Pin=R8-2
Removed Pin From Net: NetName=GND Pin=U3-5
Removed Pin From Net: NetName=GND Pin=U3-6
Removed Pin From Net: NetName=5V Pin=U3-8
Removed Pin From Net: NetName=GND Pin=U5-3
Removed Pin From Net: NetName=VS_TO_MS Pin=U5-8
Added Pin To Net: NetName=GND Pin=CON1-B10
Added Pin To Net: NetName=GND Pin=CON2-A1
Added Pin To Net: NetName=VS_TO_MS Pin=U2-3
Added Pin To Net: NetName=VS_TO_MS Pin=U2-4
Add Class: Class already exists: Designator
Add Class: Class already exists: Designator
Add Class: Class already exists: Designator
Add Class: Class already exists: Designator
Add Class Member: Failed to add class member : Component Jumper1 Jumper
