Removed Pin From Net: NetName=GND Pin=R24-2
Removed Pin From Net: NetName=GND Pin=R35-2
Removed Member From Class: ClassName=Designator Member=D11
Removed Member From Class: ClassName=Designator Member=R24
Added Pin To Net: NetName=GND Pin=CON1-A3
Added Pin To Net: NetName=GND Pin=CON2-A6
Add Class: Class already exists: Designator
Add Class: Class already exists: Designator
Add Class: Class already exists: Designator
Add Class: Class already exists: Designator
Added Member To Class: ClassName=Designator Member=Component F2 36-3568-ND
Added Member To Class: ClassName=Designator Member=Component F3 36-3568-ND
Added Member To Class: ClassName=Designator Member=Component F4 36-3568-ND
Added Member To Class: ClassName=Designator Member=Component F5 36-3568-ND
Added Member To Class: ClassName=Designator Member=Component F7 36-3568-ND
Added Member To Class: ClassName=Designator Member=Component F8 36-3568-ND
Added Member To Class: ClassName=Designator Member=Component F9 36-3568-ND
Added Member To Class: ClassName=Designator Member=Component F11 36-3568-ND
Added Member To Class: ClassName=Designator Member=Component F12 36-3568-ND
Added Member To Class: ClassName=Designator Member=Component F13 36-3568-ND
Added Member To Class: ClassName=Designator Member=Component F14 36-3568-ND
Added Member To Class: ClassName=Designator Member=Component F15 36-3568-ND
Added Member To Class: ClassName=Designator Member=Component F16 36-3568-ND
Added Member To Class: ClassName=Designator Member=Component F17 36-3568-ND
Add Class Member: Failed to add class member : Component Jumper1 Jumper
