Removed Pin From Net: NetName=IMD_OK Pin=C1-B3
Removed Pin From Net: NetName=GND Pin=C1-B13
Removed Pin From Net: NetName=SENS_PWR Pin=CN2-18
Removed Pin From Net: NetName=CAN_SENS_P Pin=CN2-32
Removed Pin From Net: NetName=CAN_SENS_N Pin=CN2-35
Removed Member From Class: ClassName=1  - Connectors Member=C1
Removed Member From Class: ClassName=1  - Connectors Member=C2
Change Component Comment : Designator=C1 Old Comment=6-146261-3 (9-146161-0) New Comment=6-534998-3
Change Component Comment : Designator=C2 Old Comment=6-146261-3 (9-146161-0) New Comment=6-534998-3
Change Component Designator: OldDesignator=C1 NewDesignator=CON1
Change Component Designator: OldDesignator=C2 NewDesignator=CON2
Change Component Designator: OldDesignator=IMD_PWR NewDesignator=UV_DELAY
Change Component Designator: OldDesignator=VBATT NewDesignator=VBATT_RAW
Change Managed Component Library Link : Designator=C6 Old VaultGUID= New VaultGUID=B7D15EC3-160A-466F-A46C-7801FE6295A7 Old ItemGUID= New ItemGUID=8481DD2C-5234-4F36-B6D5-FDB9BECD3B52 Old RevisionGUID= New RevisionGUID=E9638932-0DC0-48D4-8617-3D515B99AAF7
Change Managed Component Library Link : Designator=C9 Old VaultGUID= New VaultGUID=B7D15EC3-160A-466F-A46C-7801FE6295A7 Old ItemGUID= New ItemGUID=8481DD2C-5234-4F36-B6D5-FDB9BECD3B52 Old RevisionGUID= New RevisionGUID=E9638932-0DC0-48D4-8617-3D515B99AAF7
Change Managed Component Library Link : Designator=D1 Old VaultGUID= New VaultGUID=B7D15EC3-160A-466F-A46C-7801FE6295A7 Old ItemGUID= New ItemGUID=4E0EA05F-57DB-44BD-976B-1B7753BFAA0F Old RevisionGUID= New RevisionGUID=8D95C6B7-BD93-46CD-A64E-F1D477FF89D5
Change Managed Component Library Link : Designator=D2 Old VaultGUID= New VaultGUID=B7D15EC3-160A-466F-A46C-7801FE6295A7 Old ItemGUID= New ItemGUID=34847411-DFFB-48F5-AA0B-E43F975247F7 Old RevisionGUID= New RevisionGUID=49E96B5B-A479-4DEB-BA3B-045007DF296F
Change Managed Component Library Link : Designator=D3 Old VaultGUID= New VaultGUID=B7D15EC3-160A-466F-A46C-7801FE6295A7 Old ItemGUID= New ItemGUID=4E0EA05F-57DB-44BD-976B-1B7753BFAA0F Old RevisionGUID= New RevisionGUID=8D95C6B7-BD93-46CD-A64E-F1D477FF89D5
Change Managed Component Library Link : Designator=D4 Old VaultGUID= New VaultGUID=B7D15EC3-160A-466F-A46C-7801FE6295A7 Old ItemGUID= New ItemGUID=4E0EA05F-57DB-44BD-976B-1B7753BFAA0F Old RevisionGUID= New RevisionGUID=8D95C6B7-BD93-46CD-A64E-F1D477FF89D5
Change Managed Component Library Link : Designator=D5 Old VaultGUID= New VaultGUID=B7D15EC3-160A-466F-A46C-7801FE6295A7 Old ItemGUID= New ItemGUID=34847411-DFFB-48F5-AA0B-E43F975247F7 Old RevisionGUID= New RevisionGUID=49E96B5B-A479-4DEB-BA3B-045007DF296F
Change Managed Component Library Link : Designator=D6 Old VaultGUID= New VaultGUID=B7D15EC3-160A-466F-A46C-7801FE6295A7 Old ItemGUID= New ItemGUID=4E0EA05F-57DB-44BD-976B-1B7753BFAA0F Old RevisionGUID= New RevisionGUID=8D95C6B7-BD93-46CD-A64E-F1D477FF89D5
Change Managed Component Library Link : Designator=D7 Old VaultGUID= New VaultGUID=B7D15EC3-160A-466F-A46C-7801FE6295A7 Old ItemGUID= New ItemGUID=34847411-DFFB-48F5-AA0B-E43F975247F7 Old RevisionGUID= New RevisionGUID=49E96B5B-A479-4DEB-BA3B-045007DF296F
Change Managed Component Library Link : Designator=D8 Old VaultGUID= New VaultGUID=B7D15EC3-160A-466F-A46C-7801FE6295A7 Old ItemGUID= New ItemGUID=4E0EA05F-57DB-44BD-976B-1B7753BFAA0F Old RevisionGUID= New RevisionGUID=8D95C6B7-BD93-46CD-A64E-F1D477FF89D5
Change Managed Component Library Link : Designator=D9 Old VaultGUID= New VaultGUID=B7D15EC3-160A-466F-A46C-7801FE6295A7 Old ItemGUID= New ItemGUID=4E0EA05F-57DB-44BD-976B-1B7753BFAA0F Old RevisionGUID= New RevisionGUID=8D95C6B7-BD93-46CD-A64E-F1D477FF89D5
Change Managed Component Library Link : Designator=D10 Old VaultGUID= New VaultGUID=B7D15EC3-160A-466F-A46C-7801FE6295A7 Old ItemGUID= New ItemGUID=4E0EA05F-57DB-44BD-976B-1B7753BFAA0F Old RevisionGUID= New RevisionGUID=8D95C6B7-BD93-46CD-A64E-F1D477FF89D5
Change Managed Component Library Link : Designator=D11 Old VaultGUID= New VaultGUID=B7D15EC3-160A-466F-A46C-7801FE6295A7 Old ItemGUID= New ItemGUID=4E0EA05F-57DB-44BD-976B-1B7753BFAA0F Old RevisionGUID= New RevisionGUID=8D95C6B7-BD93-46CD-A64E-F1D477FF89D5
Change Managed Component Library Link : Designator=D12 Old VaultGUID= New VaultGUID=B7D15EC3-160A-466F-A46C-7801FE6295A7 Old ItemGUID= New ItemGUID=4E0EA05F-57DB-44BD-976B-1B7753BFAA0F Old RevisionGUID= New RevisionGUID=8D95C6B7-BD93-46CD-A64E-F1D477FF89D5
Change Managed Component Library Link : Designator=D13 Old VaultGUID= New VaultGUID=B7D15EC3-160A-466F-A46C-7801FE6295A7 Old ItemGUID= New ItemGUID=4E0EA05F-57DB-44BD-976B-1B7753BFAA0F Old RevisionGUID= New RevisionGUID=8D95C6B7-BD93-46CD-A64E-F1D477FF89D5
Change Managed Component Library Link : Designator=D14 Old VaultGUID= New VaultGUID=B7D15EC3-160A-466F-A46C-7801FE6295A7 Old ItemGUID= New ItemGUID=4E0EA05F-57DB-44BD-976B-1B7753BFAA0F Old RevisionGUID= New RevisionGUID=8D95C6B7-BD93-46CD-A64E-F1D477FF89D5
Change Managed Component Library Link : Designator=D15 Old VaultGUID= New VaultGUID=B7D15EC3-160A-466F-A46C-7801FE6295A7 Old ItemGUID= New ItemGUID=4E0EA05F-57DB-44BD-976B-1B7753BFAA0F Old RevisionGUID= New RevisionGUID=8D95C6B7-BD93-46CD-A64E-F1D477FF89D5
Change Managed Component Library Link : Designator=D16 Old VaultGUID= New VaultGUID=B7D15EC3-160A-466F-A46C-7801FE6295A7 Old ItemGUID= New ItemGUID=4E0EA05F-57DB-44BD-976B-1B7753BFAA0F Old RevisionGUID= New RevisionGUID=8D95C6B7-BD93-46CD-A64E-F1D477FF89D5
Change Managed Component Library Link : Designator=D17 Old VaultGUID= New VaultGUID=B7D15EC3-160A-466F-A46C-7801FE6295A7 Old ItemGUID= New ItemGUID=4E0EA05F-57DB-44BD-976B-1B7753BFAA0F Old RevisionGUID= New RevisionGUID=8D95C6B7-BD93-46CD-A64E-F1D477FF89D5
Change Managed Component Library Link : Designator=D18 Old VaultGUID= New VaultGUID=B7D15EC3-160A-466F-A46C-7801FE6295A7 Old ItemGUID= New ItemGUID=4E0EA05F-57DB-44BD-976B-1B7753BFAA0F Old RevisionGUID= New RevisionGUID=8D95C6B7-BD93-46CD-A64E-F1D477FF89D5
Change Managed Component Library Link : Designator=D19 Old VaultGUID= New VaultGUID=B7D15EC3-160A-466F-A46C-7801FE6295A7 Old ItemGUID= New ItemGUID=4E0EA05F-57DB-44BD-976B-1B7753BFAA0F Old RevisionGUID= New RevisionGUID=8D95C6B7-BD93-46CD-A64E-F1D477FF89D5
Change Managed Component Library Link : Designator=D20 Old VaultGUID= New VaultGUID=B7D15EC3-160A-466F-A46C-7801FE6295A7 Old ItemGUID= New ItemGUID=4E0EA05F-57DB-44BD-976B-1B7753BFAA0F Old RevisionGUID= New RevisionGUID=8D95C6B7-BD93-46CD-A64E-F1D477FF89D5
Change Managed Component Library Link : Designator=D21 Old VaultGUID= New VaultGUID=B7D15EC3-160A-466F-A46C-7801FE6295A7 Old ItemGUID= New ItemGUID=4E0EA05F-57DB-44BD-976B-1B7753BFAA0F Old RevisionGUID= New RevisionGUID=8D95C6B7-BD93-46CD-A64E-F1D477FF89D5
Change Managed Component Library Link : Designator=D26 Old VaultGUID= New VaultGUID=B7D15EC3-160A-466F-A46C-7801FE6295A7 Old ItemGUID= New ItemGUID=4E0EA05F-57DB-44BD-976B-1B7753BFAA0F Old RevisionGUID= New RevisionGUID=8D95C6B7-BD93-46CD-A64E-F1D477FF89D5
Change Managed Component Library Link : Designator=R3 Old VaultGUID= New VaultGUID=B7D15EC3-160A-466F-A46C-7801FE6295A7 Old ItemGUID= New ItemGUID=FDC7F57E-3358-478A-B77F-3EA4E844E4A7 Old RevisionGUID= New RevisionGUID=8970DECE-9BAA-4C2A-8F31-D7D135B7D733
Change Managed Component Library Link : Designator=R11 Old VaultGUID= New VaultGUID=B7D15EC3-160A-466F-A46C-7801FE6295A7 Old ItemGUID= New ItemGUID=FDC7F57E-3358-478A-B77F-3EA4E844E4A7 Old RevisionGUID= New RevisionGUID=8970DECE-9BAA-4C2A-8F31-D7D135B7D733
Change Managed Component Library Link : Designator=R12 Old VaultGUID= New VaultGUID=B7D15EC3-160A-466F-A46C-7801FE6295A7 Old ItemGUID= New ItemGUID=FDC7F57E-3358-478A-B77F-3EA4E844E4A7 Old RevisionGUID= New RevisionGUID=8970DECE-9BAA-4C2A-8F31-D7D135B7D733
Change Managed Component Library Link : Designator=R13 Old VaultGUID= New VaultGUID=B7D15EC3-160A-466F-A46C-7801FE6295A7 Old ItemGUID= New ItemGUID=FDC7F57E-3358-478A-B77F-3EA4E844E4A7 Old RevisionGUID= New RevisionGUID=8970DECE-9BAA-4C2A-8F31-D7D135B7D733
Change Managed Component Library Link : Designator=R14 Old VaultGUID= New VaultGUID=B7D15EC3-160A-466F-A46C-7801FE6295A7 Old ItemGUID= New ItemGUID=FDC7F57E-3358-478A-B77F-3EA4E844E4A7 Old RevisionGUID= New RevisionGUID=8970DECE-9BAA-4C2A-8F31-D7D135B7D733
Change Managed Component Library Link : Designator=R16 Old VaultGUID= New VaultGUID=B7D15EC3-160A-466F-A46C-7801FE6295A7 Old ItemGUID= New ItemGUID=FDC7F57E-3358-478A-B77F-3EA4E844E4A7 Old RevisionGUID= New RevisionGUID=8970DECE-9BAA-4C2A-8F31-D7D135B7D733
Change Managed Component Library Link : Designator=R17 Old VaultGUID= New VaultGUID=B7D15EC3-160A-466F-A46C-7801FE6295A7 Old ItemGUID= New ItemGUID=FDC7F57E-3358-478A-B77F-3EA4E844E4A7 Old RevisionGUID= New RevisionGUID=8970DECE-9BAA-4C2A-8F31-D7D135B7D733
Change Managed Component Library Link : Designator=R18 Old VaultGUID= New VaultGUID=B7D15EC3-160A-466F-A46C-7801FE6295A7 Old ItemGUID= New ItemGUID=FDC7F57E-3358-478A-B77F-3EA4E844E4A7 Old RevisionGUID= New RevisionGUID=8970DECE-9BAA-4C2A-8F31-D7D135B7D733
Change Managed Component Library Link : Designator=R19 Old VaultGUID= New VaultGUID=B7D15EC3-160A-466F-A46C-7801FE6295A7 Old ItemGUID= New ItemGUID=FDC7F57E-3358-478A-B77F-3EA4E844E4A7 Old RevisionGUID= New RevisionGUID=8970DECE-9BAA-4C2A-8F31-D7D135B7D733
Change Managed Component Library Link : Designator=R20 Old VaultGUID= New VaultGUID=B7D15EC3-160A-466F-A46C-7801FE6295A7 Old ItemGUID= New ItemGUID=FDC7F57E-3358-478A-B77F-3EA4E844E4A7 Old RevisionGUID= New RevisionGUID=8970DECE-9BAA-4C2A-8F31-D7D135B7D733
Change Managed Component Library Link : Designator=R21 Old VaultGUID= New VaultGUID=B7D15EC3-160A-466F-A46C-7801FE6295A7 Old ItemGUID= New ItemGUID=FDC7F57E-3358-478A-B77F-3EA4E844E4A7 Old RevisionGUID= New RevisionGUID=8970DECE-9BAA-4C2A-8F31-D7D135B7D733
Change Managed Component Library Link : Designator=R22 Old VaultGUID= New VaultGUID=B7D15EC3-160A-466F-A46C-7801FE6295A7 Old ItemGUID= New ItemGUID=FDC7F57E-3358-478A-B77F-3EA4E844E4A7 Old RevisionGUID= New RevisionGUID=8970DECE-9BAA-4C2A-8F31-D7D135B7D733
Change Managed Component Library Link : Designator=R23 Old VaultGUID= New VaultGUID=B7D15EC3-160A-466F-A46C-7801FE6295A7 Old ItemGUID= New ItemGUID=FDC7F57E-3358-478A-B77F-3EA4E844E4A7 Old RevisionGUID= New RevisionGUID=8970DECE-9BAA-4C2A-8F31-D7D135B7D733
Change Managed Component Library Link : Designator=R24 Old VaultGUID= New VaultGUID=B7D15EC3-160A-466F-A46C-7801FE6295A7 Old ItemGUID= New ItemGUID=FDC7F57E-3358-478A-B77F-3EA4E844E4A7 Old RevisionGUID= New RevisionGUID=8970DECE-9BAA-4C2A-8F31-D7D135B7D733
Change Managed Component Library Link : Designator=R25 Old VaultGUID= New VaultGUID=B7D15EC3-160A-466F-A46C-7801FE6295A7 Old ItemGUID= New ItemGUID=FDC7F57E-3358-478A-B77F-3EA4E844E4A7 Old RevisionGUID= New RevisionGUID=8970DECE-9BAA-4C2A-8F31-D7D135B7D733
Change Managed Component Library Link : Designator=R26 Old VaultGUID= New VaultGUID=B7D15EC3-160A-466F-A46C-7801FE6295A7 Old ItemGUID= New ItemGUID=FDC7F57E-3358-478A-B77F-3EA4E844E4A7 Old RevisionGUID= New RevisionGUID=8970DECE-9BAA-4C2A-8F31-D7D135B7D733
Change Managed Component Library Link : Designator=R27 Old VaultGUID= New VaultGUID=B7D15EC3-160A-466F-A46C-7801FE6295A7 Old ItemGUID= New ItemGUID=FDC7F57E-3358-478A-B77F-3EA4E844E4A7 Old RevisionGUID= New RevisionGUID=8970DECE-9BAA-4C2A-8F31-D7D135B7D733
Change Managed Component Library Link : Designator=R28 Old VaultGUID= New VaultGUID=B7D15EC3-160A-466F-A46C-7801FE6295A7 Old ItemGUID= New ItemGUID=FDC7F57E-3358-478A-B77F-3EA4E844E4A7 Old RevisionGUID= New RevisionGUID=8970DECE-9BAA-4C2A-8F31-D7D135B7D733
Change Managed Component Library Link : Designator=R29 Old VaultGUID= New VaultGUID=B7D15EC3-160A-466F-A46C-7801FE6295A7 Old ItemGUID= New ItemGUID=FDC7F57E-3358-478A-B77F-3EA4E844E4A7 Old RevisionGUID= New RevisionGUID=8970DECE-9BAA-4C2A-8F31-D7D135B7D733
Change Managed Component Library Link : Designator=R30 Old VaultGUID= New VaultGUID=B7D15EC3-160A-466F-A46C-7801FE6295A7 Old ItemGUID= New ItemGUID=FDC7F57E-3358-478A-B77F-3EA4E844E4A7 Old RevisionGUID= New RevisionGUID=8970DECE-9BAA-4C2A-8F31-D7D135B7D733
Change Managed Component Library Link : Designator=R31 Old VaultGUID= New VaultGUID=B7D15EC3-160A-466F-A46C-7801FE6295A7 Old ItemGUID= New ItemGUID=FDC7F57E-3358-478A-B77F-3EA4E844E4A7 Old RevisionGUID= New RevisionGUID=8970DECE-9BAA-4C2A-8F31-D7D135B7D733
Change Managed Component Library Link : Designator=R32 Old VaultGUID= New VaultGUID=B7D15EC3-160A-466F-A46C-7801FE6295A7 Old ItemGUID= New ItemGUID=FDC7F57E-3358-478A-B77F-3EA4E844E4A7 Old RevisionGUID= New RevisionGUID=8970DECE-9BAA-4C2A-8F31-D7D135B7D733
Change Managed Component Library Link : Designator=R33 Old VaultGUID= New VaultGUID=B7D15EC3-160A-466F-A46C-7801FE6295A7 Old ItemGUID= New ItemGUID=FDC7F57E-3358-478A-B77F-3EA4E844E4A7 Old RevisionGUID= New RevisionGUID=8970DECE-9BAA-4C2A-8F31-D7D135B7D733
Change Managed Component Library Link : Designator=R34 Old VaultGUID= New VaultGUID=B7D15EC3-160A-466F-A46C-7801FE6295A7 Old ItemGUID= New ItemGUID=FDC7F57E-3358-478A-B77F-3EA4E844E4A7 Old RevisionGUID= New RevisionGUID=8970DECE-9BAA-4C2A-8F31-D7D135B7D733
Change Managed Component Library Link : Designator=R35 Old VaultGUID= New VaultGUID=B7D15EC3-160A-466F-A46C-7801FE6295A7 Old ItemGUID= New ItemGUID=FDC7F57E-3358-478A-B77F-3EA4E844E4A7 Old RevisionGUID= New RevisionGUID=8970DECE-9BAA-4C2A-8F31-D7D135B7D733
Change Managed Component Library Link : Designator=R36 Old VaultGUID= New VaultGUID=B7D15EC3-160A-466F-A46C-7801FE6295A7 Old ItemGUID= New ItemGUID=FDC7F57E-3358-478A-B77F-3EA4E844E4A7 Old RevisionGUID= New RevisionGUID=8970DECE-9BAA-4C2A-8F31-D7D135B7D733
Change Managed Component Library Link : Designator=R37 Old VaultGUID= New VaultGUID=B7D15EC3-160A-466F-A46C-7801FE6295A7 Old ItemGUID= New ItemGUID=FDC7F57E-3358-478A-B77F-3EA4E844E4A7 Old RevisionGUID= New RevisionGUID=8970DECE-9BAA-4C2A-8F31-D7D135B7D733
Change Managed Component Library Link : Designator=R38 Old VaultGUID= New VaultGUID=B7D15EC3-160A-466F-A46C-7801FE6295A7 Old ItemGUID= New ItemGUID=FDC7F57E-3358-478A-B77F-3EA4E844E4A7 Old RevisionGUID= New RevisionGUID=8970DECE-9BAA-4C2A-8F31-D7D135B7D733
Change Managed Component Library Link : Designator=R39 Old VaultGUID= New VaultGUID=B7D15EC3-160A-466F-A46C-7801FE6295A7 Old ItemGUID= New ItemGUID=FDC7F57E-3358-478A-B77F-3EA4E844E4A7 Old RevisionGUID= New RevisionGUID=8970DECE-9BAA-4C2A-8F31-D7D135B7D733
Change Managed Component Library Link : Designator=R40 Old VaultGUID= New VaultGUID=B7D15EC3-160A-466F-A46C-7801FE6295A7 Old ItemGUID= New ItemGUID=FDC7F57E-3358-478A-B77F-3EA4E844E4A7 Old RevisionGUID= New RevisionGUID=8970DECE-9BAA-4C2A-8F31-D7D135B7D733
Change Managed Component Library Link : Designator=R41 Old VaultGUID= New VaultGUID=B7D15EC3-160A-466F-A46C-7801FE6295A7 Old ItemGUID= New ItemGUID=FDC7F57E-3358-478A-B77F-3EA4E844E4A7 Old RevisionGUID= New RevisionGUID=8970DECE-9BAA-4C2A-8F31-D7D135B7D733
Change Managed Component Library Link : Designator=R42 Old VaultGUID= New VaultGUID=B7D15EC3-160A-466F-A46C-7801FE6295A7 Old ItemGUID= New ItemGUID=FDC7F57E-3358-478A-B77F-3EA4E844E4A7 Old RevisionGUID= New RevisionGUID=8970DECE-9BAA-4C2A-8F31-D7D135B7D733
Change Managed Component Library Link : Designator=R47 Old VaultGUID= New VaultGUID=B7D15EC3-160A-466F-A46C-7801FE6295A7 Old ItemGUID= New ItemGUID=FDC7F57E-3358-478A-B77F-3EA4E844E4A7 Old RevisionGUID= New RevisionGUID=8970DECE-9BAA-4C2A-8F31-D7D135B7D733
Change Managed Component Library Link : Designator=R48 Old VaultGUID= New VaultGUID=B7D15EC3-160A-466F-A46C-7801FE6295A7 Old ItemGUID= New ItemGUID=FDC7F57E-3358-478A-B77F-3EA4E844E4A7 Old RevisionGUID= New RevisionGUID=8970DECE-9BAA-4C2A-8F31-D7D135B7D733
Change Managed Component Library Link : Designator=R49 Old VaultGUID= New VaultGUID=B7D15EC3-160A-466F-A46C-7801FE6295A7 Old ItemGUID= New ItemGUID=FDC7F57E-3358-478A-B77F-3EA4E844E4A7 Old RevisionGUID= New RevisionGUID=8970DECE-9BAA-4C2A-8F31-D7D135B7D733
Change Managed Component Library Link : Designator=U2 Old VaultGUID= New VaultGUID=B7D15EC3-160A-466F-A46C-7801FE6295A7 Old ItemGUID= New ItemGUID=CD0DEDDD-93FF-432E-A0CD-5160CCCD6F3C Old RevisionGUID= New RevisionGUID=8092EBDF-4DA5-46E7-94B3-360EDFE79975
Change Managed Component Library Link : Designator=U3 Old VaultGUID= New VaultGUID=B7D15EC3-160A-466F-A46C-7801FE6295A7 Old ItemGUID= New ItemGUID=CD0DEDDD-93FF-432E-A0CD-5160CCCD6F3C Old RevisionGUID= New RevisionGUID=8092EBDF-4DA5-46E7-94B3-360EDFE79975
Change Managed Component Library Link : Designator=U4 Old VaultGUID= New VaultGUID=B7D15EC3-160A-466F-A46C-7801FE6295A7 Old ItemGUID= New ItemGUID=BB887B1F-E735-49F5-9073-A38D3F61DBE4 Old RevisionGUID= New RevisionGUID=E1EE574E-6CC7-48A7-B7DB-86AC67129B22
Change Managed Component Library Link : Designator=U7 Old VaultGUID= New VaultGUID=B7D15EC3-160A-466F-A46C-7801FE6295A7 Old ItemGUID= New ItemGUID=4FF3EB66-7D42-4AB7-8123-44F2D1840A29 Old RevisionGUID= New RevisionGUID=256C2982-ACA9-4BBB-B08B-955AEDBC2004
Change Managed Component Library Link : Designator=U8 Old VaultGUID= New VaultGUID=B7D15EC3-160A-466F-A46C-7801FE6295A7 Old ItemGUID= New ItemGUID=BB887B1F-E735-49F5-9073-A38D3F61DBE4 Old RevisionGUID= New RevisionGUID=E1EE574E-6CC7-48A7-B7DB-86AC67129B22
Change component parameters: Designator = "C1" ("C1"); Footprint = "*TE_6-146257-3"; UniqueID = "\YWOLFGAC" ("\YWOLFGAC")
Change component parameters (AddParameter): Name = "Built_By"; Value = "EMA_UL_Team"; VariantName = "[No Variations]"
Change component parameters (AddParameter): Name = "C"; Value = "Copyright (C) 2015 Accelerated Designs. All rights reserved"; VariantName = "[No Variations]"
Change component parameters (AddParameter): Name = "Manufacturer_Part_Number"; Value = "6-534998-3"; VariantName = "[No Variations]"
Change component parameters (AddParameter): Name = "Supplier 1"; Value = "Digi-Key"; VariantName = "[No Variations]"
Change component parameters (AddParameter): Name = "Supplier Part Number 1"; Value = "S7118-ND"; VariantName = "[No Variations]"
Change component parameters (AddParameter): Name = "Value"; Value = "6-534998-3"; VariantName = "[No Variations]"
Change component parameters (AddParameter): Name = "Vendor"; Value = "TE Connectivity"; VariantName = "[No Variations]"
Change component parameters: Designator = "C2" ("C2"); Footprint = "*TE_6-146257-3"; UniqueID = "\RYSQXWAQ" ("\RYSQXWAQ")
Change component parameters (AddParameter): Name = "Built_By"; Value = "EMA_UL_Team"; VariantName = "[No Variations]"
Change component parameters (AddParameter): Name = "C"; Value = "Copyright (C) 2015 Accelerated Designs. All rights reserved"; VariantName = "[No Variations]"
Change component parameters (AddParameter): Name = "Manufacturer_Part_Number"; Value = "6-534998-3"; VariantName = "[No Variations]"
Change component parameters (AddParameter): Name = "Supplier 1"; Value = "Digi-Key"; VariantName = "[No Variations]"
Change component parameters (AddParameter): Name = "Supplier Part Number 1"; Value = "S7118-ND"; VariantName = "[No Variations]"
Change component parameters (AddParameter): Name = "Value"; Value = "6-534998-3"; VariantName = "[No Variations]"
Change component parameters (AddParameter): Name = "Vendor"; Value = "TE Connectivity"; VariantName = "[No Variations]"
Change component parameters: Designator = "Q1" ("Q1"); Footprint = "P-CH Mosfet SMD"; UniqueID = "\TGPYPXQX\BHLAVVYQ" ("\TGPYPXQX\BHLAVVYQ")
Change component parameters (AddParameter): Name = "LatestRevisionDate"; Value = "17-Jul-2002"; VariantName = "[No Variations]"
Change component parameters (AddParameter): Name = "LatestRevisionNote"; Value = "Re-released for DXP Platform."; VariantName = "[No Variations]"
Change component parameters (AddParameter): Name = "PackageDescription"; Value = "TO, Flat Index; 3 In-Line, Axial Leads; Body Dia. 4.6mm; Lead Dia. 0.5 mm (max)"; VariantName = "[No Variations]"
Change component parameters (AddParameter): Name = "PackageReference"; Value = "E3"; VariantName = "[No Variations]"
Change component parameters (AddParameter): Name = "PackageVersion"; Value = "1995/1996"; VariantName = "[No Variations]"
Change component parameters (AddParameter): Name = "Published"; Value = "8-Jun-2000"; VariantName = "[No Variations]"
Change component parameters (AddParameter): Name = "Publisher"; Value = "Altium Limited"; VariantName = "[No Variations]"
Change component parameters (AddParameter): Name = "Supplier 1"; Value = "Digi-Key"; VariantName = "[No Variations]"
Change component parameters (AddParameter): Name = "Supplier Part Number 1"; Value = "ATP103-TL-HOSCT-ND"; VariantName = "[No Variations]"
Change component parameters: Designator = "Q2" ("Q2"); Footprint = "P-CH Mosfet SMD"; UniqueID = "\TGPYPXQX\XCVIJASQ" ("\TGPYPXQX\XCVIJASQ")
Change component parameters (AddParameter): Name = "LatestRevisionDate"; Value = "17-Jul-2002"; VariantName = "[No Variations]"
Change component parameters (AddParameter): Name = "LatestRevisionNote"; Value = "Re-released for DXP Platform."; VariantName = "[No Variations]"
Change component parameters (AddParameter): Name = "PackageDescription"; Value = "TO, Flat Index; 3 In-Line, Axial Leads; Body Dia. 4.6mm; Lead Dia. 0.5 mm (max)"; VariantName = "[No Variations]"
Change component parameters (AddParameter): Name = "PackageReference"; Value = "E3"; VariantName = "[No Variations]"
Change component parameters (AddParameter): Name = "PackageVersion"; Value = "1995/1996"; VariantName = "[No Variations]"
Change component parameters (AddParameter): Name = "Published"; Value = "8-Jun-2000"; VariantName = "[No Variations]"
Change component parameters (AddParameter): Name = "Publisher"; Value = "Altium Limited"; VariantName = "[No Variations]"
Change component parameters (AddParameter): Name = "Supplier 1"; Value = "Digi-Key"; VariantName = "[No Variations]"
Change component parameters (AddParameter): Name = "Supplier Part Number 1"; Value = "ATP103-TL-HOSCT-ND"; VariantName = "[No Variations]"
Change component parameters: Designator = "Q3" ("Q3"); Footprint = "P-CH Mosfet SMD"; UniqueID = "\TGPYPXQX\HGHMRMNR" ("\TGPYPXQX\HGHMRMNR")
Change component parameters (AddParameter): Name = "LatestRevisionDate"; Value = "17-Jul-2002"; VariantName = "[No Variations]"
Change component parameters (AddParameter): Name = "LatestRevisionNote"; Value = "Re-released for DXP Platform."; VariantName = "[No Variations]"
Change component parameters (AddParameter): Name = "PackageDescription"; Value = "TO, Flat Index; 3 In-Line, Axial Leads; Body Dia. 4.6mm; Lead Dia. 0.5 mm (max)"; VariantName = "[No Variations]"
Change component parameters (AddParameter): Name = "PackageReference"; Value = "E3"; VariantName = "[No Variations]"
Change component parameters (AddParameter): Name = "PackageVersion"; Value = "1995/1996"; VariantName = "[No Variations]"
Change component parameters (AddParameter): Name = "Published"; Value = "8-Jun-2000"; VariantName = "[No Variations]"
Change component parameters (AddParameter): Name = "Publisher"; Value = "Altium Limited"; VariantName = "[No Variations]"
Change component parameters (AddParameter): Name = "Supplier 1"; Value = "Digi-Key"; VariantName = "[No Variations]"
Change component parameters (AddParameter): Name = "Supplier Part Number 1"; Value = "ATP103-TL-HOSCT-ND"; VariantName = "[No Variations]"
Change component parameters: Designator = "Q4" ("Q4"); Footprint = "P-CH Mosfet SMD"; UniqueID = "\TGPYPXQX\EYOQIBPC" ("\TGPYPXQX\EYOQIBPC")
Change component parameters (AddParameter): Name = "LatestRevisionDate"; Value = "17-Jul-2002"; VariantName = "[No Variations]"
Change component parameters (AddParameter): Name = "LatestRevisionNote"; Value = "Re-released for DXP Platform."; VariantName = "[No Variations]"
Change component parameters (AddParameter): Name = "PackageDescription"; Value = "TO, Flat Index; 3 In-Line, Axial Leads; Body Dia. 4.6mm; Lead Dia. 0.5 mm (max)"; VariantName = "[No Variations]"
Change component parameters (AddParameter): Name = "PackageReference"; Value = "E3"; VariantName = "[No Variations]"
Change component parameters (AddParameter): Name = "PackageVersion"; Value = "1995/1996"; VariantName = "[No Variations]"
Change component parameters (AddParameter): Name = "Published"; Value = "8-Jun-2000"; VariantName = "[No Variations]"
Change component parameters (AddParameter): Name = "Publisher"; Value = "Altium Limited"; VariantName = "[No Variations]"
Change component parameters (AddParameter): Name = "Supplier 1"; Value = "Digi-Key"; VariantName = "[No Variations]"
Change component parameters (AddParameter): Name = "Supplier Part Number 1"; Value = "ATP103-TL-HOSCT-ND"; VariantName = "[No Variations]"
Change component parameters: Designator = "Q9" ("Q9"); Footprint = "N-Channel Mosfet"; UniqueID = "\JQIKCBIB\GGTYBXOY" ("\JQIKCBIB\GGTYBXOY")
Change component parameters (AddParameter): Name = "Channel Polarity"; Value = "N Channel"; VariantName = "[No Variations]"
Change component parameters (AddParameter): Name = "Ciss Typ (pF)"; Value = "4300"; VariantName = "[No Variations]"
Change component parameters (AddParameter): Name = "Configuration"; Value = "Single"; VariantName = "[No Variations]"
Change component parameters (AddParameter): Name = "Coss Typ (pF)"; Value = "1075"; VariantName = "[No Variations]"
Change component parameters (AddParameter): Name = "Crss Typ (pF)"; Value = "450"; VariantName = "[No Variations]"
Change component parameters (AddParameter): Name = "DatasheetVersion"; Value = "Rev. 7"; VariantName = "[No Variations]"
Change component parameters (AddParameter): Name = "ID Max (A)"; Value = "167"; VariantName = "[No Variations]"
Change component parameters (AddParameter): Name = "Mounting Technology"; Value = "Through Hole"; VariantName = "[No Variations]"
Change component parameters (AddParameter): Name = "Package Type"; Value = "TO-220-3"; VariantName = "[No Variations]"
Change component parameters (AddParameter): Name = "PackageDescription"; Value = "3-Pin Flange Mount, Vertical Straight Lead, Body 9.97 x 4.445 mm, Pitch 2.54 mm"; VariantName = "[No Variations]"
Change component parameters (AddParameter): Name = "PackageReference"; Value = "TO-220-3-221A-09"; VariantName = "[No Variations]"
Change component parameters (AddParameter): Name = "PackageVersion"; Value = "Rev. AG, 09/2011"; VariantName = "[No Variations]"
Change component parameters (AddParameter): Name = "Packing"; Value = "Tube"; VariantName = "[No Variations]"
Change component parameters (AddParameter): Name = "Qrr Typ (nC)"; Value = "140"; VariantName = "[No Variations]"
Change component parameters (AddParameter): Name = "RoHS"; Value = "Pb-Free"; VariantName = "[No Variations]"
Change component parameters (AddParameter): Name = "Supplier 1"; Value = "Digi-Key"; VariantName = "[No Variations]"
Change component parameters (AddParameter): Name = "Supplier Part Number 1"; Value = "296-39996-1-ND"; VariantName = "[No Variations]"
Change component parameters: Designator = "Q10" ("Q10"); Footprint = "N-Channel Mosfet"; UniqueID = "\JQIKCBIB\UYXVJETM" ("\JQIKCBIB\UYXVJETM")
Change component parameters (AddParameter): Name = "Channel Polarity"; Value = "N Channel"; VariantName = "[No Variations]"
Change component parameters (AddParameter): Name = "Ciss Typ (pF)"; Value = "4300"; VariantName = "[No Variations]"
Change component parameters (AddParameter): Name = "Configuration"; Value = "Single"; VariantName = "[No Variations]"
Change component parameters (AddParameter): Name = "Coss Typ (pF)"; Value = "1075"; VariantName = "[No Variations]"
Change component parameters (AddParameter): Name = "Crss Typ (pF)"; Value = "450"; VariantName = "[No Variations]"
Change component parameters (AddParameter): Name = "DatasheetVersion"; Value = "Rev. 7"; VariantName = "[No Variations]"
Change component parameters (AddParameter): Name = "ID Max (A)"; Value = "167"; VariantName = "[No Variations]"
Change component parameters (AddParameter): Name = "Mounting Technology"; Value = "Through Hole"; VariantName = "[No Variations]"
Change component parameters (AddParameter): Name = "Package Type"; Value = "TO-220-3"; VariantName = "[No Variations]"
Change component parameters (AddParameter): Name = "PackageDescription"; Value = "3-Pin Flange Mount, Vertical Straight Lead, Body 9.97 x 4.445 mm, Pitch 2.54 mm"; VariantName = "[No Variations]"
Change component parameters (AddParameter): Name = "PackageReference"; Value = "TO-220-3-221A-09"; VariantName = "[No Variations]"
Change component parameters (AddParameter): Name = "PackageVersion"; Value = "Rev. AG, 09/2011"; VariantName = "[No Variations]"
Change component parameters (AddParameter): Name = "Packing"; Value = "Tube"; VariantName = "[No Variations]"
Change component parameters (AddParameter): Name = "Qrr Typ (nC)"; Value = "140"; VariantName = "[No Variations]"
Change component parameters (AddParameter): Name = "RoHS"; Value = "Pb-Free"; VariantName = "[No Variations]"
Change component parameters (AddParameter): Name = "Supplier 1"; Value = "Digi-Key"; VariantName = "[No Variations]"
Change component parameters (AddParameter): Name = "Supplier Part Number 1"; Value = "296-39996-1-ND"; VariantName = "[No Variations]"
Added Pin To Net: NetName=BSPD_OK Pin=CN1-20
Added Pin To Net: NetName=BSPD_OK Pin=CON1-B13
Added Net: Name=BSPD_OK
Added Pin To Net: NetName=IMD__OK Pin=CN1-38
Added Pin To Net: NetName=IMD__OK Pin=CON1-B3
Added Net: Name=IMD__OK
Added Pin To Net: NetName=SERIAL_Rx Pin=CN1-37
Added Net: Name=SERIAL_Rx
Added Pin To Net: NetName=SERIAL_Tx Pin=CN1-36
Added Net: Name=SERIAL_Tx
Added Pin To Net: NetName=SWO Pin=CN1-16
Added Net: Name=SWO
Added Pin To Net: NetName=WH_SP_L_IN Pin=CN2-32
Added Net: Name=WH_SP_L_IN
Added Pin To Net: NetName=WH_SP_R_IN Pin=CN2-35
Added Net: Name=WH_SP_R_IN
Added Member To Class: ClassName=1  - Connectors Member=Component CON1 6-534998-3
Added Member To Class: ClassName=1  - Connectors Member=Component CON2 6-534998-3
