Removed Pin From Net: NetName=VS Pin=F10-1
Removed Pin From Net: NetName=VS Pin=F10-1
Removed Pin From Net: NetName=ACU_PWR Pin=F10-2
Removed Pin From Net: NetName=ACU_PWR Pin=F10-2
Added Component: Designator=F10(KSTN-3568_V)
Add component (AddParameter): Name = "Datasheet URL"; Value = "https://datasheet.ciiva.com/16294/m60-2p40-16294706.pdf"; VariantName = "[No Variations]"
Add component (AddParameter): Name = "Datasheet Version"; Value = "04/2013"; VariantName = "[No Variations]"
Add component (AddParameter): Name = "Manufacturer"; Value = "Keystone"; VariantName = "[No Variations]"
Add component (AddParameter): Name = "Manufacturer URL"; Value = "http://www.keyelco.com/"; VariantName = "[No Variations]"
Add component (AddParameter): Name = "Mounting Technology"; Value = "ThroughHole"; VariantName = "[No Variations]"
Add component (AddParameter): Name = "Package Description"; Value = "4-Pin Through Hole Device, Body 16 x 6.73 mm, Pitch 9.9 mm"; VariantName = "[No Variations]"
Add component (AddParameter): Name = "Package Reference"; Value = "3568"; VariantName = "[No Variations]"
Added Pin To Net: NetName=VS Pin=F10-1
Added Pin To Net: NetName=VS Pin=F10-2
Added Pin To Net: NetName=ACU_PWR Pin=F10-3
Added Pin To Net: NetName=ACU_PWR Pin=F10-4
Add Class: Class already exists: Designator
Add Class: Class already exists: Designator
Add Class: Class already exists: Designator
Add Class: Class already exists: Designator
Add Class Member: Failed to add class member : Component Jumper1 Jumper
