Removed Pin From Net: NetName=GND Pin=D24-1
Removed Pin From Net: NetName=GND Pin=R19-1
Removed Pin From Net: NetName=GND Pin=R20-2
Removed Pin From Net: NetName=GND Pin=R24-2
Removed Pin From Net: NetName=GND Pin=R35-2
Removed Member From Class: ClassName=Designator Member=D6
Removed Member From Class: ClassName=Designator Member=D11
Removed Member From Class: ClassName=Designator Member=F2
Removed Member From Class: ClassName=Designator Member=F6
Removed Member From Class: ClassName=Designator Member=R20
Removed Member From Class: ClassName=Designator Member=R24
Added Pin To Net: NetName=GND Pin=CON1-A3
Added Pin To Net: NetName=GND Pin=CON1-A4
Added Pin To Net: NetName=GND Pin=CON2-A6
Added Pin To Net: NetName=GND Pin=CON2-B9
Add Class: Class already exists: Designator
Add Class: Class already exists: Designator
Add Class: Class already exists: Designator
Add Class: Class already exists: Designator
Add Class Member: Failed to add class member : Component Jumper1 Jumper
