Removed Pin From Net: NetName=ACC_FAN_FUSE Pin=F2-1
Removed Pin From Net: NetName=ACC_FAN_FUSE Pin=F2-1
Removed Pin From Net: NetName=ACC_FAN_PWR Pin=F2-2
Removed Pin From Net: NetName=ACC_FAN_PWR Pin=F2-2
Removed Pin From Net: NetName=FANS_FUSE Pin=F3-1
Removed Pin From Net: NetName=FANS_FUSE Pin=F3-1
Removed Pin From Net: NetName=FANS_PWR Pin=F3-2
Removed Pin From Net: NetName=FANS_PWR Pin=F3-2
Removed Pin From Net: NetName=PUMP_FUSE Pin=F4-1
Removed Pin From Net: NetName=PUMP_FUSE Pin=F4-1
Removed Pin From Net: NetName=PUMP_PWR Pin=F4-2
Removed Pin From Net: NetName=PUMP_PWR Pin=F4-2
Removed Pin From Net: NetName=MC_PWR_FUSE Pin=F5-1
Removed Pin From Net: NetName=MC_PWR_FUSE Pin=F5-1
Removed Pin From Net: NetName=MC_PWR Pin=F5-2
Removed Pin From Net: NetName=MC_PWR Pin=F5-2
Removed Pin From Net: NetName=MC_EN_FUSE Pin=F6-1
Removed Pin From Net: NetName=MC_EN_FUSE Pin=F6-1
Removed Pin From Net: NetName=MC_EN Pin=F6-2
Removed Pin From Net: NetName=MC_EN Pin=F6-2
Removed Pin From Net: NetName=BUZR_FUSE Pin=F7-1
Removed Pin From Net: NetName=BUZR_FUSE Pin=F7-1
Removed Pin From Net: NetName=BUZR_PWR Pin=F7-2
Removed Pin From Net: NetName=BUZR_PWR Pin=F7-2
Removed Pin From Net: NetName=5V Pin=F8-1
Removed Pin From Net: NetName=5V Pin=F8-1
Removed Pin From Net: NetName=SENS_PWR Pin=F8-2
Removed Pin From Net: NetName=SENS_PWR Pin=F8-2
Removed Pin From Net: NetName=VS Pin=F9-1
Removed Pin From Net: NetName=VS Pin=F9-1
Removed Pin From Net: NetName=IMD_PWR Pin=F9-2
Removed Pin From Net: NetName=IMD_PWR Pin=F9-2
Removed Pin From Net: NetName=VS Pin=F11-1
Removed Pin From Net: NetName=VS Pin=F11-1
Removed Pin From Net: NetName=BRAKE_PWR Pin=F11-2
Removed Pin From Net: NetName=BRAKE_PWR Pin=F11-2
Removed Pin From Net: NetName=VS Pin=F12-1
Removed Pin From Net: NetName=VS Pin=F12-1
Removed Pin From Net: NetName=TSAL_PWR Pin=F12-2
Removed Pin From Net: NetName=TSAL_PWR Pin=F12-2
Removed Pin From Net: NetName=VS Pin=F13-1
Removed Pin From Net: NetName=VS Pin=F13-1
Removed Pin From Net: NetName=VCU_PWR Pin=F13-2
Removed Pin From Net: NetName=VCU_PWR Pin=F13-2
Removed Pin From Net: NetName=VS Pin=F14-1
Removed Pin From Net: NetName=VS Pin=F14-1
Removed Pin From Net: NetName=HVB_PWR Pin=F14-2
Removed Pin From Net: NetName=HVB_PWR Pin=F14-2
Removed Pin From Net: NetName=VS Pin=F15-1
Removed Pin From Net: NetName=VS Pin=F15-1
Removed Pin From Net: NetName=AMS_PWR Pin=F15-2
Removed Pin From Net: NetName=AMS_PWR Pin=F15-2
Removed Pin From Net: NetName=VS Pin=F16-1
Removed Pin From Net: NetName=VS Pin=F16-1
Removed Pin From Net: NetName=EMETER_PWR Pin=F16-2
Removed Pin From Net: NetName=EMETER_PWR Pin=F16-2
Removed Pin From Net: NetName=VS Pin=F17-1
Removed Pin From Net: NetName=VS Pin=F17-1
Removed Pin From Net: NetName=BSPD_TEST_PWR Pin=F17-2
Removed Pin From Net: NetName=BSPD_TEST_PWR Pin=F17-2
Added Component: Designator=F2(KSTN-3568_V)
Add component (AddParameter): Name = "Datasheet URL"; Value = "https://datasheet.ciiva.com/16294/m60-2p40-16294706.pdf"; VariantName = "[No Variations]"
Add component (AddParameter): Name = "Datasheet Version"; Value = "04/2013"; VariantName = "[No Variations]"
Add component (AddParameter): Name = "Manufacturer"; Value = "Keystone"; VariantName = "[No Variations]"
Add component (AddParameter): Name = "Manufacturer URL"; Value = "http://www.keyelco.com/"; VariantName = "[No Variations]"
Add component (AddParameter): Name = "Mounting Technology"; Value = "ThroughHole"; VariantName = "[No Variations]"
Add component (AddParameter): Name = "Package Description"; Value = "4-Pin Through Hole Device, Body 16 x 6.73 mm, Pitch 9.9 mm"; VariantName = "[No Variations]"
Add component (AddParameter): Name = "Package Reference"; Value = "3568"; VariantName = "[No Variations]"
Added Component: Designator=F3(KSTN-3568_V)
Add component (AddParameter): Name = "Datasheet URL"; Value = "https://datasheet.ciiva.com/16294/m60-2p40-16294706.pdf"; VariantName = "[No Variations]"
Add component (AddParameter): Name = "Datasheet Version"; Value = "04/2013"; VariantName = "[No Variations]"
Add component (AddParameter): Name = "Manufacturer"; Value = "Keystone"; VariantName = "[No Variations]"
Add component (AddParameter): Name = "Manufacturer URL"; Value = "http://www.keyelco.com/"; VariantName = "[No Variations]"
Add component (AddParameter): Name = "Mounting Technology"; Value = "ThroughHole"; VariantName = "[No Variations]"
Add component (AddParameter): Name = "Package Description"; Value = "4-Pin Through Hole Device, Body 16 x 6.73 mm, Pitch 9.9 mm"; VariantName = "[No Variations]"
Add component (AddParameter): Name = "Package Reference"; Value = "3568"; VariantName = "[No Variations]"
Added Component: Designator=F4(KSTN-3568_V)
Add component (AddParameter): Name = "Datasheet URL"; Value = "https://datasheet.ciiva.com/16294/m60-2p40-16294706.pdf"; VariantName = "[No Variations]"
Add component (AddParameter): Name = "Datasheet Version"; Value = "04/2013"; VariantName = "[No Variations]"
Add component (AddParameter): Name = "Manufacturer"; Value = "Keystone"; VariantName = "[No Variations]"
Add component (AddParameter): Name = "Manufacturer URL"; Value = "http://www.keyelco.com/"; VariantName = "[No Variations]"
Add component (AddParameter): Name = "Mounting Technology"; Value = "ThroughHole"; VariantName = "[No Variations]"
Add component (AddParameter): Name = "Package Description"; Value = "4-Pin Through Hole Device, Body 16 x 6.73 mm, Pitch 9.9 mm"; VariantName = "[No Variations]"
Add component (AddParameter): Name = "Package Reference"; Value = "3568"; VariantName = "[No Variations]"
Added Component: Designator=F5(KSTN-3568_V)
Add component (AddParameter): Name = "Datasheet URL"; Value = "https://datasheet.ciiva.com/16294/m60-2p40-16294706.pdf"; VariantName = "[No Variations]"
Add component (AddParameter): Name = "Datasheet Version"; Value = "04/2013"; VariantName = "[No Variations]"
Add component (AddParameter): Name = "Manufacturer"; Value = "Keystone"; VariantName = "[No Variations]"
Add component (AddParameter): Name = "Manufacturer URL"; Value = "http://www.keyelco.com/"; VariantName = "[No Variations]"
Add component (AddParameter): Name = "Mounting Technology"; Value = "ThroughHole"; VariantName = "[No Variations]"
Add component (AddParameter): Name = "Package Description"; Value = "4-Pin Through Hole Device, Body 16 x 6.73 mm, Pitch 9.9 mm"; VariantName = "[No Variations]"
Add component (AddParameter): Name = "Package Reference"; Value = "3568"; VariantName = "[No Variations]"
Added Component: Designator=F6(KSTN-3568_V)
Add component (AddParameter): Name = "Datasheet URL"; Value = "https://datasheet.ciiva.com/16294/m60-2p40-16294706.pdf"; VariantName = "[No Variations]"
Add component (AddParameter): Name = "Datasheet Version"; Value = "04/2013"; VariantName = "[No Variations]"
Add component (AddParameter): Name = "Manufacturer"; Value = "Keystone"; VariantName = "[No Variations]"
Add component (AddParameter): Name = "Manufacturer URL"; Value = "http://www.keyelco.com/"; VariantName = "[No Variations]"
Add component (AddParameter): Name = "Mounting Technology"; Value = "ThroughHole"; VariantName = "[No Variations]"
Add component (AddParameter): Name = "Package Description"; Value = "4-Pin Through Hole Device, Body 16 x 6.73 mm, Pitch 9.9 mm"; VariantName = "[No Variations]"
Add component (AddParameter): Name = "Package Reference"; Value = "3568"; VariantName = "[No Variations]"
Added Component: Designator=F7(KSTN-3568_V)
Add component (AddParameter): Name = "Datasheet URL"; Value = "https://datasheet.ciiva.com/16294/m60-2p40-16294706.pdf"; VariantName = "[No Variations]"
Add component (AddParameter): Name = "Datasheet Version"; Value = "04/2013"; VariantName = "[No Variations]"
Add component (AddParameter): Name = "Manufacturer"; Value = "Keystone"; VariantName = "[No Variations]"
Add component (AddParameter): Name = "Manufacturer URL"; Value = "http://www.keyelco.com/"; VariantName = "[No Variations]"
Add component (AddParameter): Name = "Mounting Technology"; Value = "ThroughHole"; VariantName = "[No Variations]"
Add component (AddParameter): Name = "Package Description"; Value = "4-Pin Through Hole Device, Body 16 x 6.73 mm, Pitch 9.9 mm"; VariantName = "[No Variations]"
Add component (AddParameter): Name = "Package Reference"; Value = "3568"; VariantName = "[No Variations]"
Added Component: Designator=F8(KSTN-3568_V)
Add component (AddParameter): Name = "Datasheet URL"; Value = "https://datasheet.ciiva.com/16294/m60-2p40-16294706.pdf"; VariantName = "[No Variations]"
Add component (AddParameter): Name = "Datasheet Version"; Value = "04/2013"; VariantName = "[No Variations]"
Add component (AddParameter): Name = "Manufacturer"; Value = "Keystone"; VariantName = "[No Variations]"
Add component (AddParameter): Name = "Manufacturer URL"; Value = "http://www.keyelco.com/"; VariantName = "[No Variations]"
Add component (AddParameter): Name = "Mounting Technology"; Value = "ThroughHole"; VariantName = "[No Variations]"
Add component (AddParameter): Name = "Package Description"; Value = "4-Pin Through Hole Device, Body 16 x 6.73 mm, Pitch 9.9 mm"; VariantName = "[No Variations]"
Add component (AddParameter): Name = "Package Reference"; Value = "3568"; VariantName = "[No Variations]"
Added Component: Designator=F9(KSTN-3568_V)
Add component (AddParameter): Name = "Datasheet URL"; Value = "https://datasheet.ciiva.com/16294/m60-2p40-16294706.pdf"; VariantName = "[No Variations]"
Add component (AddParameter): Name = "Datasheet Version"; Value = "04/2013"; VariantName = "[No Variations]"
Add component (AddParameter): Name = "Manufacturer"; Value = "Keystone"; VariantName = "[No Variations]"
Add component (AddParameter): Name = "Manufacturer URL"; Value = "http://www.keyelco.com/"; VariantName = "[No Variations]"
Add component (AddParameter): Name = "Mounting Technology"; Value = "ThroughHole"; VariantName = "[No Variations]"
Add component (AddParameter): Name = "Package Description"; Value = "4-Pin Through Hole Device, Body 16 x 6.73 mm, Pitch 9.9 mm"; VariantName = "[No Variations]"
Add component (AddParameter): Name = "Package Reference"; Value = "3568"; VariantName = "[No Variations]"
Added Component: Designator=F11(KSTN-3568_V)
Add component (AddParameter): Name = "Datasheet URL"; Value = "https://datasheet.ciiva.com/16294/m60-2p40-16294706.pdf"; VariantName = "[No Variations]"
Add component (AddParameter): Name = "Datasheet Version"; Value = "04/2013"; VariantName = "[No Variations]"
Add component (AddParameter): Name = "Manufacturer"; Value = "Keystone"; VariantName = "[No Variations]"
Add component (AddParameter): Name = "Manufacturer URL"; Value = "http://www.keyelco.com/"; VariantName = "[No Variations]"
Add component (AddParameter): Name = "Mounting Technology"; Value = "ThroughHole"; VariantName = "[No Variations]"
Add component (AddParameter): Name = "Package Description"; Value = "4-Pin Through Hole Device, Body 16 x 6.73 mm, Pitch 9.9 mm"; VariantName = "[No Variations]"
Add component (AddParameter): Name = "Package Reference"; Value = "3568"; VariantName = "[No Variations]"
Added Component: Designator=F12(KSTN-3568_V)
Add component (AddParameter): Name = "Datasheet URL"; Value = "https://datasheet.ciiva.com/16294/m60-2p40-16294706.pdf"; VariantName = "[No Variations]"
Add component (AddParameter): Name = "Datasheet Version"; Value = "04/2013"; VariantName = "[No Variations]"
Add component (AddParameter): Name = "Manufacturer"; Value = "Keystone"; VariantName = "[No Variations]"
Add component (AddParameter): Name = "Manufacturer URL"; Value = "http://www.keyelco.com/"; VariantName = "[No Variations]"
Add component (AddParameter): Name = "Mounting Technology"; Value = "ThroughHole"; VariantName = "[No Variations]"
Add component (AddParameter): Name = "Package Description"; Value = "4-Pin Through Hole Device, Body 16 x 6.73 mm, Pitch 9.9 mm"; VariantName = "[No Variations]"
Add component (AddParameter): Name = "Package Reference"; Value = "3568"; VariantName = "[No Variations]"
Added Component: Designator=F13(KSTN-3568_V)
Add component (AddParameter): Name = "Datasheet URL"; Value = "https://datasheet.ciiva.com/16294/m60-2p40-16294706.pdf"; VariantName = "[No Variations]"
Add component (AddParameter): Name = "Datasheet Version"; Value = "04/2013"; VariantName = "[No Variations]"
Add component (AddParameter): Name = "Manufacturer"; Value = "Keystone"; VariantName = "[No Variations]"
Add component (AddParameter): Name = "Manufacturer URL"; Value = "http://www.keyelco.com/"; VariantName = "[No Variations]"
Add component (AddParameter): Name = "Mounting Technology"; Value = "ThroughHole"; VariantName = "[No Variations]"
Add component (AddParameter): Name = "Package Description"; Value = "4-Pin Through Hole Device, Body 16 x 6.73 mm, Pitch 9.9 mm"; VariantName = "[No Variations]"
Add component (AddParameter): Name = "Package Reference"; Value = "3568"; VariantName = "[No Variations]"
Added Component: Designator=F14(KSTN-3568_V)
Add component (AddParameter): Name = "Datasheet URL"; Value = "https://datasheet.ciiva.com/16294/m60-2p40-16294706.pdf"; VariantName = "[No Variations]"
Add component (AddParameter): Name = "Datasheet Version"; Value = "04/2013"; VariantName = "[No Variations]"
Add component (AddParameter): Name = "Manufacturer"; Value = "Keystone"; VariantName = "[No Variations]"
Add component (AddParameter): Name = "Manufacturer URL"; Value = "http://www.keyelco.com/"; VariantName = "[No Variations]"
Add component (AddParameter): Name = "Mounting Technology"; Value = "ThroughHole"; VariantName = "[No Variations]"
Add component (AddParameter): Name = "Package Description"; Value = "4-Pin Through Hole Device, Body 16 x 6.73 mm, Pitch 9.9 mm"; VariantName = "[No Variations]"
Add component (AddParameter): Name = "Package Reference"; Value = "3568"; VariantName = "[No Variations]"
Added Component: Designator=F15(KSTN-3568_V)
Add component (AddParameter): Name = "Datasheet URL"; Value = "https://datasheet.ciiva.com/16294/m60-2p40-16294706.pdf"; VariantName = "[No Variations]"
Add component (AddParameter): Name = "Datasheet Version"; Value = "04/2013"; VariantName = "[No Variations]"
Add component (AddParameter): Name = "Manufacturer"; Value = "Keystone"; VariantName = "[No Variations]"
Add component (AddParameter): Name = "Manufacturer URL"; Value = "http://www.keyelco.com/"; VariantName = "[No Variations]"
Add component (AddParameter): Name = "Mounting Technology"; Value = "ThroughHole"; VariantName = "[No Variations]"
Add component (AddParameter): Name = "Package Description"; Value = "4-Pin Through Hole Device, Body 16 x 6.73 mm, Pitch 9.9 mm"; VariantName = "[No Variations]"
Add component (AddParameter): Name = "Package Reference"; Value = "3568"; VariantName = "[No Variations]"
Added Component: Designator=F16(KSTN-3568_V)
Add component (AddParameter): Name = "Datasheet URL"; Value = "https://datasheet.ciiva.com/16294/m60-2p40-16294706.pdf"; VariantName = "[No Variations]"
Add component (AddParameter): Name = "Datasheet Version"; Value = "04/2013"; VariantName = "[No Variations]"
Add component (AddParameter): Name = "Manufacturer"; Value = "Keystone"; VariantName = "[No Variations]"
Add component (AddParameter): Name = "Manufacturer URL"; Value = "http://www.keyelco.com/"; VariantName = "[No Variations]"
Add component (AddParameter): Name = "Mounting Technology"; Value = "ThroughHole"; VariantName = "[No Variations]"
Add component (AddParameter): Name = "Package Description"; Value = "4-Pin Through Hole Device, Body 16 x 6.73 mm, Pitch 9.9 mm"; VariantName = "[No Variations]"
Add component (AddParameter): Name = "Package Reference"; Value = "3568"; VariantName = "[No Variations]"
Added Component: Designator=F17(KSTN-3568_V)
Add component (AddParameter): Name = "Datasheet URL"; Value = "https://datasheet.ciiva.com/16294/m60-2p40-16294706.pdf"; VariantName = "[No Variations]"
Add component (AddParameter): Name = "Datasheet Version"; Value = "04/2013"; VariantName = "[No Variations]"
Add component (AddParameter): Name = "Manufacturer"; Value = "Keystone"; VariantName = "[No Variations]"
Add component (AddParameter): Name = "Manufacturer URL"; Value = "http://www.keyelco.com/"; VariantName = "[No Variations]"
Add component (AddParameter): Name = "Mounting Technology"; Value = "ThroughHole"; VariantName = "[No Variations]"
Add component (AddParameter): Name = "Package Description"; Value = "4-Pin Through Hole Device, Body 16 x 6.73 mm, Pitch 9.9 mm"; VariantName = "[No Variations]"
Add component (AddParameter): Name = "Package Reference"; Value = "3568"; VariantName = "[No Variations]"
Added Pin To Net: NetName=ACC_FAN_FUSE Pin=F2-1
Added Pin To Net: NetName=ACC_FAN_FUSE Pin=F2-2
Added Pin To Net: NetName=ACC_FAN_PWR Pin=F2-3
Added Pin To Net: NetName=ACC_FAN_PWR Pin=F2-4
Added Pin To Net: NetName=FANS_FUSE Pin=F3-1
Added Pin To Net: NetName=FANS_FUSE Pin=F3-2
Added Pin To Net: NetName=FANS_PWR Pin=F3-3
Added Pin To Net: NetName=FANS_PWR Pin=F3-4
Added Pin To Net: NetName=PUMP_FUSE Pin=F4-1
Added Pin To Net: NetName=PUMP_FUSE Pin=F4-2
Added Pin To Net: NetName=PUMP_PWR Pin=F4-3
Added Pin To Net: NetName=PUMP_PWR Pin=F4-4
Added Pin To Net: NetName=MC_PWR_FUSE Pin=F5-1
Added Pin To Net: NetName=MC_PWR_FUSE Pin=F5-2
Added Pin To Net: NetName=MC_PWR Pin=F5-3
Added Pin To Net: NetName=MC_PWR Pin=F5-4
Added Pin To Net: NetName=MC_EN_FUSE Pin=F6-1
Added Pin To Net: NetName=MC_EN_FUSE Pin=F6-2
Added Pin To Net: NetName=MC_EN Pin=F6-3
Added Pin To Net: NetName=MC_EN Pin=F6-4
Added Pin To Net: NetName=BUZR_FUSE Pin=F7-1
Added Pin To Net: NetName=BUZR_FUSE Pin=F7-2
Added Pin To Net: NetName=BUZR_PWR Pin=F7-3
Added Pin To Net: NetName=BUZR_PWR Pin=F7-4
Added Pin To Net: NetName=5V Pin=F8-1
Added Pin To Net: NetName=5V Pin=F8-2
Added Pin To Net: NetName=SENS_PWR Pin=F8-3
Added Pin To Net: NetName=SENS_PWR Pin=F8-4
Added Pin To Net: NetName=VS Pin=F9-1
Added Pin To Net: NetName=VS Pin=F9-2
Added Pin To Net: NetName=IMD_PWR Pin=F9-3
Added Pin To Net: NetName=IMD_PWR Pin=F9-4
Added Pin To Net: NetName=VS Pin=F11-1
Added Pin To Net: NetName=VS Pin=F11-2
Added Pin To Net: NetName=BRAKE_PWR Pin=F11-3
Added Pin To Net: NetName=BRAKE_PWR Pin=F11-4
Added Pin To Net: NetName=VS Pin=F12-1
Added Pin To Net: NetName=VS Pin=F12-2
Added Pin To Net: NetName=TSAL_PWR Pin=F12-3
Added Pin To Net: NetName=TSAL_PWR Pin=F12-4
Added Pin To Net: NetName=VS Pin=F13-1
Added Pin To Net: NetName=VS Pin=F13-2
Added Pin To Net: NetName=VCU_PWR Pin=F13-3
Added Pin To Net: NetName=VCU_PWR Pin=F13-4
Added Pin To Net: NetName=VS Pin=F14-1
Added Pin To Net: NetName=VS Pin=F14-2
Added Pin To Net: NetName=HVB_PWR Pin=F14-3
Added Pin To Net: NetName=HVB_PWR Pin=F14-4
Added Pin To Net: NetName=VS Pin=F15-1
Added Pin To Net: NetName=VS Pin=F15-2
Added Pin To Net: NetName=AMS_PWR Pin=F15-3
Added Pin To Net: NetName=AMS_PWR Pin=F15-4
Added Pin To Net: NetName=VS Pin=F16-1
Added Pin To Net: NetName=VS Pin=F16-2
Added Pin To Net: NetName=EMETER_PWR Pin=F16-3
Added Pin To Net: NetName=EMETER_PWR Pin=F16-4
Added Pin To Net: NetName=VS Pin=F17-1
Added Pin To Net: NetName=VS Pin=F17-2
Added Pin To Net: NetName=BSPD_TEST_PWR Pin=F17-3
Added Pin To Net: NetName=BSPD_TEST_PWR Pin=F17-4
Add Class: Class already exists: Designator
Add Class: Class already exists: Designator
Add Class: Class already exists: Designator
Add Class: Class already exists: Designator
Added Member To Class: ClassName=Designator Member=Component F10 36-3568-ND
Add Class Member: Failed to add class member : Component Jumper1 Jumper
