Change Component Footprint: Designator=F1 Old Footprint=FUSE HOLDER - 3568 New Footprint=FUSE 3588 Holder
Added Component: Designator=F2(FUSE 3588 Holder)
Add component (AddParameter): Name = "LatestRevisionDate"; Value = "17-Jul-2002"; VariantName = "[No Variations]"
Add component (AddParameter): Name = "LatestRevisionNote"; Value = "Re-released for DXP Platform."; VariantName = "[No Variations]"
Add component (AddParameter): Name = "PackageDescription"; Value = "Thru-Hole; 2 Leads"; VariantName = "[No Variations]"
Add component (AddParameter): Name = "PackageReference"; Value = "PIN-W2/E2.8"; VariantName = "[No Variations]"
Add component (AddParameter): Name = "Published"; Value = "8-Jun-2000"; VariantName = "[No Variations]"
Add component (AddParameter): Name = "Publisher"; Value = "Altium Limited"; VariantName = "[No Variations]"
Add component (AddParameter): Name = "Supplier 1"; Value = "Digi-Key"; VariantName = "[No Variations]"
Add component (AddParameter): Name = "Supplier Part Number 1"; Value = "36-3588-ND"; VariantName = "[No Variations]"
Added Component: Designator=F3(FUSE 3588 Holder)
Add component (AddParameter): Name = "LatestRevisionDate"; Value = "17-Jul-2002"; VariantName = "[No Variations]"
Add component (AddParameter): Name = "LatestRevisionNote"; Value = "Re-released for DXP Platform."; VariantName = "[No Variations]"
Add component (AddParameter): Name = "PackageDescription"; Value = "Thru-Hole; 2 Leads"; VariantName = "[No Variations]"
Add component (AddParameter): Name = "PackageReference"; Value = "PIN-W2/E2.8"; VariantName = "[No Variations]"
Add component (AddParameter): Name = "Published"; Value = "8-Jun-2000"; VariantName = "[No Variations]"
Add component (AddParameter): Name = "Publisher"; Value = "Altium Limited"; VariantName = "[No Variations]"
Add component (AddParameter): Name = "Supplier 1"; Value = "Digi-Key"; VariantName = "[No Variations]"
Add component (AddParameter): Name = "Supplier Part Number 1"; Value = "36-3588-ND"; VariantName = "[No Variations]"
Added Component: Designator=F4(FUSE 3588 Holder)
Add component (AddParameter): Name = "LatestRevisionDate"; Value = "17-Jul-2002"; VariantName = "[No Variations]"
Add component (AddParameter): Name = "LatestRevisionNote"; Value = "Re-released for DXP Platform."; VariantName = "[No Variations]"
Add component (AddParameter): Name = "PackageDescription"; Value = "Thru-Hole; 2 Leads"; VariantName = "[No Variations]"
Add component (AddParameter): Name = "PackageReference"; Value = "PIN-W2/E2.8"; VariantName = "[No Variations]"
Add component (AddParameter): Name = "Published"; Value = "8-Jun-2000"; VariantName = "[No Variations]"
Add component (AddParameter): Name = "Publisher"; Value = "Altium Limited"; VariantName = "[No Variations]"
Add component (AddParameter): Name = "Supplier 1"; Value = "Digi-Key"; VariantName = "[No Variations]"
Add component (AddParameter): Name = "Supplier Part Number 1"; Value = "36-3588-ND"; VariantName = "[No Variations]"
Added Component: Designator=F5(FUSE 3588 Holder)
Add component (AddParameter): Name = "LatestRevisionDate"; Value = "17-Jul-2002"; VariantName = "[No Variations]"
Add component (AddParameter): Name = "LatestRevisionNote"; Value = "Re-released for DXP Platform."; VariantName = "[No Variations]"
Add component (AddParameter): Name = "PackageDescription"; Value = "Thru-Hole; 2 Leads"; VariantName = "[No Variations]"
Add component (AddParameter): Name = "PackageReference"; Value = "PIN-W2/E2.8"; VariantName = "[No Variations]"
Add component (AddParameter): Name = "Published"; Value = "8-Jun-2000"; VariantName = "[No Variations]"
Add component (AddParameter): Name = "Publisher"; Value = "Altium Limited"; VariantName = "[No Variations]"
Add component (AddParameter): Name = "Supplier 1"; Value = "Digi-Key"; VariantName = "[No Variations]"
Add component (AddParameter): Name = "Supplier Part Number 1"; Value = "36-3588-ND"; VariantName = "[No Variations]"
Added Pin To Net: NetName=12V Pin=F2-1
Added Pin To Net: NetName=12V Pin=F2-1
Added Pin To Net: NetName=IMD_PWR Pin=F2-2
Added Pin To Net: NetName=IMD_PWR Pin=F2-2
Added Pin To Net: NetName=AMS_CHR_PWR_FUSE Pin=F3-1
Added Pin To Net: NetName=AMS_CHR_PWR_FUSE Pin=F3-1
Added Pin To Net: NetName=AMS_CHR_PWR Pin=F3-2
Added Pin To Net: NetName=AMS_CHR_PWR Pin=F3-2
Added Pin To Net: NetName=12V Pin=F4-1
Added Pin To Net: NetName=12V Pin=F4-1
Added Pin To Net: NetName=HVB_PWR Pin=F4-2
Added Pin To Net: NetName=HVB_PWR Pin=F4-2
Added Pin To Net: NetName=12V Pin=F5-1
Added Pin To Net: NetName=12V Pin=F5-1
Added Pin To Net: NetName=AMS_PWR Pin=F5-2
Added Pin To Net: NetName=AMS_PWR Pin=F5-2
Added Member To Class: ClassName=3-Fuses Member=Component F2 2A Fuse
Added Member To Class: ClassName=3-Fuses Member=Component F3 1A Fuse
Added Member To Class: ClassName=3-Fuses Member=Component F4 1A Fuse
Added Member To Class: ClassName=3-Fuses Member=Component F5 1A Fuse
