Removed Pin From Net: NetName=12V_TO_ENBLSW Pin=F1-2
Removed Pin From Net: NetName=12V_TO_ENBLSW Pin=F1-2
Removed Pin From Net: NetName=12V Pin=F2-1
Removed Pin From Net: NetName=12V Pin=F2-1
Removed Pin From Net: NetName=IMD_PWR Pin=F2-2
Removed Pin From Net: NetName=IMD_PWR Pin=F2-2
Removed Pin From Net: NetName=AMS_CHR_PWR_FUSE Pin=F3-1
Removed Pin From Net: NetName=AMS_CHR_PWR_FUSE Pin=F3-1
Removed Pin From Net: NetName=AMS_CHR_PWR Pin=F3-2
Removed Pin From Net: NetName=AMS_CHR_PWR Pin=F3-2
Removed Pin From Net: NetName=12V Pin=F4-1
Removed Pin From Net: NetName=12V Pin=F4-1
Removed Pin From Net: NetName=HVB_PWR Pin=F4-2
Removed Pin From Net: NetName=HVB_PWR Pin=F4-2
Removed Pin From Net: NetName=12V Pin=F5-1
Removed Pin From Net: NetName=12V Pin=F5-1
Removed Pin From Net: NetName=AMS_PWR Pin=F5-2
Removed Pin From Net: NetName=AMS_PWR Pin=F5-2
Removed Member From Class: ClassName=3-Fuses Member=F1
Removed Member From Class: ClassName=3-Fuses Member=F2
Removed Member From Class: ClassName=3-Fuses Member=F3
Removed Member From Class: ClassName=3-Fuses Member=F4
Removed Member From Class: ClassName=3-Fuses Member=F5
Added Component: Designator=XF1(KSTN-3568_V)
Add component (AddParameter): Name = "Datasheet URL"; Value = "https://datasheet.ciiva.com/16294/m60-2p40-16294706.pdf"; VariantName = "[No Variations]"
Add component (AddParameter): Name = "Datasheet Version"; Value = "04/2013"; VariantName = "[No Variations]"
Add component (AddParameter): Name = "Manufacturer"; Value = "Keystone"; VariantName = "[No Variations]"
Add component (AddParameter): Name = "Manufacturer URL"; Value = "http://www.keyelco.com/"; VariantName = "[No Variations]"
Add component (AddParameter): Name = "Mounting Technology"; Value = "ThroughHole"; VariantName = "[No Variations]"
Add component (AddParameter): Name = "Package Description"; Value = "4-Pin Through Hole Device, Body 16 x 6.73 mm, Pitch 9.9 mm"; VariantName = "[No Variations]"
Add component (AddParameter): Name = "Package Reference"; Value = "3568"; VariantName = "[No Variations]"
Added Component: Designator=XF2(KSTN-3568_V)
Add component (AddParameter): Name = "Datasheet URL"; Value = "https://datasheet.ciiva.com/16294/m60-2p40-16294706.pdf"; VariantName = "[No Variations]"
Add component (AddParameter): Name = "Datasheet Version"; Value = "04/2013"; VariantName = "[No Variations]"
Add component (AddParameter): Name = "Manufacturer"; Value = "Keystone"; VariantName = "[No Variations]"
Add component (AddParameter): Name = "Manufacturer URL"; Value = "http://www.keyelco.com/"; VariantName = "[No Variations]"
Add component (AddParameter): Name = "Mounting Technology"; Value = "ThroughHole"; VariantName = "[No Variations]"
Add component (AddParameter): Name = "Package Description"; Value = "4-Pin Through Hole Device, Body 16 x 6.73 mm, Pitch 9.9 mm"; VariantName = "[No Variations]"
Add component (AddParameter): Name = "Package Reference"; Value = "3568"; VariantName = "[No Variations]"
Added Component: Designator=XF3(KSTN-3568_V)
Add component (AddParameter): Name = "Datasheet URL"; Value = "https://datasheet.ciiva.com/16294/m60-2p40-16294706.pdf"; VariantName = "[No Variations]"
Add component (AddParameter): Name = "Datasheet Version"; Value = "04/2013"; VariantName = "[No Variations]"
Add component (AddParameter): Name = "Manufacturer"; Value = "Keystone"; VariantName = "[No Variations]"
Add component (AddParameter): Name = "Manufacturer URL"; Value = "http://www.keyelco.com/"; VariantName = "[No Variations]"
Add component (AddParameter): Name = "Mounting Technology"; Value = "ThroughHole"; VariantName = "[No Variations]"
Add component (AddParameter): Name = "Package Description"; Value = "4-Pin Through Hole Device, Body 16 x 6.73 mm, Pitch 9.9 mm"; VariantName = "[No Variations]"
Add component (AddParameter): Name = "Package Reference"; Value = "3568"; VariantName = "[No Variations]"
Added Component: Designator=XF4(KSTN-3568_V)
Add component (AddParameter): Name = "Datasheet URL"; Value = "https://datasheet.ciiva.com/16294/m60-2p40-16294706.pdf"; VariantName = "[No Variations]"
Add component (AddParameter): Name = "Datasheet Version"; Value = "04/2013"; VariantName = "[No Variations]"
Add component (AddParameter): Name = "Manufacturer"; Value = "Keystone"; VariantName = "[No Variations]"
Add component (AddParameter): Name = "Manufacturer URL"; Value = "http://www.keyelco.com/"; VariantName = "[No Variations]"
Add component (AddParameter): Name = "Mounting Technology"; Value = "ThroughHole"; VariantName = "[No Variations]"
Add component (AddParameter): Name = "Package Description"; Value = "4-Pin Through Hole Device, Body 16 x 6.73 mm, Pitch 9.9 mm"; VariantName = "[No Variations]"
Add component (AddParameter): Name = "Package Reference"; Value = "3568"; VariantName = "[No Variations]"
Added Component: Designator=XF5(KSTN-3568_V)
Add component (AddParameter): Name = "Datasheet URL"; Value = "https://datasheet.ciiva.com/16294/m60-2p40-16294706.pdf"; VariantName = "[No Variations]"
Add component (AddParameter): Name = "Datasheet Version"; Value = "04/2013"; VariantName = "[No Variations]"
Add component (AddParameter): Name = "Manufacturer"; Value = "Keystone"; VariantName = "[No Variations]"
Add component (AddParameter): Name = "Manufacturer URL"; Value = "http://www.keyelco.com/"; VariantName = "[No Variations]"
Add component (AddParameter): Name = "Mounting Technology"; Value = "ThroughHole"; VariantName = "[No Variations]"
Add component (AddParameter): Name = "Package Description"; Value = "4-Pin Through Hole Device, Body 16 x 6.73 mm, Pitch 9.9 mm"; VariantName = "[No Variations]"
Add component (AddParameter): Name = "Package Reference"; Value = "3568"; VariantName = "[No Variations]"
Added Pin To Net: NetName=12V_TO_ENBLSW Pin=XF1-4
Added Pin To Net: NetName=12V Pin=XF2-2
Added Pin To Net: NetName=IMD_PWR Pin=XF2-4
Added Pin To Net: NetName=AMS_CHR_PWR_FUSE Pin=XF3-2
Added Pin To Net: NetName=AMS_CHR_PWR Pin=XF3-4
Added Pin To Net: NetName=12V Pin=XF4-2
Added Pin To Net: NetName=HVB_PWR Pin=XF4-4
Added Pin To Net: NetName=12V Pin=XF5-2
Added Pin To Net: NetName=AMS_PWR Pin=XF5-4
Added Pin To Net: NetName=NetU2_4 Pin=U2-4
Added Pin To Net: NetName=NetU2_4 Pin=XF1-2
Added Net: Name=NetU2_4
Added Member To Class: ClassName=3-Fuses Member=Component XF1 5A Fuse 36-3568-ND
Added Member To Class: ClassName=3-Fuses Member=Component XF2 2A Fuse 36-3568-ND
Added Member To Class: ClassName=3-Fuses Member=Component XF3 1A Fuse 36-3568-ND
Added Member To Class: ClassName=3-Fuses Member=Component XF4 1A Fuse 36-3568-ND
Added Member To Class: ClassName=3-Fuses Member=Component XF5 1A Fuse 36-3568-ND
