Added Pin To Net: NetName=PWR_MON_SCL Pin=U1-47
Added Pin To Net: NetName=PWR_MON_SDA Pin=U1-80
Add Net: Net with name "NRST" already exists
Add Net: Net with name "SWCLK" already exists
Add Net: Net with name "SWDIO" already exists
Add Net: Net with name "SWO" already exists
Add Net: Net with name "UC_NRST" already exists
Add Net: Net with name "UC_SWCLK" already exists
Add Net: Net with name "UC_SWDIO" already exists
Add Net: Net with name "UC_SWO" already exists
Add Class: Class already exists: Designator
Add Class: Class already exists: Designator
Add Class: Class already exists: Designator
Add Class: Class already exists: Designator
Add Class: Class already exists: Designator
Add Class: Class already exists: Designator
Add Class: Class already exists: Designator
Added Room: Name=Designator
Added Room: Name=Designator
Added Room: Name=Designator
Added Room: Name=Designator
Added Room: Name=Designator
Added Room: Name=Designator
