Removed Pin From Net: NetName=UC_SWO Pin=F6-1
Removed Pin From Net: NetName=UC_NRST Pin=F7-1
Removed Pin From Net: NetName=SWDIO Pin=J1-A12
Removed Pin From Net: NetName=SWCLK Pin=J1-A13
Removed Pin From Net: NetName=NRST Pin=J1-B12
Removed Pin From Net: NetName=SWO Pin=J1-B14
Added Pin To Net: NetName=SWDIO Pin=F4-2
Added Pin To Net: NetName=SWCLK Pin=F5-2
Add Net: Net with name "NRST" already exists
Add Net: Net with name "SWCLK" already exists
Add Net: Net with name "SWDIO" already exists
Add Net: Net with name "SWO" already exists
Add Net: Net with name "UC_NRST" already exists
Add Net: Net with name "UC_SWCLK" already exists
Add Net: Net with name "UC_SWDIO" already exists
Add Net: Net with name "UC_SWO" already exists
Add Class: Class already exists: Designator
Add Class: Class already exists: Designator
Add Class: Class already exists: Designator
Add Class: Class already exists: Designator
Add Class: Class already exists: Designator
Add Class: Class already exists: Designator
Add Class: Class already exists: Designator
Added Room: Name=Designator
Added Room: Name=Designator
Added Room: Name=Designator
Added Room: Name=Designator
Added Room: Name=Designator
