Removed Pin From Net: NetName=UC_SWDIO Pin=F4-1
Removed Pin From Net: NetName=SWDIO Pin=F4-2
Removed Pin From Net: NetName=UC_SWCLK Pin=F5-1
Removed Pin From Net: NetName=SWCLK Pin=F5-2
Removed Pin From Net: NetName=UC_SWO Pin=F6-1
Removed Pin From Net: NetName=SWO Pin=F6-2
Removed Pin From Net: NetName=UC_NRST Pin=F7-1
Removed Pin From Net: NetName=NRST Pin=F7-2
Removed Pin From Net: NetName=NRST Pin=J3-1
Removed Pin From Net: NetName=SWO Pin=J3-2
Removed Pin From Net: NetName=SWCLK Pin=J3-3
Removed Pin From Net: NetName=SWDIO Pin=J3-4
Removed Member From Class: ClassName=7  - Microcontroller Member=J3
Add Class: Class already exists: Designator
Add Class: Class already exists: Designator
Add Class: Class already exists: Designator
Add Class: Class already exists: Designator
Add Class: Class already exists: Designator
Add Class: Class already exists: Designator
Added Room: Name=7  - Microcontroller
Added Room: Name=Designator
Added Room: Name=Designator
Added Room: Name=Designator
Added Room: Name=Designator
Added Room: Name=Designator
Added Room: Name=Designator
Added Room: Name=Designator
