Add Net: Net with name "NRST" already exists
Add Net: Net with name "SWCLK" already exists
Add Net: Net with name "SWDIO" already exists
Add Net: Net with name "SWO" already exists
Add Net: Net with name "UC_NRST" already exists
Add Net: Net with name "UC_SWCLK" already exists
Add Net: Net with name "UC_SWDIO" already exists
Add Net: Net with name "UC_SWO" already exists
Add Class: Class already exists: Designator
Add Class: Class already exists: Designator
Add Class: Class already exists: Designator
Add Class: Class already exists: Designator
Add Class: Class already exists: Designator
Add Class: Class already exists: Designator
Add Class: Class already exists: Designator
Change Room Name: Old Name=Designator_11 New Name=Designator
Change Room Name: Old Name=Designator_10 New Name=Designator
Change Room Name: Old Name=Designator_9 New Name=Designator
Added Room: Name=Designator
Added Room: Name=Designator
Added Room: Name=Designator
