Removed Pin From Net: NetName=GND Pin=C17-1
Removed Pin From Net: NetName=GND Pin=D4-1
Removed Pin From Net: NetName=3V3 Pin=D4-2
Removed Pin From Net: NetName=UC_SWDIO Pin=F4-1
Removed Pin From Net: NetName=UC_SWCLK Pin=F5-1
Removed Pin From Net: NetName=UC_SWO Pin=F6-1
Removed Pin From Net: NetName=UC_NRST Pin=F7-1
Removed Pin From Net: NetName=SWO Pin=J1-A12
Removed Pin From Net: NetName=SWCLK Pin=J1-A13
Removed Pin From Net: NetName=NRST Pin=J1-B12
Removed Pin From Net: NetName=SWDIO Pin=J1-B14
Removed Pin From Net: NetName=GND Pin=R11-1
Added Component: Designator=D12(ONSC-SOT-23-3-318-08_V)
Add component (AddParameter): Name = "C Max (pF)"; Value = "0.9"; VariantName = "[No Variations]"
Add component (AddParameter): Name = "ComponentLink1Description"; Value = "Manufacturer URL"; VariantName = "[No Variations]"
Add component (AddParameter): Name = "ComponentLink1URL"; Value = "http://www.onsemi.com/"; VariantName = "[No Variations]"
Add component (AddParameter): Name = "ComponentLink2Description"; Value = "Datasheet"; VariantName = "[No Variations]"
Add component (AddParameter): Name = "ComponentLink2URL"; Value = "http://www.onsemi.cn/pub_link/Collateral/NUP1301ML3T1-D.PDF"; VariantName = "[No Variations]"
Add component (AddParameter): Name = "ComponentLink3Description"; Value = "Package Specification"; VariantName = "[No Variations]"
Add component (AddParameter): Name = "ComponentLink3URL"; Value = "http://www.onsemi.cn/pub_link/Collateral/318-08.PDF"; VariantName = "[No Variations]"
Add component (AddParameter): Name = "DatasheetVersion"; Value = "Rev. 6"; VariantName = "[No Variations]"
Add component (AddParameter): Name = "Direction"; Value = "Bidirectional"; VariantName = "[No Variations]"
Add component (AddParameter): Name = "Manufacturer"; Value = "On Semiconductor"; VariantName = "[No Variations]"
Add component (AddParameter): Name = "Mounting Technology"; Value = "Surface Mount"; VariantName = "[No Variations]"
Add component (AddParameter): Name = "Number of Lines"; Value = "1"; VariantName = "[No Variations]"
Add component (AddParameter): Name = "PackageDescription"; Value = "3-Pin Small Outline Transistor, Body 2.92 x 1.3 mm, Pitch 0.95 mm"; VariantName = "[No Variations]"
Add component (AddParameter): Name = "PackageReference"; Value = "SOT-23-3-318-08"; VariantName = "[No Variations]"
Add component (AddParameter): Name = "PackageVersion"; Value = "Rev. AP, 11/2009"; VariantName = "[No Variations]"
Add component (AddParameter): Name = "Packing"; Value = "Tape and Reel"; VariantName = "[No Variations]"
Add component (AddParameter): Name = "PartNumber"; Value = "SZNUP1301ML3T1G"; VariantName = "[No Variations]"
Add component (AddParameter): Name = "RoHS"; Value = "Pb-Free"; VariantName = "[No Variations]"
Add component (AddParameter): Name = "V(BR) Min (V)"; Value = "70"; VariantName = "[No Variations]"
Add component (AddParameter): Name = "VRWM Max (V)"; Value = "70"; VariantName = "[No Variations]"
Added Pin To Net: NetName=GND Pin=D12-1
Added Pin To Net: NetName=3V3 Pin=D12-2
Added Pin To Net: NetName=EXTRA_INPUT1_µC Pin=D12-3
Added Pin To Net: NetName=GND Pin=J2-A7
Added Pin To Net: NetName=GND Pin=J2-B8
Change Net Name : Old Net Name=COOL_SYS_TEMP2 New Net Name=PWR_MON_SCL
Add Net: Net with name "NRST" already exists
Add Net: Net with name "PWR_MON_SCL" already exists
Added Pin To Net: NetName=PWR_MON_SDA Pin=J2-B2
Added Net: Name=PWR_MON_SDA
Add Net: Net with name "PWR_MON_SDA" already exists
Add Net: Net with name "SWCLK" already exists
Add Net: Net with name "SWDIO" already exists
Add Net: Net with name "SWO" already exists
Add Net: Net with name "UC_NRST" already exists
Add Net: Net with name "UC_SWCLK" already exists
Add Net: Net with name "UC_SWDIO" already exists
Add Net: Net with name "UC_SWO" already exists
Add Class: Class already exists: Designator
Add Class: Class already exists: Designator
Add Class: Class already exists: Designator
Add Class: Class already exists: Designator
Add Class: Class already exists: Designator
Add Class: Class already exists: Designator
Add Class: Class already exists: Designator
Added Member To Class: ClassName=Designator Member=Component D12 SZNUP1301ML3T1G
Change Room Name: Old Name=Designator_6 New Name=Designator
Change Room Name: Old Name=Designator_5 New Name=Designator
Change Room Name: Old Name=Designator_4 New Name=Designator
Added Room: Name=Designator
Added Room: Name=Designator
Added Room: Name=Designator
