Removed Pin From Net: NetName=NRST Pin=C32-2
Removed Pin From Net: NetName=SWDIO Pin=J3-2
Removed Pin From Net: NetName=SWO Pin=J3-3
Removed Pin From Net: NetName=SWCLK Pin=J3-4
Removed Pin From Net: NetName=NRST Pin=U3-14
Removed Pin From Net: NetName=SWDIO Pin=U3-72
Removed Pin From Net: NetName=SWCLK Pin=U3-76
Removed Pin From Net: NetName=SWO Pin=U3-89
Removed Member From Class: ClassName=Designator Member=D28
Removed Member From Class: ClassName=Designator Member=R46
Change Component Designator: OldDesignator=C1 NewDesignator=C26
Change Component Designator: OldDesignator=C2 NewDesignator=C20
Change Component Designator: OldDesignator=C3 NewDesignator=C24
Change Component Designator: OldDesignator=C4 NewDesignator=C39
Change Component Designator: OldDesignator=C5 NewDesignator=C36
Change Component Designator: OldDesignator=C6 NewDesignator=C37
Change Component Designator: OldDesignator=C8 NewDesignator=C38
Change Component Designator: OldDesignator=C9 NewDesignator=C23
Change Component Designator: OldDesignator=C10 NewDesignator=C35
Change Component Designator: OldDesignator=C11 NewDesignator=C34
Change Component Designator: OldDesignator=C12 NewDesignator=C28
Change Component Designator: OldDesignator=C13 NewDesignator=C22
Change Component Designator: OldDesignator=C14 NewDesignator=C31
Change Component Designator: OldDesignator=C15 NewDesignator=C30
Change Component Designator: OldDesignator=C16 NewDesignator=C29
Change Component Designator: OldDesignator=C17 NewDesignator=C27
Change Component Designator: OldDesignator=C19 NewDesignator=C25
Change Component Designator: OldDesignator=C20 NewDesignator=C4
Change Component Designator: OldDesignator=C21 NewDesignator=C13
Change Component Designator: OldDesignator=C23 NewDesignator=C5
Change Component Designator: OldDesignator=C25 NewDesignator=C18
Change Component Designator: OldDesignator=C26 NewDesignator=C19
Change Component Designator: OldDesignator=C27 NewDesignator=C6
Change Component Designator: OldDesignator=C28 NewDesignator=C17
Change Component Designator: OldDesignator=C29 NewDesignator=C9
Change Component Designator: OldDesignator=C30 NewDesignator=C8
Change Component Designator: OldDesignator=C31 NewDesignator=C7
Change Component Designator: OldDesignator=C32 NewDesignator=C12
Change Component Designator: OldDesignator=C34 NewDesignator=C1
Change Component Designator: OldDesignator=C35 NewDesignator=C2
Change Component Designator: OldDesignator=C36 NewDesignator=C3
Change Component Designator: OldDesignator=C37 NewDesignator=C33
Change Component Designator: OldDesignator=C38 NewDesignator=C21
Change Component Designator: OldDesignator=C40 NewDesignator=C10
Change Component Designator: OldDesignator=C41 NewDesignator=C15
Change Component Designator: OldDesignator=C42 NewDesignator=C11
Change Component Designator: OldDesignator=C43 NewDesignator=C16
Change Component Designator: OldDesignator=C45 NewDesignator=C32
Change Component Designator: OldDesignator=C50 NewDesignator=C14
Change Component Designator: OldDesignator=D1 NewDesignator=D22
Change Component Designator: OldDesignator=D2 NewDesignator=D21
Change Component Designator: OldDesignator=D3 NewDesignator=D13
Change Component Designator: OldDesignator=D4 NewDesignator=D7
Change Component Designator: OldDesignator=D5 NewDesignator=D26
Change Component Designator: OldDesignator=D6 NewDesignator=D23
Change Component Designator: OldDesignator=D7 NewDesignator=D24
Change Component Designator: OldDesignator=D8 NewDesignator=D11
Change Component Designator: OldDesignator=D10 NewDesignator=D25
Change Component Designator: OldDesignator=D11 NewDesignator=D10
Change Component Designator: OldDesignator=D12 NewDesignator=D3
Change Component Designator: OldDesignator=D13 NewDesignator=D2
Change Component Designator: OldDesignator=D14 NewDesignator=D1
Change Component Designator: OldDesignator=D16 NewDesignator=D9
Change Component Designator: OldDesignator=D17 NewDesignator=D18
Change Component Designator: OldDesignator=D18 NewDesignator=D17
Change Component Designator: OldDesignator=D19 NewDesignator=D16
Change Component Designator: OldDesignator=D20 NewDesignator=D14
Change Component Designator: OldDesignator=D21 NewDesignator=D12
Change Component Designator: OldDesignator=D23 NewDesignator=D5
Change Component Designator: OldDesignator=D24 NewDesignator=D6
Change Component Designator: OldDesignator=D25 NewDesignator=D4
Change Component Designator: OldDesignator=D27 NewDesignator=D20
Change Component Designator: OldDesignator=D28 NewDesignator=D8
Change Component Designator: OldDesignator=D35 NewDesignator=D19
Change Component Designator: OldDesignator=F1 NewDesignator=F2
Change Component Designator: OldDesignator=F2 NewDesignator=F1
Change Component Designator: OldDesignator=Q1 NewDesignator=Q4
Change Component Designator: OldDesignator=Q4 NewDesignator=Q1
Change Component Designator: OldDesignator=Q5 NewDesignator=Q2
Change Component Designator: OldDesignator=R1 NewDesignator=R73
Change Component Designator: OldDesignator=R2 NewDesignator=R35
Change Component Designator: OldDesignator=R3 NewDesignator=R66
Change Component Designator: OldDesignator=R4 NewDesignator=R67
Change Component Designator: OldDesignator=R6 NewDesignator=R70
Change Component Designator: OldDesignator=R7 NewDesignator=R25
Change Component Designator: OldDesignator=R8 NewDesignator=R40
Change Component Designator: OldDesignator=R9 NewDesignator=R72
Change Component Designator: OldDesignator=R10 NewDesignator=R36
Change Component Designator: OldDesignator=R11 NewDesignator=R64
Change Component Designator: OldDesignator=R12 NewDesignator=R65
Change Component Designator: OldDesignator=R14 NewDesignator=R69
Change Component Designator: OldDesignator=R15 NewDesignator=R71
Change Component Designator: OldDesignator=R16 NewDesignator=R62
Change Component Designator: OldDesignator=R17 NewDesignator=R63
Change Component Designator: OldDesignator=R19 NewDesignator=R68
Change Component Designator: OldDesignator=R20 NewDesignator=R41
Change Component Designator: OldDesignator=R21 NewDesignator=R26
Change Component Designator: OldDesignator=R22 NewDesignator=R60
Change Component Designator: OldDesignator=R23 NewDesignator=R57
Change Component Designator: OldDesignator=R24 NewDesignator=R37
Change Component Designator: OldDesignator=R25 NewDesignator=R32
Change Component Designator: OldDesignator=R26 NewDesignator=R33
Change Component Designator: OldDesignator=R27 NewDesignator=R59
Change Component Designator: OldDesignator=R28 NewDesignator=R61
Change Component Designator: OldDesignator=R29 NewDesignator=R56
Change Component Designator: OldDesignator=R30 NewDesignator=R58
Change Component Designator: OldDesignator=R31 NewDesignator=R34
Change Component Designator: OldDesignator=R32 NewDesignator=R23
Change Component Designator: OldDesignator=R33 NewDesignator=R24
Change Component Designator: OldDesignator=R34 NewDesignator=R22
Change Component Designator: OldDesignator=R35 NewDesignator=R43
Change Component Designator: OldDesignator=R36 NewDesignator=R45
Change Component Designator: OldDesignator=R39 NewDesignator=R30
Change Component Designator: OldDesignator=R40 NewDesignator=R50
Change Component Designator: OldDesignator=R41 NewDesignator=R47
Change Component Designator: OldDesignator=R42 NewDesignator=R46
Change Component Designator: OldDesignator=R43 NewDesignator=R42
Change Component Designator: OldDesignator=R46 NewDesignator=R31
Change Component Designator: OldDesignator=R47 NewDesignator=R51
Change Component Designator: OldDesignator=R48 NewDesignator=R49
Change Component Designator: OldDesignator=R49 NewDesignator=R48
Change Component Designator: OldDesignator=R50 NewDesignator=R44
Change Component Designator: OldDesignator=R55 NewDesignator=R21
Change Component Designator: OldDesignator=R56 NewDesignator=R18
Change Component Designator: OldDesignator=R57 NewDesignator=R19
Change Component Designator: OldDesignator=R59 NewDesignator=R20
Change Component Designator: OldDesignator=R60 NewDesignator=R16
Change Component Designator: OldDesignator=R61 NewDesignator=R17
Change Component Designator: OldDesignator=R66 NewDesignator=R1
Change Component Designator: OldDesignator=R67 NewDesignator=R38
Change Component Designator: OldDesignator=R68 NewDesignator=R39
Change Component Designator: OldDesignator=R69 NewDesignator=R5
Change Component Designator: OldDesignator=R70 NewDesignator=R4
Change Component Designator: OldDesignator=R73 NewDesignator=R3
Change Component Designator: OldDesignator=R74 NewDesignator=R8
Change Component Designator: OldDesignator=R75 NewDesignator=R13
Change Component Designator: OldDesignator=R76 NewDesignator=R12
Change Component Designator: OldDesignator=R77 NewDesignator=R7
Change Component Designator: OldDesignator=R78 NewDesignator=R2
Change Component Designator: OldDesignator=R79 NewDesignator=R6
Change Component Designator: OldDesignator=R80 NewDesignator=R15
Change Component Designator: OldDesignator=R81 NewDesignator=R14
Change Component Designator: OldDesignator=R82 NewDesignator=R9
Change Component Designator: OldDesignator=R83 NewDesignator=R11
Change Component Designator: OldDesignator=R84 NewDesignator=R10
Change Component Designator: OldDesignator=R88 NewDesignator=R54
Change Component Designator: OldDesignator=R89 NewDesignator=R55
Change Component Designator: OldDesignator=R90 NewDesignator=R29
Change Component Designator: OldDesignator=R91 NewDesignator=R28
Change Component Designator: OldDesignator=R92 NewDesignator=R27
Change Component Designator: OldDesignator=R99 NewDesignator=R52
Change Component Designator: OldDesignator=R100 NewDesignator=R53
Change Component Designator: OldDesignator=U1 NewDesignator=U3
Change Component Designator: OldDesignator=U3 NewDesignator=U1
Change Component Designator: OldDesignator=X1 NewDesignator=X2
Change Component Designator: OldDesignator=X2 NewDesignator=X1
Add Component: Footprint Not Found 0603 fuse
Add Component: Footprint Not Found 0603 fuse
Add Component: Footprint Not Found 0603 fuse
Add Component: Footprint Not Found 0603 fuse
Added Pin To Net: NetName=SWO Pin=J3-2
Added Pin To Net: NetName=SWCLK Pin=J3-3
Added Pin To Net: NetName=SWDIO Pin=J3-4
Change Net Name : Old Net Name=NetC34_2 New Net Name=NetC1_2
Change Net Name : Old Net Name=NetD14_1 New Net Name=NetD1_1
Change Net Name : Old Net Name=NetF1_2 New Net Name=NetF2_2
Change Net Name : Old Net Name=NetF2_2 New Net Name=NetF1_2
Change Net Name : Old Net Name=NetQ1_1 New Net Name=NetQ4_1
Change Net Name : Old Net Name=NetQ4_1 New Net Name=NetQ1_1
Change Net Name : Old Net Name=NetQ5_1 New Net Name=NetQ2_1
Change Net Name : Old Net Name=NetR1_1 New Net Name=NetR72_1
Change Net Name : Old Net Name=NetR3_1 New Net Name=NetR64_1
Change Net Name : Old Net Name=NetR4_1 New Net Name=NetR65_1
Change Net Name : Old Net Name=NetR6_1 New Net Name=NetR69_1
Change Net Name : Old Net Name=NetR82_1 New Net Name=NetR9_1
Added Pin To Net: NetName=NetC12_2 Pin=C12-2
Added Pin To Net: NetName=NetC12_2 Pin=U1-14
Added Net: Name=NetC12_2
Added Net: Name=NetF4_1
Added Net: Name=NetF4_2
Added Net: Name=NetF5_1
Added Net: Name=NetF5_2
Added Net: Name=NetF6_1
Added Net: Name=NetF6_2
Added Net: Name=NetF7_1
Added Net: Name=NetF7_2
Added Pin To Net: NetName=NetU1_72 Pin=U1-72
Added Net: Name=NetU1_72
Added Pin To Net: NetName=NetU1_76 Pin=U1-76
Added Net: Name=NetU1_76
Added Pin To Net: NetName=NetU1_89 Pin=U1-89
Added Net: Name=NetU1_89
Add Class: Class already exists: Designator
Add Class: Class already exists: Designator
Add Class: Class already exists: Designator
Add Class: Class already exists: Designator
Add Class: Class already exists: Designator
Add Class: Class already exists: Designator
Added Member To Class: ClassName=Designator Member=Component D11 SZNUP1301ML3T1G
Add Class Member: Failed to add class member : Component F4 PTC 80 mA
Add Class Member: Failed to add class member : Component F5 PTC 80 mA
Add Class Member: Failed to add class member : Component F6 PTC 80 mA
Add Class Member: Failed to add class member : Component F7 PTC 80 mA
Added Member To Class: ClassName=Designator Member=Component R34 Res1
Added Room: Name=7  - Microcontroller
Added Room: Name=Designator
Added Room: Name=Designator
Added Room: Name=Designator
Added Room: Name=Designator
Added Room: Name=Designator
Added Room: Name=Designator
Added Room: Name=Designator
