Add Component: Footprint Not Found 0603 fuse
Add Component: Footprint Not Found 0603 fuse
Add Component: Footprint Not Found 0603 fuse
Add Component: Footprint Not Found 0603 fuse
Add Pin To Net: Unknown Pin: Pin F4-1
Add Pin To Net: Unknown Pin: Pin F4-2
Add Pin To Net: Unknown Pin: Pin F5-1
Add Pin To Net: Unknown Pin: Pin F5-2
Add Pin To Net: Unknown Pin: Pin F6-1
Add Pin To Net: Unknown Pin: Pin F6-2
Add Pin To Net: Unknown Pin: Pin F7-1
Add Pin To Net: Unknown Pin: Pin F7-2
Add Class: Class already exists: Designator
Add Class: Class already exists: Designator
Add Class: Class already exists: Designator
Add Class: Class already exists: Designator
Add Class: Class already exists: Designator
Add Class: Class already exists: Designator
Add Class Member: Failed to add class member : Component F4 PTC 80 mA
Add Class Member: Failed to add class member : Component F5 PTC 80 mA
Add Class Member: Failed to add class member : Component F6 PTC 80 mA
Add Class Member: Failed to add class member : Component F7 PTC 80 mA
Added Room: Name=7  - Microcontroller
Added Room: Name=Designator
Added Room: Name=Designator
Added Room: Name=Designator
Added Room: Name=Designator
Added Room: Name=Designator
Added Room: Name=Designator
Added Room: Name=Designator
