Removed Pin From Net: NetName=FANS_CTRL Pin=U1-42
Removed Member From Class: ClassName=Designator Member=C5
Removed Member From Class: ClassName=Designator Member=C13
Removed Member From Class: ClassName=Designator Member=C18
Removed Member From Class: ClassName=Designator Member=C19
Removed Member From Class: ClassName=Designator Member=D2
Removed Member From Class: ClassName=Designator Member=R22
Removed Member From Class: ClassName=Designator Member=R23
Removed Member From Class: ClassName=Designator Member=R24
Removed Member From Class: ClassName=Designator Member=R45
Removed Member From Class: ClassName=Designator Member=R51
Removed Member From Class: ClassName=7  - Microcontroller Member=R73
Add Component: Footprint Not Found 0603 fuse
Add Component: Footprint Not Found 0603 fuse
Add Component: Footprint Not Found 0603 fuse
Add Component: Footprint Not Found 0603 fuse
Add Pin To Net: Unknown Pin: Pin F4-1
Add Pin To Net: Unknown Pin: Pin F4-2
Add Pin To Net: Unknown Pin: Pin F5-1
Add Pin To Net: Unknown Pin: Pin F5-2
Add Pin To Net: Unknown Pin: Pin F6-1
Add Pin To Net: Unknown Pin: Pin F6-2
Add Pin To Net: Unknown Pin: Pin F7-1
Add Pin To Net: Unknown Pin: Pin F7-2
Added Pin To Net: NetName=FANS_CTRL Pin=U1-43
Add Class: Class already exists: Designator
Add Class: Class already exists: Designator
Add Class: Class already exists: Designator
Add Class: Class already exists: Designator
Add Class: Class already exists: Designator
Add Class: Class already exists: Designator
Added Member To Class: ClassName=Designator Member=Component C21 Cap
Added Member To Class: ClassName=Designator Member=Component C23 Cap
Added Member To Class: ClassName=Designator Member=Component C25 Cap
Added Member To Class: ClassName=Designator Member=Component C26 Cap
Added Member To Class: ClassName=Designator Member=Component D8 SZNUP1301ML3T1G
Added Member To Class: ClassName=Designator Member=Component D11 SZNUP1301ML3T1G
Added Member To Class: ClassName=Designator Member=Component D13 SZNUP1301ML3T1G
Added Member To Class: ClassName=Designator Member=Component F1 SF-0603S050-2
Add Class Member: Failed to add class member : Component F4 PTC 80 mA
Add Class Member: Failed to add class member : Component F5 PTC 80 mA
Add Class Member: Failed to add class member : Component F6 PTC 80 mA
Add Class Member: Failed to add class member : Component F7 PTC 80 mA
Added Member To Class: ClassName=7  - Microcontroller Member=Component R1 560
Added Member To Class: ClassName=Designator Member=Component R31 Res1
Added Member To Class: ClassName=Designator Member=Component R32 Res1
Added Member To Class: ClassName=Designator Member=Component R33 Res1
Added Member To Class: ClassName=Designator Member=Component R34 Res1
Added Member To Class: ClassName=Designator Member=Component R36 Res1
Added Member To Class: ClassName=Designator Member=Component R39 Res1
Added Member To Class: ClassName=Designator Member=Component R41 Res1
Change Room Name: Old Name=Designator_5 New Name=Designator
Change Room Name: Old Name=Designator_6 New Name=Designator
Change Room Name: Old Name=Designator_4 New Name=Designator
Added Room: Name=Designator
Added Room: Name=Designator
Added Room: Name=Designator
