Replace Part C22 Cap in C:\UMSAE\PCB-ACU-Controller22\7b - Voltage Protection.SchDoc with Cap from Miscellaneous Devices.IntLib
Replace Part C25 Cap in C:\UMSAE\PCB-ACU-Controller22\7b - Voltage Protection.SchDoc with Cap from Miscellaneous Devices.IntLib
Replace Part C26 Cap in C:\UMSAE\PCB-ACU-Controller22\7b - Voltage Protection.SchDoc with Cap from Miscellaneous Devices.IntLib
Replace Part C28 Cap in C:\UMSAE\PCB-ACU-Controller22\7b - Voltage Protection.SchDoc with Cap from Miscellaneous Devices.IntLib
Replace Part D22 ONSC-NUP1301-SOT-23-3-318-08 in C:\UMSAE\PCB-ACU-Controller22\7b - Voltage Protection.SchDoc with ONSC-NUP1301-SOT-23-3-318-08 from Altium Content Vault
Replace Part D23 ONSC-NUP1301-SOT-23-3-318-08 in C:\UMSAE\PCB-ACU-Controller22\7b - Voltage Protection.SchDoc with ONSC-NUP1301-SOT-23-3-318-08 from Altium Content Vault
Replace Part D24 ONSC-NUP1301-SOT-23-3-318-08 in C:\UMSAE\PCB-ACU-Controller22\7b - Voltage Protection.SchDoc with ONSC-NUP1301-SOT-23-3-318-08 from Altium Content Vault
Replace Part D25 ONSC-NUP1301-SOT-23-3-318-08 in C:\UMSAE\PCB-ACU-Controller22\7b - Voltage Protection.SchDoc with ONSC-NUP1301-SOT-23-3-318-08 from Altium Content Vault
Replace Part D29 D Zener in C:\UMSAE\PCB-ACU-Controller22\7b - Voltage Protection.SchDoc with D Zener from Miscellaneous Devices.IntLib
Replace Part D30 D Zener in C:\UMSAE\PCB-ACU-Controller22\7b - Voltage Protection.SchDoc with D Zener from Miscellaneous Devices.IntLib
Replace Part F4 Fuse 2 in C:\UMSAE\PCB-ACU-Controller22\7b - Voltage Protection.SchDoc with Fuse 2 from Miscellaneous Devices.IntLib
Replace Part F5 Fuse 2 in C:\UMSAE\PCB-ACU-Controller22\7b - Voltage Protection.SchDoc with Fuse 2 from Miscellaneous Devices.IntLib
Replace Part R71 Res1 in C:\UMSAE\PCB-ACU-Controller22\7b - Voltage Protection.SchDoc with Res1 from Miscellaneous Devices.IntLib
Replace Part R72 Res1 in C:\UMSAE\PCB-ACU-Controller22\7b - Voltage Protection.SchDoc with Res1 from Miscellaneous Devices.IntLib
Replace Part R75 Res1 in C:\UMSAE\PCB-ACU-Controller22\7b - Voltage Protection.SchDoc with Res1 from Miscellaneous Devices.IntLib
Replace Part R76 Res1 in C:\UMSAE\PCB-ACU-Controller22\7b - Voltage Protection.SchDoc with Res1 from Miscellaneous Devices.IntLib
Replace Part R80 Res1 in C:\UMSAE\PCB-ACU-Controller22\7b - Voltage Protection.SchDoc with Res1 from Miscellaneous Devices.IntLib
Replace Part R81 Res1 in C:\UMSAE\PCB-ACU-Controller22\7b - Voltage Protection.SchDoc with Res1 from Miscellaneous Devices.IntLib
Replace Part R83 Res1 in C:\UMSAE\PCB-ACU-Controller22\7b - Voltage Protection.SchDoc with Res1 from Miscellaneous Devices.IntLib
Replace Part R84 Res1 in C:\UMSAE\PCB-ACU-Controller22\7b - Voltage Protection.SchDoc with Res1 from Miscellaneous Devices.IntLib
Replace Part R93 Res1 in C:\UMSAE\PCB-ACU-Controller22\7b - Voltage Protection.SchDoc with Res1 from Miscellaneous Devices.IntLib
Replace Part R94 Res1 in C:\UMSAE\PCB-ACU-Controller22\7b - Voltage Protection.SchDoc with Res1 from Miscellaneous Devices.IntLib
