Replace Part C1 Cap in C:\UMSAE\PCB-ACU-Controller22\7d - Sensors.SchDoc with Cap from Miscellaneous Devices.IntLib
Replace Part C3 Cap in C:\UMSAE\PCB-ACU-Controller22\7d - Sensors.SchDoc with Cap from Miscellaneous Devices.IntLib
Replace Part C9 Cap in C:\UMSAE\PCB-ACU-Controller22\7d - Sensors.SchDoc with Cap from Miscellaneous Devices.IntLib
Replace Part C13 Cap in C:\UMSAE\PCB-ACU-Controller22\7d - Sensors.SchDoc with Cap from Miscellaneous Devices.IntLib
Replace Part C19 Cap in C:\UMSAE\PCB-ACU-Controller22\7d - Sensors.SchDoc with Cap from Miscellaneous Devices.IntLib
Replace Part C38 Cap in C:\UMSAE\PCB-ACU-Controller22\7d - Sensors.SchDoc with Cap from Miscellaneous Devices.IntLib
Replace Part C39 Cap in C:\UMSAE\PCB-ACU-Controller22\7d - Sensors.SchDoc with Cap from Miscellaneous Devices.IntLib
Replace Part C44 Cap in C:\UMSAE\PCB-ACU-Controller22\7d - Sensors.SchDoc with Cap from Miscellaneous Devices.IntLib
Replace Part D3 ONSC-NUP1301-SOT-23-3-318-08 in C:\UMSAE\PCB-ACU-Controller22\7d - Sensors.SchDoc with ONSC-NUP1301-SOT-23-3-318-08 from Altium Content Vault
Replace Part D8 ONSC-NUP1301-SOT-23-3-318-08 in C:\UMSAE\PCB-ACU-Controller22\7d - Sensors.SchDoc with ONSC-NUP1301-SOT-23-3-318-08 from Altium Content Vault
Replace Part D11 ONSC-NUP1301-SOT-23-3-318-08 in C:\UMSAE\PCB-ACU-Controller22\7d - Sensors.SchDoc with ONSC-NUP1301-SOT-23-3-318-08 from Altium Content Vault
Replace Part D16 ONSC-NUP1301-SOT-23-3-318-08 in C:\UMSAE\PCB-ACU-Controller22\7d - Sensors.SchDoc with ONSC-NUP1301-SOT-23-3-318-08 from Altium Content Vault
Replace Part D21 ONSC-NUP1301-SOT-23-3-318-08 in C:\UMSAE\PCB-ACU-Controller22\7d - Sensors.SchDoc with ONSC-NUP1301-SOT-23-3-318-08 from Altium Content Vault
Replace Part D28 ONSC-NUP1301-SOT-23-3-318-08 in C:\UMSAE\PCB-ACU-Controller22\7d - Sensors.SchDoc with ONSC-NUP1301-SOT-23-3-318-08 from Altium Content Vault
Replace Part D31 ONSC-D-K1A2-2 in C:\UMSAE\PCB-ACU-Controller22\7d - Sensors.SchDoc with ONSC-D-K1A2-2 from Altium Content Vault
Replace Part D32 ONSC-D-K1A2-2 in C:\UMSAE\PCB-ACU-Controller22\7d - Sensors.SchDoc with ONSC-D-K1A2-2 from Altium Content Vault
Replace Part D33 ONSC-D-K1A2-2 in C:\UMSAE\PCB-ACU-Controller22\7d - Sensors.SchDoc with ONSC-D-K1A2-2 from Altium Content Vault
Replace Part D34 ONSC-D-K1A2-2 in C:\UMSAE\PCB-ACU-Controller22\7d - Sensors.SchDoc with ONSC-D-K1A2-2 from Altium Content Vault
Replace Part F1 Fuse 2 in C:\UMSAE\PCB-ACU-Controller22\7d - Sensors.SchDoc with Fuse 2 from Miscellaneous Devices.IntLib
Replace Part F2 Fuse 2 in C:\UMSAE\PCB-ACU-Controller22\7d - Sensors.SchDoc with Fuse 2 from Miscellaneous Devices.IntLib
Replace Part F3 Fuse 2 in C:\UMSAE\PCB-ACU-Controller22\7d - Sensors.SchDoc with Fuse 2 from Miscellaneous Devices.IntLib
Replace Part R2 Res1 in C:\UMSAE\PCB-ACU-Controller22\7d - Sensors.SchDoc with Res1 from Miscellaneous Devices.IntLib
Replace Part R8 Res1 in C:\UMSAE\PCB-ACU-Controller22\7d - Sensors.SchDoc with Res1 from Miscellaneous Devices.IntLib
Replace Part R10 Res1 in C:\UMSAE\PCB-ACU-Controller22\7d - Sensors.SchDoc with Res1 from Miscellaneous Devices.IntLib
Replace Part R20 Res1 in C:\UMSAE\PCB-ACU-Controller22\7d - Sensors.SchDoc with Res1 from Miscellaneous Devices.IntLib
Replace Part R24 Res1 in C:\UMSAE\PCB-ACU-Controller22\7d - Sensors.SchDoc with Res1 from Miscellaneous Devices.IntLib
Replace Part R25 Res1 in C:\UMSAE\PCB-ACU-Controller22\7d - Sensors.SchDoc with Res1 from Miscellaneous Devices.IntLib
Replace Part R26 Res1 in C:\UMSAE\PCB-ACU-Controller22\7d - Sensors.SchDoc with Res1 from Miscellaneous Devices.IntLib
Replace Part R31 Res1 in C:\UMSAE\PCB-ACU-Controller22\7d - Sensors.SchDoc with Res1 from Miscellaneous Devices.IntLib
Replace Part R39 Res1 in C:\UMSAE\PCB-ACU-Controller22\7d - Sensors.SchDoc with Res1 from Miscellaneous Devices.IntLib
Replace Part R46 Res1 in C:\UMSAE\PCB-ACU-Controller22\7d - Sensors.SchDoc with Res1 from Miscellaneous Devices.IntLib
Replace Part R67 Res1 in C:\UMSAE\PCB-ACU-Controller22\7d - Sensors.SchDoc with Res1 from Miscellaneous Devices.IntLib
Replace Part R68 Res1 in C:\UMSAE\PCB-ACU-Controller22\7d - Sensors.SchDoc with Res1 from Miscellaneous Devices.IntLib
Replace Part R90 Res1 in C:\UMSAE\PCB-ACU-Controller22\7d - Sensors.SchDoc with Res1 from Miscellaneous Devices.IntLib
Replace Part R91 Res1 in C:\UMSAE\PCB-ACU-Controller22\7d - Sensors.SchDoc with Res1 from Miscellaneous Devices.IntLib
Replace Part R92 Res1 in C:\UMSAE\PCB-ACU-Controller22\7d - Sensors.SchDoc with Res1 from Miscellaneous Devices.IntLib
Replace Part R95 Res1 in C:\UMSAE\PCB-ACU-Controller22\7d - Sensors.SchDoc with Res1 from Miscellaneous Devices.IntLib
Replace Part R96 Res1 in C:\UMSAE\PCB-ACU-Controller22\7d - Sensors.SchDoc with Res1 from Miscellaneous Devices.IntLib
Replace Part R97 Res1 in C:\UMSAE\PCB-ACU-Controller22\7d - Sensors.SchDoc with Res1 from Miscellaneous Devices.IntLib
Replace Part R98 Res1 in C:\UMSAE\PCB-ACU-Controller22\7d - Sensors.SchDoc with Res1 from Miscellaneous Devices.IntLib
