Change Component Footprint: Designator=F1 Old Footprint=LFUS-45X_V New Footprint=FP-SF-0603S-MFG
Change Component Footprint: Designator=F2 Old Footprint=LFUS-45X_V New Footprint=FP-SF-0603S-MFG
Change Component Footprint: Designator=F3 Old Footprint=LFUS-45X_V New Footprint=FP-SF-0603S-MFG
Change Component Comment : Designator=F1 Old Comment=0451.500MRL New Comment=SF-0603S050-2
Change Component Comment : Designator=F2 Old Comment=0451.500MRL New Comment=SF-0603S050-2
Change Component Comment : Designator=F3 Old Comment=0451.500MRL New Comment=SF-0603S050-2
Change Managed Component Library Link : Designator=F1 Old VaultGUID=B7D15EC3-160A-466F-A46C-7801FE6295A7 New VaultGUID=B7D15EC3-160A-466F-A46C-7801FE6295A7 Old ItemGUID=10A7A872-9669-4092-85B3-63F11B0B706A New ItemGUID=9A77AF6C-9D45-444D-94CC-57B58FF357B5 Old RevisionGUID=5367E2FA-C79F-4016-A2F5-667BCF6E1564 New RevisionGUID=73892B0A-3C80-4307-B500-9EA4E6CA006E
Change Managed Component Library Link : Designator=F2 Old VaultGUID=B7D15EC3-160A-466F-A46C-7801FE6295A7 New VaultGUID=B7D15EC3-160A-466F-A46C-7801FE6295A7 Old ItemGUID=10A7A872-9669-4092-85B3-63F11B0B706A New ItemGUID=9A77AF6C-9D45-444D-94CC-57B58FF357B5 Old RevisionGUID=5367E2FA-C79F-4016-A2F5-667BCF6E1564 New RevisionGUID=73892B0A-3C80-4307-B500-9EA4E6CA006E
Change Managed Component Library Link : Designator=F3 Old VaultGUID=B7D15EC3-160A-466F-A46C-7801FE6295A7 New VaultGUID=B7D15EC3-160A-466F-A46C-7801FE6295A7 Old ItemGUID=10A7A872-9669-4092-85B3-63F11B0B706A New ItemGUID=9A77AF6C-9D45-444D-94CC-57B58FF357B5 Old RevisionGUID=5367E2FA-C79F-4016-A2F5-667BCF6E1564 New RevisionGUID=73892B0A-3C80-4307-B500-9EA4E6CA006E
Change component parameters: Designator = "F1" ("F1"); Footprint = "LFUS-45X_V"; UniqueID = "\JESEQAYG\CLXCUDEG" ("\JESEQAYG\CLXCUDEG")
Change component parameters (AddParameter): Name = "Automotive"; Value = "No"; VariantName = "[No Variations]"
Change component parameters (AddParameter): Name = "Category"; Value = "Fuse"; VariantName = "[No Variations]"
Change component parameters (AddParameter): Name = "ComponentLink2Description"; Value = "Datasheet"; VariantName = "[No Variations]"
Change component parameters (AddParameter): Name = "ComponentLink2URL"; Value = "https://www.bourns.com/docs/product-datasheets/sf0603s.pdf"; VariantName = "[No Variations]"
Change component parameters (AddParameter): Name = "Device Class L1"; Value = "Circuit Protection"; VariantName = "[No Variations]"
Change component parameters (AddParameter): Name = "Device Class L2"; Value = "Fuses"; VariantName = "[No Variations]"
Change component parameters (AddParameter): Name = "Device Class L3"; Value = "unset"; VariantName = "[No Variations]"
Change component parameters (AddParameter): Name = "Digikey Description"; Value = "FUSE BOARD MNT 500MA 50VDC 0603"; VariantName = "[No Variations]"
Change component parameters (AddParameter): Name = "Fuse Blow Speed"; Value = "Slow"; VariantName = "[No Variations]"
Change component parameters (AddParameter): Name = "Fuse Current"; Value = "0.5A"; VariantName = "[No Variations]"
Change component parameters (AddParameter): Name = "Fuse I2T"; Value = "0.009A2Sec"; VariantName = "[No Variations]"
Change component parameters (AddParameter): Name = "Fuse Interrupt Ac Current"; Value = "50A"; VariantName = "[No Variations]"
Change component parameters (AddParameter): Name = "Fuse Interrupt Dc Current"; Value = "50A"; VariantName = "[No Variations]"
Change component parameters (AddParameter): Name = "Height"; Value = "0.55mm"; VariantName = "[No Variations]"
Change component parameters (AddParameter): Name = "Ipc Land Pattern Name"; Value = "CAPC16080X45"; VariantName = "[No Variations]"
Change component parameters (AddParameter): Name = "Lead Free"; Value = "Yes"; VariantName = "[No Variations]"
Change component parameters (AddParameter): Name = "Manufacturer"; Value = "Bourns Inc."; VariantName = "[No Variations]"
Change component parameters (AddParameter): Name = "Manufacturer Part Number"; Value = "SF-0603S050-2"; VariantName = "[No Variations]"
Change component parameters (AddParameter): Name = "Max Fuse Ac Voltage"; Value = "35V"; VariantName = "[No Variations]"
Change component parameters (AddParameter): Name = "Max Fuse Dc Voltage"; Value = "50V"; VariantName = "[No Variations]"
Change component parameters (AddParameter): Name = "Mouser Description"; Value = "Surface Mount Fuses 0.50A Slow Blow SinglFuse"; VariantName = "[No Variations]"
Change component parameters (AddParameter): Name = "Octopart"; Value = "https://octopart.com/sf-0603s050-2-bourns-10486821"; VariantName = "[No Variations]"
Change component parameters (AddParameter): Name = "Package"; Value = "SF-0603S"; VariantName = "[No Variations]"
Change component parameters (AddParameter): Name = "Resistance"; Value = "232mO"; VariantName = "[No Variations]"
Change component parameters (AddParameter): Name = "RoHS"; Value = "TRUE"; VariantName = "[No Variations]"
Change component parameters (AddParameter): Name = "Temperature"; Value = "-20°C to +105°C"; VariantName = "[No Variations]"
Change component parameters (AddParameter): Name = "Temperature Range High"; Value = "+105°C"; VariantName = "[No Variations]"
Change component parameters (AddParameter): Name = "Temperature Range Low"; Value = "-20°C"; VariantName = "[No Variations]"
Change component parameters (AddParameter): Name = "Value"; Value = "232mO"; VariantName = "[No Variations]"
Change component parameters: Designator = "F2" ("F2"); Footprint = "LFUS-45X_V"; UniqueID = "\JESEQAYG\NVSFRQVP" ("\JESEQAYG\NVSFRQVP")
Change component parameters (AddParameter): Name = "Automotive"; Value = "No"; VariantName = "[No Variations]"
Change component parameters (AddParameter): Name = "Category"; Value = "Fuse"; VariantName = "[No Variations]"
Change component parameters (AddParameter): Name = "ComponentLink2Description"; Value = "Datasheet"; VariantName = "[No Variations]"
Change component parameters (AddParameter): Name = "ComponentLink2URL"; Value = "https://www.bourns.com/docs/product-datasheets/sf0603s.pdf"; VariantName = "[No Variations]"
Change component parameters (AddParameter): Name = "Device Class L1"; Value = "Circuit Protection"; VariantName = "[No Variations]"
Change component parameters (AddParameter): Name = "Device Class L2"; Value = "Fuses"; VariantName = "[No Variations]"
Change component parameters (AddParameter): Name = "Device Class L3"; Value = "unset"; VariantName = "[No Variations]"
Change component parameters (AddParameter): Name = "Digikey Description"; Value = "FUSE BOARD MNT 500MA 50VDC 0603"; VariantName = "[No Variations]"
Change component parameters (AddParameter): Name = "Fuse Blow Speed"; Value = "Slow"; VariantName = "[No Variations]"
Change component parameters (AddParameter): Name = "Fuse Current"; Value = "0.5A"; VariantName = "[No Variations]"
Change component parameters (AddParameter): Name = "Fuse I2T"; Value = "0.009A2Sec"; VariantName = "[No Variations]"
Change component parameters (AddParameter): Name = "Fuse Interrupt Ac Current"; Value = "50A"; VariantName = "[No Variations]"
Change component parameters (AddParameter): Name = "Fuse Interrupt Dc Current"; Value = "50A"; VariantName = "[No Variations]"
Change component parameters (AddParameter): Name = "Height"; Value = "0.55mm"; VariantName = "[No Variations]"
Change component parameters (AddParameter): Name = "Ipc Land Pattern Name"; Value = "CAPC16080X45"; VariantName = "[No Variations]"
Change component parameters (AddParameter): Name = "Lead Free"; Value = "Yes"; VariantName = "[No Variations]"
Change component parameters (AddParameter): Name = "Manufacturer"; Value = "Bourns Inc."; VariantName = "[No Variations]"
Change component parameters (AddParameter): Name = "Manufacturer Part Number"; Value = "SF-0603S050-2"; VariantName = "[No Variations]"
Change component parameters (AddParameter): Name = "Max Fuse Ac Voltage"; Value = "35V"; VariantName = "[No Variations]"
Change component parameters (AddParameter): Name = "Max Fuse Dc Voltage"; Value = "50V"; VariantName = "[No Variations]"
Change component parameters (AddParameter): Name = "Mouser Description"; Value = "Surface Mount Fuses 0.50A Slow Blow SinglFuse"; VariantName = "[No Variations]"
Change component parameters (AddParameter): Name = "Octopart"; Value = "https://octopart.com/sf-0603s050-2-bourns-10486821"; VariantName = "[No Variations]"
Change component parameters (AddParameter): Name = "Package"; Value = "SF-0603S"; VariantName = "[No Variations]"
Change component parameters (AddParameter): Name = "Resistance"; Value = "232mO"; VariantName = "[No Variations]"
Change component parameters (AddParameter): Name = "RoHS"; Value = "TRUE"; VariantName = "[No Variations]"
Change component parameters (AddParameter): Name = "Temperature"; Value = "-20°C to +105°C"; VariantName = "[No Variations]"
Change component parameters (AddParameter): Name = "Temperature Range High"; Value = "+105°C"; VariantName = "[No Variations]"
Change component parameters (AddParameter): Name = "Temperature Range Low"; Value = "-20°C"; VariantName = "[No Variations]"
Change component parameters (AddParameter): Name = "Value"; Value = "232mO"; VariantName = "[No Variations]"
Change component parameters: Designator = "F3" ("F3"); Footprint = "LFUS-45X_V"; UniqueID = "\JESEQAYG\ZRKCXGTS" ("\JESEQAYG\ZRKCXGTS")
Change component parameters (AddParameter): Name = "Automotive"; Value = "No"; VariantName = "[No Variations]"
Change component parameters (AddParameter): Name = "Category"; Value = "Fuse"; VariantName = "[No Variations]"
Change component parameters (AddParameter): Name = "ComponentLink2Description"; Value = "Datasheet"; VariantName = "[No Variations]"
Change component parameters (AddParameter): Name = "ComponentLink2URL"; Value = "https://www.bourns.com/docs/product-datasheets/sf0603s.pdf"; VariantName = "[No Variations]"
Change component parameters (AddParameter): Name = "Device Class L1"; Value = "Circuit Protection"; VariantName = "[No Variations]"
Change component parameters (AddParameter): Name = "Device Class L2"; Value = "Fuses"; VariantName = "[No Variations]"
Change component parameters (AddParameter): Name = "Device Class L3"; Value = "unset"; VariantName = "[No Variations]"
Change component parameters (AddParameter): Name = "Digikey Description"; Value = "FUSE BOARD MNT 500MA 50VDC 0603"; VariantName = "[No Variations]"
Change component parameters (AddParameter): Name = "Fuse Blow Speed"; Value = "Slow"; VariantName = "[No Variations]"
Change component parameters (AddParameter): Name = "Fuse Current"; Value = "0.5A"; VariantName = "[No Variations]"
Change component parameters (AddParameter): Name = "Fuse I2T"; Value = "0.009A2Sec"; VariantName = "[No Variations]"
Change component parameters (AddParameter): Name = "Fuse Interrupt Ac Current"; Value = "50A"; VariantName = "[No Variations]"
Change component parameters (AddParameter): Name = "Fuse Interrupt Dc Current"; Value = "50A"; VariantName = "[No Variations]"
Change component parameters (AddParameter): Name = "Height"; Value = "0.55mm"; VariantName = "[No Variations]"
Change component parameters (AddParameter): Name = "Ipc Land Pattern Name"; Value = "CAPC16080X45"; VariantName = "[No Variations]"
Change component parameters (AddParameter): Name = "Lead Free"; Value = "Yes"; VariantName = "[No Variations]"
Change component parameters (AddParameter): Name = "Manufacturer"; Value = "Bourns Inc."; VariantName = "[No Variations]"
Change component parameters (AddParameter): Name = "Manufacturer Part Number"; Value = "SF-0603S050-2"; VariantName = "[No Variations]"
Change component parameters (AddParameter): Name = "Max Fuse Ac Voltage"; Value = "35V"; VariantName = "[No Variations]"
Change component parameters (AddParameter): Name = "Max Fuse Dc Voltage"; Value = "50V"; VariantName = "[No Variations]"
Change component parameters (AddParameter): Name = "Mouser Description"; Value = "Surface Mount Fuses 0.50A Slow Blow SinglFuse"; VariantName = "[No Variations]"
Change component parameters (AddParameter): Name = "Octopart"; Value = "https://octopart.com/sf-0603s050-2-bourns-10486821"; VariantName = "[No Variations]"
Change component parameters (AddParameter): Name = "Package"; Value = "SF-0603S"; VariantName = "[No Variations]"
Change component parameters (AddParameter): Name = "Resistance"; Value = "232mO"; VariantName = "[No Variations]"
Change component parameters (AddParameter): Name = "RoHS"; Value = "TRUE"; VariantName = "[No Variations]"
Change component parameters (AddParameter): Name = "Temperature"; Value = "-20°C to +105°C"; VariantName = "[No Variations]"
Change component parameters (AddParameter): Name = "Temperature Range High"; Value = "+105°C"; VariantName = "[No Variations]"
Change component parameters (AddParameter): Name = "Temperature Range Low"; Value = "-20°C"; VariantName = "[No Variations]"
Change component parameters (AddParameter): Name = "Value"; Value = "232mO"; VariantName = "[No Variations]"
