Added Component: Designator=J1(HDR2X15)
Add component (AddParameter): Name = "LatestRevisionDate"; Value = "17-Jul-2002"; VariantName = "[No Variations]"
Add component (AddParameter): Name = "LatestRevisionNote"; Value = "Re-released for DXP Platform."; VariantName = "[No Variations]"
Add component (AddParameter): Name = "Publisher"; Value = "Altium Limited"; VariantName = "[No Variations]"
Added Component: Designator=J2(HDR2X15)
Add component (AddParameter): Name = "LatestRevisionDate"; Value = "17-Jul-2002"; VariantName = "[No Variations]"
Add component (AddParameter): Name = "LatestRevisionNote"; Value = "Re-released for DXP Platform."; VariantName = "[No Variations]"
Add component (AddParameter): Name = "Publisher"; Value = "Altium Limited"; VariantName = "[No Variations]"
Added Pin To Net: NetName=EXTRA_INPUT1 Pin=J1-1
Added Pin To Net: NetName=GND Pin=J1-2
Added Pin To Net: NetName=MC_PWR_CTRL Pin=J1-3
Added Pin To Net: NetName=GND Pin=J1-4
Added Pin To Net: NetName=MC_EN_CTRL Pin=J1-5
Added Pin To Net: NetName=BSPD_OK Pin=J1-6
Added Pin To Net: NetName=ACC_FAN_CTRL Pin=J1-7
Added Pin To Net: NetName=NRST Pin=J1-8
Added Pin To Net: NetName=BUZR_CTRL Pin=J1-9
Added Pin To Net: NetName=AMS_OK Pin=J1-10
Added Pin To Net: NetName=SCHT_TAP Pin=J1-11
Added Pin To Net: NetName=DCDC_EN_INT Pin=J1-12
Added Pin To Net: NetName=ACU_PWR Pin=J1-13
Added Pin To Net: NetName=AIR+_CTRL Pin=J1-14
Added Pin To Net: NetName=AMS_CLR_ERR Pin=J1-15
Added Pin To Net: NetName=AIR-_CTRL Pin=J1-16
Added Pin To Net: NetName=PRECHRG_CTRL Pin=J1-17
Added Pin To Net: NetName=FANS_CTRL Pin=J1-18
Added Pin To Net: NetName=BRAKE_PRESS Pin=J1-19
Added Pin To Net: NetName=PUMP_CTRL Pin=J1-20
Added Pin To Net: NetName=3V3 Pin=J1-21
Added Pin To Net: NetName=AIR+_FB Pin=J1-22
Added Pin To Net: NetName=SWDIO Pin=J1-23
Added Pin To Net: NetName=AIR-_FB Pin=J1-24
Added Pin To Net: NetName=SWCLK Pin=J1-25
Added Pin To Net: NetName=IMD__OK Pin=J1-26
Added Pin To Net: NetName=WH_SP_L_IN Pin=J1-27
Added Pin To Net: NetName=GND Pin=J1-28
Added Pin To Net: NetName=WH_SP_R_IN Pin=J1-29
Added Pin To Net: NetName=3V3 Pin=J1-30
Added Pin To Net: NetName=DCDC_CURR_SENS Pin=J2-1
Added Pin To Net: NetName=GND Pin=J2-2
Added Pin To Net: NetName=HCP_L_CURR_SENS Pin=J2-3
Added Pin To Net: NetName=GND Pin=J2-4
Added Pin To Net: NetName=GND Pin=J2-5
Added Pin To Net: NetName=CAN_SENS_N Pin=J2-6
Added Pin To Net: NetName=3V3 Pin=J2-7
Added Pin To Net: NetName=CAN_SENS_P Pin=J2-8
Added Pin To Net: NetName=MC_PWR_FB Pin=J2-9
Added Pin To Net: NetName=IMD_RESIST Pin=J2-10
Added Pin To Net: NetName=MC_EN_FB Pin=J2-11
Added Pin To Net: NetName=3V3 Pin=J2-12
Added Pin To Net: NetName=COOL_SYS_TEMP1 Pin=J2-13
Added Pin To Net: NetName=ACC_FAN_FB Pin=J2-14
Added Pin To Net: NetName=ACU_PWR Pin=J2-15
Added Pin To Net: NetName=COOL_SYS_TEMP3 Pin=J2-16
Added Pin To Net: NetName=PUMP_FB Pin=J2-17
Added Pin To Net: NetName=5V Pin=J2-18
Added Pin To Net: NetName=EXTRA_INPUT2 Pin=J2-19
Added Pin To Net: NetName=FANS_FB Pin=J2-20
Added Pin To Net: NetName=GND Pin=J2-21
Added Pin To Net: NetName=BUZR_FB Pin=J2-22
Added Pin To Net: NetName=CAN_P Pin=J2-23
Added Pin To Net: NetName=5V Pin=J2-24
Added Pin To Net: NetName=CAN_N Pin=J2-25
Added Pin To Net: NetName=COOL_SYS_TEMP2 Pin=J2-26
Added Pin To Net: NetName=SERIAL_Tx Pin=J2-27
Added Pin To Net: NetName=LVBATT_CURR_SENS Pin=J2-28
Added Pin To Net: NetName=SERIAL_Rx Pin=J2-29
Added Pin To Net: NetName=HCP_H_CURR_SENS Pin=J2-30
Added Member To Class: ClassName=7  - Microcontoller Member=Component J1 Header 15X2
Added Member To Class: ClassName=7  - Microcontoller Member=Component J2 Header 15X2
