Removed Pin From Net: NetName=GND Pin=C18-1
Removed Pin From Net: NetName=3V3 Pin=C18-2
Removed Pin From Net: NetName=SDIO_D2 Pin=R44-1
Removed Pin From Net: NetName=3V3 Pin=R44-2
Removed Pin From Net: NetName=SDIO_D2 Pin=R45-1
Removed Pin From Net: NetName=SDIO_D3 Pin=R51-1
Removed Pin From Net: NetName=GND Pin=R52-1
Removed Pin From Net: NetName=SDIO_D3 Pin=R52-2
Removed Pin From Net: NetName=SDIO_CMD Pin=R53-1
Removed Pin From Net: NetName=3V3 Pin=R53-2
Removed Pin From Net: NetName=SDIO_CMD Pin=R54-1
Removed Pin From Net: NetName=SDIO_CLK Pin=R58-1
Removed Pin From Net: NetName=SDIO_D0 Pin=R62-1
Removed Pin From Net: NetName=3V3 Pin=R62-2
Removed Pin From Net: NetName=SDIO_D0 Pin=R63-1
Removed Pin From Net: NetName=SDIO_D1 Pin=R64-1
Removed Pin From Net: NetName=3V3 Pin=R64-2
Removed Pin From Net: NetName=SDIO_D1 Pin=R65-1
Removed Pin From Net: NetName=3V3 Pin=SD_Card1-4
Removed Pin From Net: NetName=GND Pin=SD_Card1-6
Removed Pin From Net: NetName=GND Pin=SD_Card1-G1
Removed Pin From Net: NetName=GND Pin=SD_Card1-G2
Removed Pin From Net: NetName=GND Pin=SD_Card1-G3
Removed Pin From Net: NetName=GND Pin=SD_Card1-G4
Add Class: Class already exists: Designator
Add Class: Class already exists: Designator
Add Class: Class already exists: Designator
Add Class: Class already exists: Designator
Add Class: Class already exists: Designator
Add Class: Class already exists: Designator
