Removed Pin From Net: NetName=GND Pin=J1-2
Removed Pin From Net: NetName=MC_PWR_CTRL Pin=J1-3
Removed Pin From Net: NetName=GND Pin=J1-4
Removed Pin From Net: NetName=MC_EN_CTRL Pin=J1-5
Removed Pin From Net: NetName=BSPD_OK Pin=J1-6
Removed Pin From Net: NetName=ACC_FAN_CTRL Pin=J1-7
Removed Pin From Net: NetName=NRST Pin=J1-8
Removed Pin From Net: NetName=BUZR_CTRL Pin=J1-9
Removed Pin From Net: NetName=AMS_OK Pin=J1-10
Removed Pin From Net: NetName=SCHT_TAP Pin=J1-11
Removed Pin From Net: NetName=DCDC_EN_INT Pin=J1-12
Removed Pin From Net: NetName=ACU_PWR Pin=J1-13
Removed Pin From Net: NetName=AIR+_CTRL Pin=J1-14
Removed Pin From Net: NetName=AMS_CLR_ERR Pin=J1-15
Removed Pin From Net: NetName=AIR-_CTRL Pin=J1-16
Removed Pin From Net: NetName=PRECHRG_CTRL Pin=J1-17
Removed Pin From Net: NetName=FANS_CTRL Pin=J1-18
Removed Pin From Net: NetName=BRAKE_PRESS Pin=J1-19
Removed Pin From Net: NetName=PUMP_CTRL Pin=J1-20
Removed Pin From Net: NetName=3V3 Pin=J1-21
Removed Pin From Net: NetName=AIR+_FB Pin=J1-22
Removed Pin From Net: NetName=SWDIO Pin=J1-23
Removed Pin From Net: NetName=AIR-_FB Pin=J1-24
Removed Pin From Net: NetName=SWCLK Pin=J1-25
Removed Pin From Net: NetName=IMD__OK Pin=J1-26
Removed Pin From Net: NetName=WH_SP_L_IN Pin=J1-27
Removed Pin From Net: NetName=GND Pin=J1-28
Removed Pin From Net: NetName=WH_SP_R_IN Pin=J1-29
Removed Pin From Net: NetName=GND Pin=J2-2
Removed Pin From Net: NetName=HCP_L_CURR_SENS Pin=J2-3
Removed Pin From Net: NetName=GND Pin=J2-4
Removed Pin From Net: NetName=GND Pin=J2-5
Removed Pin From Net: NetName=CAN_SENS_N Pin=J2-6
Removed Pin From Net: NetName=3V3 Pin=J2-7
Removed Pin From Net: NetName=CAN_SENS_P Pin=J2-8
Removed Pin From Net: NetName=MC_PWR_FB Pin=J2-9
Removed Pin From Net: NetName=IMD_RESIST Pin=J2-10
Removed Pin From Net: NetName=MC_EN_FB Pin=J2-11
Removed Pin From Net: NetName=3V3 Pin=J2-12
Removed Pin From Net: NetName=COOL_SYS_TEMP1 Pin=J2-13
Removed Pin From Net: NetName=ACC_FAN_FB Pin=J2-14
Removed Pin From Net: NetName=ACU_PWR Pin=J2-15
Removed Pin From Net: NetName=COOL_SYS_TEMP3 Pin=J2-16
Removed Pin From Net: NetName=PUMP_FB Pin=J2-17
Removed Pin From Net: NetName=5V Pin=J2-18
Removed Pin From Net: NetName=EXTRA_INPUT2 Pin=J2-19
Removed Pin From Net: NetName=FANS_FB Pin=J2-20
Removed Pin From Net: NetName=GND Pin=J2-21
Removed Pin From Net: NetName=BUZR_FB Pin=J2-22
Removed Pin From Net: NetName=CAN_P Pin=J2-23
Removed Pin From Net: NetName=CAN_N Pin=J2-25
Removed Pin From Net: NetName=COOL_SYS_TEMP2 Pin=J2-26
Removed Pin From Net: NetName=SERIAL_Tx Pin=J2-27
Removed Pin From Net: NetName=LVBATT_CURR_SENS Pin=J2-28
Removed Pin From Net: NetName=SERIAL_Rx Pin=J2-29
Change Component Footprint: Designator=J1 Old Footprint=HDR2X15 New Footprint=HDR2X15_CEN
Change Component Footprint: Designator=J2 Old Footprint=HDR2X15 New Footprint=HDR2X15_CEN
Change Component Comment : Designator=J1 Old Comment=Header 15X2 New Comment=Header 15X2A
Change Component Comment : Designator=J2 Old Comment=Header 15X2 New Comment=Header 15X2A
Added Pin To Net: NetName=MC_PWR_CTRL Pin=J1-2
Added Pin To Net: NetName=MC_EN_CTRL Pin=J1-3
Added Pin To Net: NetName=ACC_FAN_CTRL Pin=J1-4
Added Pin To Net: NetName=BUZR_CTRL Pin=J1-5
Added Pin To Net: NetName=SCHT_TAP Pin=J1-6
Added Pin To Net: NetName=ACU_PWR Pin=J1-7
Added Pin To Net: NetName=AMS_CLR_ERR Pin=J1-8
Added Pin To Net: NetName=PRECHRG_CTRL Pin=J1-9
Added Pin To Net: NetName=BRAKE_PRESS Pin=J1-10
Added Pin To Net: NetName=3V3 Pin=J1-11
Added Pin To Net: NetName=SWDIO Pin=J1-12
Added Pin To Net: NetName=SWCLK Pin=J1-13
Added Pin To Net: NetName=WH_SP_L_IN Pin=J1-14
Added Pin To Net: NetName=WH_SP_R_IN Pin=J1-15
Added Pin To Net: NetName=GND Pin=J1-16
Added Pin To Net: NetName=GND Pin=J1-17
Added Pin To Net: NetName=BSPD_OK Pin=J1-18
Added Pin To Net: NetName=NRST Pin=J1-19
Added Pin To Net: NetName=AMS_OK Pin=J1-20
Added Pin To Net: NetName=DCDC_EN_INT Pin=J1-21
Added Pin To Net: NetName=AIR+_CTRL Pin=J1-22
Added Pin To Net: NetName=AIR-_CTRL Pin=J1-23
Added Pin To Net: NetName=FANS_CTRL Pin=J1-24
Added Pin To Net: NetName=PUMP_CTRL Pin=J1-25
Added Pin To Net: NetName=AIR+_FB Pin=J1-26
Added Pin To Net: NetName=AIR-_FB Pin=J1-27
Added Pin To Net: NetName=IMD__OK Pin=J1-28
Added Pin To Net: NetName=GND Pin=J1-29
Added Pin To Net: NetName=HCP_L_CURR_SENS Pin=J2-2
Added Pin To Net: NetName=GND Pin=J2-3
Added Pin To Net: NetName=3V3 Pin=J2-4
Added Pin To Net: NetName=MC_PWR_FB Pin=J2-5
Added Pin To Net: NetName=MC_EN_FB Pin=J2-6
Added Pin To Net: NetName=COOL_SYS_TEMP1 Pin=J2-7
Added Pin To Net: NetName=ACU_PWR Pin=J2-8
Added Pin To Net: NetName=PUMP_FB Pin=J2-9
Added Pin To Net: NetName=EXTRA_INPUT2 Pin=J2-10
Added Pin To Net: NetName=GND Pin=J2-11
Added Pin To Net: NetName=CAN_P Pin=J2-12
Added Pin To Net: NetName=CAN_N Pin=J2-13
Added Pin To Net: NetName=SERIAL_Tx Pin=J2-14
Added Pin To Net: NetName=SERIAL_Rx Pin=J2-15
Added Pin To Net: NetName=GND Pin=J2-16
Added Pin To Net: NetName=GND Pin=J2-17
Added Pin To Net: NetName=CAN_SENS_N Pin=J2-18
Added Pin To Net: NetName=CAN_SENS_P Pin=J2-19
Added Pin To Net: NetName=IMD_RESIST Pin=J2-20
Added Pin To Net: NetName=3V3 Pin=J2-21
Added Pin To Net: NetName=ACC_FAN_FB Pin=J2-22
Added Pin To Net: NetName=COOL_SYS_TEMP3 Pin=J2-23
Added Pin To Net: NetName=FANS_FB Pin=J2-25
Added Pin To Net: NetName=BUZR_FB Pin=J2-26
Added Pin To Net: NetName=5V Pin=J2-27
Added Pin To Net: NetName=COOL_SYS_TEMP2 Pin=J2-28
Added Pin To Net: NetName=LVBATT_CURR_SENS Pin=J2-29
