Removed Pin From Net: NetName=NetF1_1 Pin=F1-1
Removed Pin From Net: NetName=5V Pin=F1-2
Removed Pin From Net: NetName=NetF2_1 Pin=F2-1
Removed Pin From Net: NetName=5V Pin=F2-2
Removed Pin From Net: NetName=NetF3_1 Pin=F3-1
Removed Pin From Net: NetName=5V Pin=F3-2
Change Component Footprint: Designator=F1 Old Footprint=PIN-W2/E2.8 New Footprint=LFUS-45X_V
Change Component Footprint: Designator=F2 Old Footprint=PIN-W2/E2.8 New Footprint=LFUS-45X_V
Change Component Footprint: Designator=F3 Old Footprint=PIN-W2/E2.8 New Footprint=LFUS-45X_V
Change Component Comment : Designator=F1 Old Comment=Fuse 2 New Comment=0451.500MRL
Change Component Comment : Designator=F2 Old Comment=Fuse 2 New Comment=0451.500MRL
Change Component Comment : Designator=F3 Old Comment=Fuse 2 New Comment=0451.500MRL
Change Component Designator: OldDesignator=F1 NewDesignator=F2
Change Component Designator: OldDesignator=F2 NewDesignator=F1
Change Managed Component Library Link : Designator=F2 Old VaultGUID= New VaultGUID=B7D15EC3-160A-466F-A46C-7801FE6295A7 Old ItemGUID= New ItemGUID=10A7A872-9669-4092-85B3-63F11B0B706A Old RevisionGUID= New RevisionGUID=5367E2FA-C79F-4016-A2F5-667BCF6E1564
Change Managed Component Library Link : Designator=F1 Old VaultGUID= New VaultGUID=B7D15EC3-160A-466F-A46C-7801FE6295A7 Old ItemGUID= New ItemGUID=10A7A872-9669-4092-85B3-63F11B0B706A Old RevisionGUID= New RevisionGUID=5367E2FA-C79F-4016-A2F5-667BCF6E1564
Change Managed Component Library Link : Designator=F3 Old VaultGUID= New VaultGUID=B7D15EC3-160A-466F-A46C-7801FE6295A7 Old ItemGUID= New ItemGUID=10A7A872-9669-4092-85B3-63F11B0B706A Old RevisionGUID= New RevisionGUID=5367E2FA-C79F-4016-A2F5-667BCF6E1564
Change component parameters: Designator = "F1" ("F1"); Footprint = "PIN-W2/E2.8"; UniqueID = "\JESEQAYG\GOGNZCIH" ("\JESEQAYG\GOGNZCIH")
Change component parameters (AddParameter): Name = "Current Rating"; Value = "0.5A"; VariantName = "[No Variations]"
Change component parameters (AddParameter): Name = "Datasheet URL"; Value = "http://www.littelfuse.com/products/fuses/surface-mount-fuses/nano-2-fuses/~/media/electronics/datasheets/fuses/littelfuse_fuse_451_453_datasheet.pdf.pdf"; VariantName = "[No Variations]"
Change component parameters (AddParameter): Name = "Datasheet Version"; Value = "02/2016"; VariantName = "[No Variations]"
Change component parameters (AddParameter): Name = "Manufacturer"; Value = "Littelfuse"; VariantName = "[No Variations]"
Change component parameters (AddParameter): Name = "Manufacturer URL"; Value = "http://www.littelfuse.com/"; VariantName = "[No Variations]"
Change component parameters (AddParameter): Name = "Mounting Technology"; Value = "SurfaceMount"; VariantName = "[No Variations]"
Change component parameters (AddParameter): Name = "Operating Temp Range"; Value = "-55to+125°C"; VariantName = "[No Variations]"
Change component parameters (AddParameter): Name = "Package Description"; Value = "2-Pin Surface Mount Device, Body 6.1 x 2.69 mm"; VariantName = "[No Variations]"
Change component parameters (AddParameter): Name = "Package Reference"; Value = "45X"; VariantName = "[No Variations]"
Change component parameters (AddParameter): Name = "Response Characteristic"; Value = "VeryFastActing"; VariantName = "[No Variations]"
Change component parameters (AddParameter): Name = "Size"; Value = "6.10x2.69mm"; VariantName = "[No Variations]"
Change component parameters (AddParameter): Name = "Working Voltage-Max"; Value = "125V"; VariantName = "[No Variations]"
Change component parameters: Designator = "F2" ("F2"); Footprint = "PIN-W2/E2.8"; UniqueID = "\JESEQAYG\GKCBABJZ" ("\JESEQAYG\GKCBABJZ")
Change component parameters (AddParameter): Name = "Current Rating"; Value = "0.5A"; VariantName = "[No Variations]"
Change component parameters (AddParameter): Name = "Datasheet URL"; Value = "http://www.littelfuse.com/products/fuses/surface-mount-fuses/nano-2-fuses/~/media/electronics/datasheets/fuses/littelfuse_fuse_451_453_datasheet.pdf.pdf"; VariantName = "[No Variations]"
Change component parameters (AddParameter): Name = "Datasheet Version"; Value = "02/2016"; VariantName = "[No Variations]"
Change component parameters (AddParameter): Name = "Manufacturer"; Value = "Littelfuse"; VariantName = "[No Variations]"
Change component parameters (AddParameter): Name = "Manufacturer URL"; Value = "http://www.littelfuse.com/"; VariantName = "[No Variations]"
Change component parameters (AddParameter): Name = "Mounting Technology"; Value = "SurfaceMount"; VariantName = "[No Variations]"
Change component parameters (AddParameter): Name = "Operating Temp Range"; Value = "-55to+125°C"; VariantName = "[No Variations]"
Change component parameters (AddParameter): Name = "Package Description"; Value = "2-Pin Surface Mount Device, Body 6.1 x 2.69 mm"; VariantName = "[No Variations]"
Change component parameters (AddParameter): Name = "Package Reference"; Value = "45X"; VariantName = "[No Variations]"
Change component parameters (AddParameter): Name = "Response Characteristic"; Value = "VeryFastActing"; VariantName = "[No Variations]"
Change component parameters (AddParameter): Name = "Size"; Value = "6.10x2.69mm"; VariantName = "[No Variations]"
Change component parameters (AddParameter): Name = "Working Voltage-Max"; Value = "125V"; VariantName = "[No Variations]"
Change component parameters: Designator = "F3" ("F3"); Footprint = "PIN-W2/E2.8"; UniqueID = "\JESEQAYG\YAEIMQRK" ("\JESEQAYG\YAEIMQRK")
Change component parameters (AddParameter): Name = "Current Rating"; Value = "0.5A"; VariantName = "[No Variations]"
Change component parameters (AddParameter): Name = "Datasheet URL"; Value = "http://www.littelfuse.com/products/fuses/surface-mount-fuses/nano-2-fuses/~/media/electronics/datasheets/fuses/littelfuse_fuse_451_453_datasheet.pdf.pdf"; VariantName = "[No Variations]"
Change component parameters (AddParameter): Name = "Datasheet Version"; Value = "02/2016"; VariantName = "[No Variations]"
Change component parameters (AddParameter): Name = "Manufacturer"; Value = "Littelfuse"; VariantName = "[No Variations]"
Change component parameters (AddParameter): Name = "Manufacturer URL"; Value = "http://www.littelfuse.com/"; VariantName = "[No Variations]"
Change component parameters (AddParameter): Name = "Mounting Technology"; Value = "SurfaceMount"; VariantName = "[No Variations]"
Change component parameters (AddParameter): Name = "Operating Temp Range"; Value = "-55to+125°C"; VariantName = "[No Variations]"
Change component parameters (AddParameter): Name = "Package Description"; Value = "2-Pin Surface Mount Device, Body 6.1 x 2.69 mm"; VariantName = "[No Variations]"
Change component parameters (AddParameter): Name = "Package Reference"; Value = "45X"; VariantName = "[No Variations]"
Change component parameters (AddParameter): Name = "Response Characteristic"; Value = "VeryFastActing"; VariantName = "[No Variations]"
Change component parameters (AddParameter): Name = "Size"; Value = "6.10x2.69mm"; VariantName = "[No Variations]"
Change component parameters (AddParameter): Name = "Working Voltage-Max"; Value = "125V"; VariantName = "[No Variations]"
Added Pin To Net: NetName=5V Pin=F1-1
Added Pin To Net: NetName=NetF1_1 Pin=F1-2
Added Pin To Net: NetName=5V Pin=F2-1
Added Pin To Net: NetName=NetF2_1 Pin=F2-2
Added Pin To Net: NetName=5V Pin=F3-1
Added Pin To Net: NetName=NetF3_1 Pin=F3-2
Change Net Name : Old Net Name=NetF1_1 New Net Name=NetF1_2
Change Net Name : Old Net Name=NetF2_1 New Net Name=NetF2_2
Change Net Name : Old Net Name=NetF3_1 New Net Name=NetF3_2
