Removed Pin From Net: NetName=GND Pin=D29-1
Removed Pin From Net: NetName=3V3 Pin=D29-2
Removed Pin From Net: NetName=GND Pin=D30-1
Removed Pin From Net: NetName=5V Pin=D30-2
Removed Pin From Net: NetName=GND Pin=J1-B13
Removed Pin From Net: NetName=NetQ1_1 Pin=Q1-1
Removed Pin From Net: NetName=GND Pin=Q1-2
Removed Pin From Net: NetName=AMS_CLR_ERR Pin=Q1-3
Removed Pin From Net: NetName=NetQ2_1 Pin=Q2-1
Removed Pin From Net: NetName=GND Pin=Q2-2
Removed Pin From Net: NetName=DCDC_EN_INT Pin=Q2-3
Removed Pin From Net: NetName=NetQ3_1 Pin=Q3-1
Removed Pin From Net: NetName=GND Pin=Q3-2
Removed Pin From Net: NetName=PRECHRG_CTRL Pin=Q3-3
Removed Pin From Net: NetName=NetQ4_1 Pin=Q4-1
Removed Pin From Net: NetName=GND Pin=Q4-2
Removed Pin From Net: NetName=AIR-_CTRL Pin=Q4-3
Removed Pin From Net: NetName=NetQ5_1 Pin=Q5-1
Removed Pin From Net: NetName=GND Pin=Q5-2
Removed Pin From Net: NetName=AIR+_CTRL Pin=Q5-3
Removed Pin From Net: NetName=3V3 Pin=R93-1
Removed Pin From Net: NetName=5V Pin=R94-1
Change Component Footprint: Designator=L1 Old Footprint=1608[0603] New Footprint=0402-A
Change Component Footprint: Designator=R1 Old Footprint=1608[0603] New Footprint=AXIAL-0.3
Change Component Footprint: Designator=R2 Old Footprint=1608[0603] New Footprint=AXIAL-0.3
Change Component Footprint: Designator=R3 Old Footprint=1608[0603] New Footprint=AXIAL-0.3
Change Component Footprint: Designator=R4 Old Footprint=1608[0603] New Footprint=AXIAL-0.3
Change Component Footprint: Designator=R5 Old Footprint=1608[0603] New Footprint=AXIAL-0.3
Change Component Footprint: Designator=R6 Old Footprint=1608[0603] New Footprint=AXIAL-0.3
Change Component Footprint: Designator=R7 Old Footprint=1608[0603] New Footprint=AXIAL-0.3
Change Component Footprint: Designator=R8 Old Footprint=1608[0603] New Footprint=AXIAL-0.3
Change Component Footprint: Designator=R9 Old Footprint=1608[0603] New Footprint=AXIAL-0.3
Change Component Footprint: Designator=R10 Old Footprint=1608[0603] New Footprint=AXIAL-0.3
Change Component Footprint: Designator=R11 Old Footprint=1608[0603] New Footprint=AXIAL-0.3
Change Component Footprint: Designator=R12 Old Footprint=1608[0603] New Footprint=AXIAL-0.3
Change Component Footprint: Designator=R13 Old Footprint=1608[0603] New Footprint=AXIAL-0.3
Change Component Footprint: Designator=R14 Old Footprint=1608[0603] New Footprint=AXIAL-0.3
Change Component Footprint: Designator=R15 Old Footprint=1608[0603] New Footprint=AXIAL-0.3
Change Component Footprint: Designator=R16 Old Footprint=1608[0603] New Footprint=AXIAL-0.3
Change Component Footprint: Designator=R17 Old Footprint=1608[0603] New Footprint=AXIAL-0.3
Change Component Footprint: Designator=R18 Old Footprint=1608[0603] New Footprint=AXIAL-0.3
Change Component Footprint: Designator=R19 Old Footprint=1608[0603] New Footprint=AXIAL-0.3
Change Component Footprint: Designator=R20 Old Footprint=1608[0603] New Footprint=AXIAL-0.3
Change Component Footprint: Designator=R21 Old Footprint=1608[0603] New Footprint=AXIAL-0.3
Change Component Footprint: Designator=R22 Old Footprint=1608[0603] New Footprint=AXIAL-0.3
Change Component Footprint: Designator=R23 Old Footprint=1608[0603] New Footprint=AXIAL-0.3
Change Component Footprint: Designator=R24 Old Footprint=1608[0603] New Footprint=AXIAL-0.3
Change Component Footprint: Designator=R25 Old Footprint=1608[0603] New Footprint=AXIAL-0.3
Change Component Footprint: Designator=R26 Old Footprint=1608[0603] New Footprint=AXIAL-0.3
Change Component Footprint: Designator=R27 Old Footprint=1608[0603] New Footprint=AXIAL-0.3
Change Component Footprint: Designator=R28 Old Footprint=1608[0603] New Footprint=AXIAL-0.3
Change Component Footprint: Designator=R29 Old Footprint=1608[0603] New Footprint=AXIAL-0.3
Change Component Footprint: Designator=R30 Old Footprint=1608[0603] New Footprint=AXIAL-0.3
Change Component Footprint: Designator=R31 Old Footprint=1608[0603] New Footprint=AXIAL-0.3
Change Component Footprint: Designator=R32 Old Footprint=1608[0603] New Footprint=AXIAL-0.3
Change Component Footprint: Designator=R33 Old Footprint=1608[0603] New Footprint=AXIAL-0.3
Change Component Footprint: Designator=R34 Old Footprint=1608[0603] New Footprint=AXIAL-0.3
Change Component Footprint: Designator=R35 Old Footprint=1608[0603] New Footprint=AXIAL-0.3
Change Component Footprint: Designator=R36 Old Footprint=1608[0603] New Footprint=AXIAL-0.3
Change Component Footprint: Designator=R37 Old Footprint=1608[0603] New Footprint=AXIAL-0.3
Change Component Footprint: Designator=R38 Old Footprint=1608[0603] New Footprint=AXIAL-0.3
Change Component Footprint: Designator=R39 Old Footprint=1608[0603] New Footprint=AXIAL-0.3
Change Component Footprint: Designator=R40 Old Footprint=1608[0603] New Footprint=AXIAL-0.3
Change Component Footprint: Designator=R41 Old Footprint=1608[0603] New Footprint=AXIAL-0.3
Change Component Footprint: Designator=R42 Old Footprint=1608[0603] New Footprint=AXIAL-0.3
Change Component Footprint: Designator=R43 Old Footprint=1608[0603] New Footprint=AXIAL-0.3
Change Component Footprint: Designator=R44 Old Footprint=1608[0603] New Footprint=AXIAL-0.3
Change Component Footprint: Designator=R45 Old Footprint=1608[0603] New Footprint=AXIAL-0.3
Change Component Footprint: Designator=R46 Old Footprint=1608[0603] New Footprint=AXIAL-0.3
Change Component Footprint: Designator=R47 Old Footprint=1608[0603] New Footprint=AXIAL-0.3
Change Component Footprint: Designator=R48 Old Footprint=1608[0603] New Footprint=AXIAL-0.3
Change Component Footprint: Designator=R49 Old Footprint=1608[0603] New Footprint=AXIAL-0.3
Change Component Footprint: Designator=R50 Old Footprint=1608[0603] New Footprint=AXIAL-0.3
Change Component Footprint: Designator=R51 Old Footprint=1608[0603] New Footprint=AXIAL-0.3
Change Component Footprint: Designator=R52 Old Footprint=1608[0603] New Footprint=AXIAL-0.3
Change Component Footprint: Designator=R53 Old Footprint=1608[0603] New Footprint=AXIAL-0.3
Change Component Footprint: Designator=R54 Old Footprint=1608[0603] New Footprint=AXIAL-0.3
Change Component Footprint: Designator=R55 Old Footprint=1608[0603] New Footprint=AXIAL-0.3
Change Component Footprint: Designator=R56 Old Footprint=1608[0603] New Footprint=AXIAL-0.3
Change Component Footprint: Designator=R57 Old Footprint=1608[0603] New Footprint=AXIAL-0.3
Change Component Footprint: Designator=R58 Old Footprint=1608[0603] New Footprint=AXIAL-0.3
Change Component Footprint: Designator=R59 Old Footprint=1608[0603] New Footprint=AXIAL-0.3
Change Component Footprint: Designator=R60 Old Footprint=1608[0603] New Footprint=AXIAL-0.3
Change Component Footprint: Designator=R61 Old Footprint=1608[0603] New Footprint=AXIAL-0.3
Change Component Footprint: Designator=R62 Old Footprint=1608[0603] New Footprint=AXIAL-0.3
Change Component Footprint: Designator=R63 Old Footprint=1608[0603] New Footprint=AXIAL-0.3
Change Component Footprint: Designator=R64 Old Footprint=1608[0603] New Footprint=AXIAL-0.3
Change Component Footprint: Designator=R65 Old Footprint=1608[0603] New Footprint=AXIAL-0.3
Change Component Footprint: Designator=R67 Old Footprint=1608[0603] New Footprint=AXIAL-0.3
Change Component Footprint: Designator=R68 Old Footprint=1608[0603] New Footprint=AXIAL-0.3
Change Component Footprint: Designator=R69 Old Footprint=1608[0603] New Footprint=AXIAL-0.3
Change Component Footprint: Designator=R70 Old Footprint=1608[0603] New Footprint=AXIAL-0.3
Change Component Footprint: Designator=R71 Old Footprint=1608[0603] New Footprint=AXIAL-0.3
Change Component Footprint: Designator=R72 Old Footprint=1608[0603] New Footprint=AXIAL-0.3
Change Component Footprint: Designator=R73 Old Footprint=1608[0603] New Footprint=AXIAL-0.3
Change Component Footprint: Designator=R74 Old Footprint=1608[0603] New Footprint=AXIAL-0.3
Change Component Footprint: Designator=R75 Old Footprint=1608[0603] New Footprint=AXIAL-0.3
Change Component Footprint: Designator=R76 Old Footprint=1608[0603] New Footprint=AXIAL-0.3
Change Component Footprint: Designator=R77 Old Footprint=1608[0603] New Footprint=AXIAL-0.3
Change Component Footprint: Designator=R78 Old Footprint=1608[0603] New Footprint=AXIAL-0.3
Change Component Footprint: Designator=R79 Old Footprint=1608[0603] New Footprint=AXIAL-0.3
Change Component Footprint: Designator=R80 Old Footprint=1608[0603] New Footprint=AXIAL-0.3
Change Component Footprint: Designator=R81 Old Footprint=1608[0603] New Footprint=AXIAL-0.3
Change Component Footprint: Designator=R82 Old Footprint=1608[0603] New Footprint=AXIAL-0.3
Change Component Footprint: Designator=R83 Old Footprint=1608[0603] New Footprint=AXIAL-0.3
Change Component Footprint: Designator=R84 Old Footprint=1608[0603] New Footprint=AXIAL-0.3
Change Component Footprint: Designator=R85 Old Footprint=1608[0603] New Footprint=AXIAL-0.3
Change Component Footprint: Designator=R86 Old Footprint=1608[0603] New Footprint=AXIAL-0.3
Change Component Footprint: Designator=R87 Old Footprint=1608[0603] New Footprint=AXIAL-0.3
Change Component Footprint: Designator=R88 Old Footprint=1608[0603] New Footprint=AXIAL-0.3
Change Component Footprint: Designator=R89 Old Footprint=1608[0603] New Footprint=AXIAL-0.3
Change Component Footprint: Designator=R90 Old Footprint=1608[0603] New Footprint=AXIAL-0.3
Change Component Footprint: Designator=R91 Old Footprint=1608[0603] New Footprint=AXIAL-0.3
Change Component Footprint: Designator=R92 Old Footprint=1608[0603] New Footprint=AXIAL-0.3
Change Component Footprint: Designator=R95 Old Footprint=1608[0603] New Footprint=AXIAL-0.3
Change Component Footprint: Designator=R96 Old Footprint=1608[0603] New Footprint=AXIAL-0.3
Change Component Footprint: Designator=R97 Old Footprint=1608[0603] New Footprint=AXIAL-0.3
Change Component Footprint: Designator=R98 Old Footprint=1608[0603] New Footprint=AXIAL-0.3
Change Component Footprint: Designator=R99 Old Footprint=1608[0603] New Footprint=AXIAL-0.3
Change Component Footprint: Designator=R100 Old Footprint=1608[0603] New Footprint=AXIAL-0.3
Change Component Footprint: Designator=C1 Old Footprint=1608[0603] New Footprint=RAD-0.3
Change Component Footprint: Designator=C2 Old Footprint=1608[0603] New Footprint=RAD-0.3
Change Component Footprint: Designator=C3 Old Footprint=1608[0603] New Footprint=RAD-0.3
Change Component Footprint: Designator=C4 Old Footprint=1608[0603] New Footprint=RAD-0.3
Change Component Footprint: Designator=C5 Old Footprint=1608[0603] New Footprint=RAD-0.3
Change Component Footprint: Designator=C6 Old Footprint=1608[0603] New Footprint=RAD-0.3
Change Component Footprint: Designator=C7 Old Footprint=1608[0603] New Footprint=RAD-0.3
Change Component Footprint: Designator=C8 Old Footprint=1608[0603] New Footprint=RAD-0.3
Change Component Footprint: Designator=C9 Old Footprint=1608[0603] New Footprint=RAD-0.3
Change Component Footprint: Designator=C10 Old Footprint=1608[0603] New Footprint=RAD-0.3
Change Component Footprint: Designator=C11 Old Footprint=1608[0603] New Footprint=RAD-0.3
Change Component Footprint: Designator=C12 Old Footprint=1608[0603] New Footprint=RAD-0.3
Change Component Footprint: Designator=C13 Old Footprint=1608[0603] New Footprint=RAD-0.3
Change Component Footprint: Designator=C14 Old Footprint=1608[0603] New Footprint=RAD-0.3
Change Component Footprint: Designator=C15 Old Footprint=1608[0603] New Footprint=RAD-0.3
Change Component Footprint: Designator=C16 Old Footprint=1608[0603] New Footprint=RAD-0.3
Change Component Footprint: Designator=C17 Old Footprint=1608[0603] New Footprint=RAD-0.3
Change Component Footprint: Designator=C18 Old Footprint=1608[0603] New Footprint=RAD-0.3
Change Component Footprint: Designator=C19 Old Footprint=1608[0603] New Footprint=RAD-0.3
Change Component Footprint: Designator=C20 Old Footprint=1608[0603] New Footprint=RAD-0.3
Change Component Footprint: Designator=C21 Old Footprint=1608[0603] New Footprint=RAD-0.3
Change Component Footprint: Designator=C22 Old Footprint=1608[0603] New Footprint=RAD-0.3
Change Component Footprint: Designator=C23 Old Footprint=1608[0603] New Footprint=RAD-0.3
Change Component Footprint: Designator=C24 Old Footprint=1608[0603] New Footprint=RAD-0.3
Change Component Footprint: Designator=C25 Old Footprint=1608[0603] New Footprint=RAD-0.3
Change Component Footprint: Designator=C26 Old Footprint=1608[0603] New Footprint=RAD-0.3
Change Component Footprint: Designator=C27 Old Footprint=1608[0603] New Footprint=RAD-0.3
Change Component Footprint: Designator=C28 Old Footprint=1608[0603] New Footprint=RAD-0.3
Change Component Footprint: Designator=C29 Old Footprint=1608[0603] New Footprint=RAD-0.3
Change Component Footprint: Designator=C30 Old Footprint=1608[0603] New Footprint=RAD-0.3
Change Component Footprint: Designator=C31 Old Footprint=1608[0603] New Footprint=RAD-0.3
Change Component Footprint: Designator=C32 Old Footprint=1608[0603] New Footprint=RAD-0.3
Change Component Footprint: Designator=C33 Old Footprint=1608[0603] New Footprint=RAD-0.3
Change Component Footprint: Designator=C34 Old Footprint=1608[0603] New Footprint=RAD-0.3
Change Component Footprint: Designator=C35 Old Footprint=1608[0603] New Footprint=RAD-0.3
Change Component Footprint: Designator=C36 Old Footprint=1608[0603] New Footprint=RAD-0.3
Change Component Footprint: Designator=C37 Old Footprint=1608[0603] New Footprint=RAD-0.3
Change Component Footprint: Designator=C38 Old Footprint=1608[0603] New Footprint=RAD-0.3
Change Component Footprint: Designator=C39 Old Footprint=1608[0603] New Footprint=RAD-0.3
Change Component Footprint: Designator=C40 Old Footprint=1608[0603] New Footprint=RAD-0.3
Change Component Footprint: Designator=C41 Old Footprint=1608[0603] New Footprint=RAD-0.3
Change Component Footprint: Designator=C42 Old Footprint=1608[0603] New Footprint=RAD-0.3
Change Component Footprint: Designator=C43 Old Footprint=1608[0603] New Footprint=RAD-0.3
Change Component Footprint: Designator=C44 Old Footprint=1608[0603] New Footprint=RAD-0.3
Change Component Footprint: Designator=C45 Old Footprint=1608[0603] New Footprint=RAD-0.3
Change Component Footprint: Designator=F1 Old Footprint=C1210 New Footprint=PIN-W2/E2.8
Change Component Footprint: Designator=F2 Old Footprint=C1210 New Footprint=PIN-W2/E2.8
Change Component Footprint: Designator=F3 Old Footprint=C1210 New Footprint=PIN-W2/E2.8
Change Component Footprint: Designator=Q1 Old Footprint=SOT-23_N New Footprint=E3
Change Component Footprint: Designator=Q2 Old Footprint=SOT-23_N New Footprint=E3
Change Component Footprint: Designator=Q3 Old Footprint=SOT-23_N New Footprint=E3
Change Component Footprint: Designator=Q4 Old Footprint=SOT-23_N New Footprint=E3
Change Component Footprint: Designator=Q5 Old Footprint=SOT-23_N New Footprint=E3
Change Component Footprint: Designator=U3 Old Footprint=STM-LQFP100_M New Footprint=STM-LQFP100_L
Change Component Comment : Designator=Q1 Old Comment= New Comment=MOSFET-N
Change Component Comment : Designator=Q2 Old Comment= New Comment=MOSFET-N
Change Component Comment : Designator=Q3 Old Comment= New Comment=MOSFET-N
Change Component Comment : Designator=Q4 Old Comment= New Comment=MOSFET-N
Change Component Comment : Designator=Q5 Old Comment= New Comment=MOSFET-N
Change Component Comment : Designator=R33 Old Comment=10K New Comment=Res1
Change Component Comment : Designator=R34 Old Comment=10K New Comment=Res1
Change Component Comment : Designator=R38 Old Comment=10K New Comment=Res1
Change Component Comment : Designator=R55 Old Comment=10K New Comment=Res1
Change Component Comment : Designator=R56 Old Comment=10K New Comment=Res1
Change Component Comment : Designator=R57 Old Comment=10K New Comment=Res1
Change Component Comment : Designator=R32 Old Comment=120 New Comment=Res1
Change Component Comment : Designator=R37 Old Comment=120 New Comment=Res1
Change Component Comment : Designator=R59 Old Comment=120 New Comment=Res1
Change Component Comment : Designator=R60 Old Comment=120 New Comment=Res1
Change Component Comment : Designator=R61 Old Comment=120 New Comment=Res1
Change Component Comment : Designator=R66 Old Comment=560 New Comment=RES0603
Change Component Comment : Designator=D14 Old Comment=BEAR EYE New Comment=TLSU1008A(T04)
Change Component Comment : Designator=L1 Old Comment=Ferrite Bead New Comment=Inductor
Change Component Comment : Designator=U3 Old Comment=STM32F446RELQFP100 New Comment=STM32F439VIT6
Added Pin To Net: NetName=AMS_CLR_ERR Pin=Q1-1
Added Pin To Net: NetName=NetQ1_1 Pin=Q1-2
Added Pin To Net: NetName=GND Pin=Q1-3
Added Pin To Net: NetName=DCDC_EN_INT Pin=Q2-1
Added Pin To Net: NetName=NetQ2_1 Pin=Q2-2
Added Pin To Net: NetName=GND Pin=Q2-3
Added Pin To Net: NetName=PRECHRG_CTRL Pin=Q3-1
Added Pin To Net: NetName=NetQ3_1 Pin=Q3-2
Added Pin To Net: NetName=GND Pin=Q3-3
Added Pin To Net: NetName=AIR-_CTRL Pin=Q4-1
Added Pin To Net: NetName=NetQ4_1 Pin=Q4-2
Added Pin To Net: NetName=GND Pin=Q4-3
Added Pin To Net: NetName=AIR+_CTRL Pin=Q5-1
Added Pin To Net: NetName=NetQ5_1 Pin=Q5-2
Added Pin To Net: NetName=GND Pin=Q5-3
Added Pin To Net: NetName=OSC1_IN Pin=U3-8
Added Pin To Net: NetName=OSC1_OUT Pin=U3-9
Change Net Name : Old Net Name=NetQ1_1 New Net Name=NetQ1_2
Change Net Name : Old Net Name=NetQ2_1 New Net Name=NetQ2_2
Change Net Name : Old Net Name=NetQ3_1 New Net Name=NetQ3_2
Change Net Name : Old Net Name=NetQ4_1 New Net Name=NetQ4_2
Change Net Name : Old Net Name=NetQ5_1 New Net Name=NetQ5_2
Added Pin To Net: NetName=BSPD_OK Pin=J1-B13
Added Net: Name=BSPD_OK
Added Net: Name=SERIAL_Rx
Added Net: Name=SERIAL_Tx
Added Net: Name=WH_SP_L_IN
Added Net: Name=WH_SP_R_IN
Change Room Name: Old Name=Designator_5 New Name=Designator
Change Room Name: Old Name=Designator_4 New Name=Designator
Change Room Name: Old Name=Designator_6 New Name=Designator
Added Room: Name=Designator
Added Room: Name=Designator
Added Room: Name=Designator
