Removed Pin From Net: NetName=GND Pin=C7-1
Removed Pin From Net: NetName=GND Pin=C33-1
Removed Pin From Net: NetName=GND Pin=C39-1
Removed Pin From Net: NetName=GND Pin=C44-1
Removed Pin From Net: NetName=GND Pin=D9-1
Removed Pin From Net: NetName=3V3 Pin=D9-2
Removed Pin From Net: NetName=GND Pin=D26-1
Removed Pin From Net: NetName=3V3 Pin=D26-2
Removed Pin From Net: NetName=3V3 Pin=D31-1
Removed Pin From Net: NetName=GND Pin=D32-2
Removed Pin From Net: NetName=3V3 Pin=D33-1
Removed Pin From Net: NetName=GND Pin=D34-2
Removed Pin From Net: NetName=GND Pin=R5-2
Removed Pin From Net: NetName=GND Pin=R86-2
Removed Pin From Net: NetName=ACU_PWR Pin=R95-2
Removed Pin From Net: NetName=ACU_PWR Pin=R97-2
Removed Member From Class: ClassName=Designator Member=C39
Removed Member From Class: ClassName=Designator Member=C44
Removed Member From Class: ClassName=Designator Member=D31
Removed Member From Class: ClassName=Designator Member=D32
Removed Member From Class: ClassName=Designator Member=D33
Removed Member From Class: ClassName=Designator Member=D34
Removed Member From Class: ClassName=Designator Member=R95
Removed Member From Class: ClassName=Designator Member=R96
Removed Member From Class: ClassName=Designator Member=R97
Removed Member From Class: ClassName=Designator Member=R98
Add Class: Class already exists: Designator
Add Class: Class already exists: Designator
Add Class: Class already exists: Designator
Add Class: Class already exists: Designator
Add Class: Class already exists: Designator
Add Class: Class already exists: Designator
