Change Component Designator: Old Designator=C8 New Designator=C?
Change Component Designator: Old Designator=C9 New Designator=C?
Change Component Designator: Old Designator=C10 New Designator=C?
Change Component Designator: Old Designator=D12 New Designator=D?
Change Component Designator: Old Designator=Q11 New Designator=Q?
Change Component Designator: Old Designator=Q12 New Designator=Q?
Change Component Designator: Old Designator=Q13 New Designator=Q?
Change Component Designator: Old Designator=Q14 New Designator=Q?
Change Component Designator: Old Designator=Q15 New Designator=Q?
Change Component Designator: Old Designator=Q16 New Designator=Q?
Change Component Designator: Old Designator=Q17 New Designator=Q?
Change Component Designator: Old Designator=Q18 New Designator=Q?
Change Component Designator: Old Designator=Q19 New Designator=Q?
Change Component Designator: Old Designator=Q20 New Designator=Q?
Change Component Designator: Old Designator=Q21 New Designator=Q?
Change Component Designator: Old Designator=R48 New Designator=R?
Change Component Designator: Old Designator=R49 New Designator=R?
Change Component Designator: Old Designator=R50 New Designator=R?
Change Component Designator: Old Designator=R51 New Designator=R?
Change Component Designator: Old Designator=R52 New Designator=R?
Change Component Designator: Old Designator=R53 New Designator=R?
Change Component Designator: Old Designator=R54 New Designator=R?
Change Component Designator: Old Designator=R55 New Designator=R?
Change Component Designator: Old Designator=R56 New Designator=R?
Change Component Designator: Old Designator=R57 New Designator=R?
Change Component Designator: Old Designator=R58 New Designator=R?
Change Component Designator: Old Designator=R59 New Designator=R?
Change Component Designator: Old Designator=R60 New Designator=R?
Change Component Designator: Old Designator=R61 New Designator=R?
Change Component Designator: Old Designator=R62 New Designator=R?
Change Component Designator: Old Designator=U6 New Designator=U?
Change Component Designator: Old Designator=U7 New Designator=U?
Change Component Designator: Old Designator=U8 New Designator=U?
Change Component Designator: Old Designator=U9 New Designator=U?
