Removed Pin From Net: NetName=LATCHING_Delayed Pin=BSPD-A3
Removed Pin From Net: NetName=LATCHING_Delayed Pin=D9-2
Removed Pin From Net: NetName=LATCHING_Delayed Pin=D10-2
Removed Pin From Net: NetName=LATCHING_Delayed Pin=J4-A3
Removed Pin From Net: NetName=LATCHING_Delayed Pin=R16-2
Removed Pin From Net: NetName=LATCHING_Delayed Pin=R17-1
Removed Pin From Net: NetName=LATCHING_Delayed Pin=R21-1
Add Net: Net with name "LATCHING_Delayed" already exists
Added Pin To Net: NetName=NetQ13_1 Pin=Q13-1
Added Pin To Net: NetName=NetQ13_1 Pin=R54-2
Added Net: Name=NetQ13_1
Add Class: Class already exists: Designator
Add Class: Class already exists: Designator
Add Class: Class already exists: Designator
Add Class: Class already exists: Designator
Add Class: Class already exists: Designator
Add Class Member: Failed to add class member : Component Jumper1 Jumper
Add Class Member: Failed to add class member : Component Jumper2 Jumper
Add Class Member: Failed to add class member : Component Jumper3 Jumper
Change Room Name: Old Name=Designator_5 New Name=Designator
Change Room Name: Old Name=Designator_4 New Name=Designator
Change Room Name: Old Name=Designator_3 New Name=Designator
Added Room: Name=Designator
Added Room: Name=Designator
