Added Component: Designator=Q(SO08-E3)
Add component (AddParameter): Name = "Availability"; Value = "Unavailable"; VariantName = "[No Variations]"
Add component (AddParameter): Name = "MF"; Value = "ON Semiconductor"; VariantName = "[No Variations]"
Add component (AddParameter): Name = "MP"; Value = "FDS6675"; VariantName = "[No Variations]"
Add component (AddParameter): Name = "Package"; Value = "SO-8 ON Semiconductor"; VariantName = "[No Variations]"
Add component (AddParameter): Name = "Price"; Value = "None"; VariantName = "[No Variations]"
Add component (AddParameter): Name = "SnapEDA_Link"; Value = "https://www.snapeda.com/parts/FDS6675/ON%20Semiconductor/view-part/1666192/?ref=snap"; VariantName = "[No Variations]"
Add component (AddParameter): Name = "Value"; Value = ""; VariantName = "[No Variations]"
Added Pin To Net: NetName=LATCHING_Delayed Pin=Q-1-3
Added Pin To Net: NetName=ACU_PWR Pin=Q-5-8
Added Pin To Net: NetName=NetQ_4 Pin=Q-4
Added Pin To Net: NetName=NetQ_4 Pin=R46-2
Added Net: Name=NetQ_4
Add Class: Class already exists: Designator
Add Class: Class already exists: Designator
Add Class: Class already exists: Designator
Add Class: Class already exists: Designator
Add Class: Class already exists: Designator
Added Room: Name=Designator
Added Room: Name=Designator
Added Room: Name=Designator
