Removed Pin From Net: NetName=IMD_PWR Pin=CN1-1
Removed Pin From Net: NetName=BSPD_TEST Pin=CN1-3
Removed Pin From Net: NetName=EMETER_PWR Pin=CN1-4
Removed Pin From Net: NetName=PRECHRG_CTRL Pin=CN1-6
Removed Pin From Net: NetName=IMD_RESIST Pin=CN1-7
Removed Pin From Net: NetName=AMS_CLR_ERR Pin=CN1-9
Removed Pin From Net: NetName=EXTRA_INPUT2 Pin=CN1-10
Removed Pin From Net: NetName=AIR+_FB Pin=CN1-12
Removed Pin From Net: NetName=AIR-_FB Pin=CN1-13
Removed Pin From Net: NetName=EXTRA_INPUT1 Pin=CN1-15
Removed Pin From Net: NetName=SCHT_TAP Pin=CN1-21
Removed Pin From Net: NetName=HCP_SENS_PWR Pin=CN1-22
Removed Pin From Net: NetName=HCP_L_CURR_SENS Pin=CN1-24
Removed Pin From Net: NetName=CHASSIS_GND Pin=CN1-25
Removed Pin From Net: NetName=TS_ACTIVE Pin=CN1-27
Removed Pin From Net: NetName=GND Pin=CN1-28
Removed Pin From Net: NetName=SCHT_FROM_AUX_TO_ACC Pin=CN1-30
Removed Pin From Net: NetName=SWCLK Pin=CN1-31
Removed Pin From Net: NetName=VBATT_RAW Pin=CN1-34
Removed Pin From Net: NetName=SERIAL_Rx Pin=CN1-36
Removed Pin From Net: NetName=SERIAL_Tx Pin=CN1-37
Added Pin To Net: NetName=BSPD_TEST Pin=CN1-1
Added Pin To Net: NetName=IMD_PWR Pin=CN1-3
Added Pin To Net: NetName=PRECHRG_CTRL Pin=CN1-4
Added Pin To Net: NetName=EMETER_PWR Pin=CN1-6
Added Pin To Net: NetName=AMS_CLR_ERR Pin=CN1-7
Added Pin To Net: NetName=IMD_RESIST Pin=CN1-9
Added Pin To Net: NetName=AIR+_FB Pin=CN1-10
Added Pin To Net: NetName=EXTRA_INPUT2 Pin=CN1-12
Added Pin To Net: NetName=EXTRA_INPUT1 Pin=CN1-13
Added Pin To Net: NetName=AIR-_FB Pin=CN1-15
Added Pin To Net: NetName=SCHT_TAP Pin=CN1-19
Added Pin To Net: NetName=HCP_L_CURR_SENS Pin=CN1-22
Added Pin To Net: NetName=HCP_SENS_PWR Pin=CN1-24
Added Pin To Net: NetName=TS_ACTIVE Pin=CN1-25
Added Pin To Net: NetName=CHASSIS_GND Pin=CN1-27
Added Pin To Net: NetName=SCHT_FROM_AUX_TO_ACC Pin=CN1-28
Added Pin To Net: NetName=GND Pin=CN1-30
Added Pin To Net: NetName=SWCLK Pin=CN1-33
Added Pin To Net: NetName=SERIAL_Rx Pin=CN1-34
Added Pin To Net: NetName=VBATT_RAW Pin=CN1-36
Added Pin To Net: NetName=SERIAL_Tx Pin=CN1-39
Add Class: Class already exists: Designator
Add Class: Class already exists: Designator
Add Class: Class already exists: Designator
Add Class: Class already exists: Designator
Added Member To Class: ClassName=1  - Connectors Member=Component CN1 5-1418363-1
Added Member To Class: ClassName=1  - Connectors Member=Component CN2 5-1418363-1
Add Class Member: Failed to add class member : Component Jumper1 Jumper
Change Room Name: Old Name=Designator_7 New Name=Designator
Change Room Name: Old Name=Designator_6 New Name=Designator
Added Room: Name=Designator
Added Room: Name=Designator
