Removed Pin From Net: NetName=GND Pin=*1-2
Removed Pin From Net: NetName=PUMP_CTRL Pin=*1-3
Removed Pin From Net: NetName=PUMP_FB Pin=*1-4
Removed Pin From Net: NetName=PUMP_FUSE Pin=*1-8
Removed Pin From Net: NetName=PUMP_FUSE Pin=*1-9
Removed Pin From Net: NetName=PUMP_FUSE Pin=*1-10
Removed Pin From Net: NetName=PUMP_FUSE Pin=*1-11
Removed Pin From Net: NetName=VS Pin=*1-EPAD
Removed Pin From Net: NetName=GND Pin=*-2
Removed Pin From Net: NetName=FANS_CTRL Pin=*-3
Removed Pin From Net: NetName=FANS_FUSE Pin=*-8
Removed Pin From Net: NetName=FANS_FUSE Pin=*-9
Removed Pin From Net: NetName=FANS_FUSE Pin=*-10
Removed Pin From Net: NetName=FANS_FUSE Pin=*-11
Removed Pin From Net: NetName=VS Pin=*-EPAD
Added Component: Designator=LD?(SO_050AJ-E_STM)
Added Component: Designator=LD?(SO_050AJ-E_STM)
Added Pin To Net: NetName=GND Pin=LD?-2
Added Pin To Net: NetName=GND Pin=LD?-2
Added Pin To Net: NetName=FANS_CTRL Pin=LD?-3
Added Pin To Net: NetName=PUMP_CTRL Pin=LD?-3
Added Pin To Net: NetName=FANS_FUSE Pin=LD?-8
Added Pin To Net: NetName=PUMP_FUSE Pin=LD?-8
Added Pin To Net: NetName=FANS_FUSE Pin=LD?-9
Added Pin To Net: NetName=PUMP_FUSE Pin=LD?-9
Added Pin To Net: NetName=FANS_FUSE Pin=LD?-10
Added Pin To Net: NetName=PUMP_FUSE Pin=LD?-10
Added Pin To Net: NetName=FANS_FUSE Pin=LD?-11
Added Pin To Net: NetName=PUMP_FUSE Pin=LD?-11
Added Pin To Net: NetName=VS Pin=LD?-EPAD
Added Pin To Net: NetName=VS Pin=LD?-EPAD
Added Pin To Net: NetName=NetLD?_5 Pin=LD?-5
Added Pin To Net: NetName=NetLD?_5 Pin=R8-2
Added Net: Name=NetLD?_5
Add Net: Net with name "NetLD?_5" already exists
Add Class: Class already exists: Designator
Add Class: Class already exists: Designator
Add Class: Class already exists: Designator
Add Class: Class already exists: Designator
Add Class Member: Failed to add class member : Component Jumper1 Jumper
Added Room: Name=Designator
Added Room: Name=Designator
Added Room: Name=Designator
