Removed Pin From Net: NetName=GND Pin=C4-1
Removed Pin From Net: NetName=5V Pin=C4-2
Removed Pin From Net: NetName=GND Pin=C5-1
Removed Pin From Net: NetName=LVBATT_CURR_SENS Pin=C5-2
Removed Pin From Net: NetName=GND Pin=C14-1
Removed Pin From Net: NetName=VS Pin=C14-2
Removed Pin From Net: NetName=GND Pin=C17-1
Removed Pin From Net: NetName=VS Pin=C17-2
Removed Pin From Net: NetName=GND Pin=C20-1
Removed Pin From Net: NetName=VS Pin=C20-2
Removed Pin From Net: NetName=GND Pin=C21-1
Removed Pin From Net: NetName=VS Pin=C21-2
Removed Pin From Net: NetName=GND Pin=CON2-A1
Removed Pin From Net: NetName=GND Pin=CON2-A3
Removed Pin From Net: NetName=GND Pin=CON2-A6
Removed Pin From Net: NetName=GND Pin=CON2-A11
Removed Pin From Net: NetName=GND Pin=D2-1
Removed Pin From Net: NetName=GND Pin=D22-1
Removed Pin From Net: NetName=PUMP_FUSE Pin=D22-2
Removed Pin From Net: NetName=GND Pin=D23-1
Removed Pin From Net: NetName=FANS_FUSE Pin=D23-2
Removed Pin From Net: NetName=VBATT_FUSE Pin=D25-K
Removed Pin From Net: NetName=GND Pin=LD2-2
Removed Pin From Net: NetName=FANS_CTRL Pin=LD2-3
Removed Pin From Net: NetName=FANS_FB Pin=LD2-4
Removed Pin From Net: NetName=FANS_FUSE Pin=LD2-8
Removed Pin From Net: NetName=FANS_FUSE Pin=LD2-9
Removed Pin From Net: NetName=FANS_FUSE Pin=LD2-10
Removed Pin From Net: NetName=FANS_FUSE Pin=LD2-11
Removed Pin From Net: NetName=VS Pin=LD2-13
Removed Pin From Net: NetName=GND Pin=LD3-2
Removed Pin From Net: NetName=PUMP_CTRL Pin=LD3-3
Removed Pin From Net: NetName=PUMP_FB Pin=LD3-4
Removed Pin From Net: NetName=PUMP_FUSE Pin=LD3-8
Removed Pin From Net: NetName=PUMP_FUSE Pin=LD3-9
Removed Pin From Net: NetName=PUMP_FUSE Pin=LD3-10
Removed Pin From Net: NetName=PUMP_FUSE Pin=LD3-11
Removed Pin From Net: NetName=VS Pin=LD3-13
Removed Pin From Net: NetName=GND Pin=R37-1
Removed Pin From Net: NetName=PUMP_FUSE Pin=R37-2
Removed Pin From Net: NetName=FANS_FUSE Pin=R38-1
Removed Pin From Net: NetName=GND Pin=R38-2
Removed Pin From Net: NetName=GND Pin=R70-1
Removed Pin From Net: NetName=GND Pin=R71-1
Removed Pin From Net: NetName=VBATT_FUSE Pin=U2-1
Removed Pin From Net: NetName=VBATT_FUSE Pin=U2-2
Removed Pin From Net: NetName=GND Pin=U2-5
Removed Pin From Net: NetName=GND Pin=U2-6
Removed Pin From Net: NetName=LVBATT_CURR_SENS Pin=U2-7
Removed Pin From Net: NetName=5V Pin=U2-8
Removed Pin From Net: NetName=VBATT_FUSE Pin=VBATT_FUSE-1
Change Component Footprint: Designator=U2 Old Footprint=ALEG-LC-8_V New Footprint=SOP50P490X110-10N
Change Component Comment : Designator=R37 Old Comment=10K New Comment=5
Change Component Comment : Designator=U2 Old Comment=ACS723LLCTR-10AB-T New Comment=INA230
Change Managed Component Library Link : Designator=U2 Old VaultGUID=B7D15EC3-160A-466F-A46C-7801FE6295A7 New VaultGUID= Old ItemGUID=CD0DEDDD-93FF-432E-A0CD-5160CCCD6F3C New ItemGUID= Old RevisionGUID=8092EBDF-4DA5-46E7-94B3-360EDFE79975 New RevisionGUID=
Change component parameters: Designator = "R37" ("R37"); Footprint = "RESC0603(1608)_L"; UniqueID = "\TGPYPXQX\RAUKESTD" ("\TGPYPXQX\RAUKESTD")
Change component parameters (AddParameter): Name = "Case-EIA"; Value = "0603"; VariantName = "[No Variations]"
Change component parameters (AddParameter): Name = "Case-Metric"; Value = "1608"; VariantName = "[No Variations]"
Change component parameters (AddParameter): Name = "PackageReference"; Value = "RESC0603(1608)"; VariantName = "[No Variations]"
Change component parameters (AddParameter): Name = "Power"; Value = ""; VariantName = "[No Variations]"
Change component parameters (AddParameter): Name = "Supplier 1"; Value = "Digi-Key"; VariantName = "[No Variations]"
Change component parameters (AddParameter): Name = "Supplier Part Number 1"; Value = "P430BZCT-ND"; VariantName = "[No Variations]"
Change component parameters (AddParameter): Name = "Tolerance"; Value = ""; VariantName = "[No Variations]"
Change component parameters (AddParameter): Name = "Value"; Value = ""; VariantName = "[No Variations]"
Change component parameters: Designator = "U2" ("U2"); Footprint = "ALEG-LC-8_V"; UniqueID = "\TGPYPXQX\QGXAMOJQ" ("\TGPYPXQX\QGXAMOJQ")
Add Component: Footprint Not Found 1608[0603]
Add Component: Footprint Not Found 1608[0603]
Add Component: Footprint Not Found 1608[0603]
Add Component: Footprint Not Found 1608[0603]
Added Component: Designator=D?(S8MC-13)
Add component (AddParameter): Name = "Supplier 1"; Value = "Digi-Key"; VariantName = "[No Variations]"
Add component (AddParameter): Name = "Supplier Part Number 1"; Value = "S8MCDICT-ND"; VariantName = "[No Variations]"
Added Component: Designator=D?(S8MC-13)
Add component (AddParameter): Name = "Supplier 1"; Value = "Digi-Key"; VariantName = "[No Variations]"
Add component (AddParameter): Name = "Supplier Part Number 1"; Value = "S8MCDICT-ND"; VariantName = "[No Variations]"
Add Component: Footprint Not Found SOP80P600X162-13N
Add Component: Footprint Not Found SOP80P600X162-13N
Added Component: Designator=R19(RESC0603(1608)_L)
Add component (AddParameter): Name = "Case-EIA"; Value = "0603"; VariantName = "[No Variations]"
Add component (AddParameter): Name = "Case-Metric"; Value = "1608"; VariantName = "[No Variations]"
Add component (AddParameter): Name = "PackageReference"; Value = "RESC0603(1608)"; VariantName = "[No Variations]"
Add component (AddParameter): Name = "Power"; Value = ""; VariantName = "[No Variations]"
Add component (AddParameter): Name = "Supplier 1"; Value = "Digi-Key"; VariantName = "[No Variations]"
Add component (AddParameter): Name = "Supplier Part Number 1"; Value = "P430BZCT-ND"; VariantName = "[No Variations]"
Add component (AddParameter): Name = "Tolerance"; Value = ""; VariantName = "[No Variations]"
Add component (AddParameter): Name = "Value"; Value = ""; VariantName = "[No Variations]"
Added Component: Designator=R20(RESC0603(1608)_L)
Add component (AddParameter): Name = "Case-EIA"; Value = "0603"; VariantName = "[No Variations]"
Add component (AddParameter): Name = "Case-Metric"; Value = "1608"; VariantName = "[No Variations]"
Add component (AddParameter): Name = "PackageReference"; Value = "RESC0603(1608)"; VariantName = "[No Variations]"
Add component (AddParameter): Name = "Power"; Value = ""; VariantName = "[No Variations]"
Add component (AddParameter): Name = "Supplier 1"; Value = "Digi-Key"; VariantName = "[No Variations]"
Add component (AddParameter): Name = "Supplier Part Number 1"; Value = "P430BZCT-ND"; VariantName = "[No Variations]"
Add component (AddParameter): Name = "Tolerance"; Value = ""; VariantName = "[No Variations]"
Add component (AddParameter): Name = "Value"; Value = ""; VariantName = "[No Variations]"
Added Component: Designator=R24(RESC0603(1608)_L)
Add component (AddParameter): Name = "Case-EIA"; Value = "0603"; VariantName = "[No Variations]"
Add component (AddParameter): Name = "Case-Metric"; Value = "1608"; VariantName = "[No Variations]"
Add component (AddParameter): Name = "PackageReference"; Value = "RESC0603(1608)"; VariantName = "[No Variations]"
Add component (AddParameter): Name = "Power"; Value = ""; VariantName = "[No Variations]"
Add component (AddParameter): Name = "Supplier 1"; Value = "Digi-Key"; VariantName = "[No Variations]"
Add component (AddParameter): Name = "Supplier Part Number 1"; Value = "P430BZCT-ND"; VariantName = "[No Variations]"
Add component (AddParameter): Name = "Tolerance"; Value = ""; VariantName = "[No Variations]"
Add component (AddParameter): Name = "Value"; Value = ""; VariantName = "[No Variations]"
Added Component: Designator=R26(RESC0603(1608)_L)
Add component (AddParameter): Name = "Case-EIA"; Value = "0603"; VariantName = "[No Variations]"
Add component (AddParameter): Name = "Case-Metric"; Value = "1608"; VariantName = "[No Variations]"
Add component (AddParameter): Name = "PackageReference"; Value = "RESC0603(1608)"; VariantName = "[No Variations]"
Add component (AddParameter): Name = "Power"; Value = ""; VariantName = "[No Variations]"
Add component (AddParameter): Name = "Supplier 1"; Value = "Digi-Key"; VariantName = "[No Variations]"
Add component (AddParameter): Name = "Supplier Part Number 1"; Value = "P430BZCT-ND"; VariantName = "[No Variations]"
Add component (AddParameter): Name = "Tolerance"; Value = ""; VariantName = "[No Variations]"
Add component (AddParameter): Name = "Value"; Value = ""; VariantName = "[No Variations]"
Added Component: Designator=R35(RESC0603(1608)_L)
Add component (AddParameter): Name = "Case-EIA"; Value = "0603"; VariantName = "[No Variations]"
Add component (AddParameter): Name = "Case-Metric"; Value = "1608"; VariantName = "[No Variations]"
Add component (AddParameter): Name = "PackageReference"; Value = "RESC0603(1608)"; VariantName = "[No Variations]"
Add component (AddParameter): Name = "Power"; Value = ""; VariantName = "[No Variations]"
Add component (AddParameter): Name = "Supplier 1"; Value = "Digi-Key"; VariantName = "[No Variations]"
Add component (AddParameter): Name = "Supplier Part Number 1"; Value = "P430BZCT-ND"; VariantName = "[No Variations]"
Add component (AddParameter): Name = "Tolerance"; Value = ""; VariantName = "[No Variations]"
Add component (AddParameter): Name = "Value"; Value = ""; VariantName = "[No Variations]"
Added Component: Designator=R?(RESC0603(1608)_L)
Add component (AddParameter): Name = "Case-EIA"; Value = "0603"; VariantName = "[No Variations]"
Add component (AddParameter): Name = "Case-Metric"; Value = "1608"; VariantName = "[No Variations]"
Add component (AddParameter): Name = "PackageReference"; Value = "RESC0603(1608)"; VariantName = "[No Variations]"
Add component (AddParameter): Name = "Power"; Value = ""; VariantName = "[No Variations]"
Add component (AddParameter): Name = "Supplier 1"; Value = "Digi-Key"; VariantName = "[No Variations]"
Add component (AddParameter): Name = "Supplier Part Number 1"; Value = "311-10KGRCT-ND"; VariantName = "[No Variations]"
Add component (AddParameter): Name = "Tolerance"; Value = ""; VariantName = "[No Variations]"
Add component (AddParameter): Name = "Value"; Value = ""; VariantName = "[No Variations]"
Added Component: Designator=R?(RESC0603(1608)_L)
Add component (AddParameter): Name = "Case-EIA"; Value = "0603"; VariantName = "[No Variations]"
Add component (AddParameter): Name = "Case-Metric"; Value = "1608"; VariantName = "[No Variations]"
Add component (AddParameter): Name = "PackageReference"; Value = "RESC0603(1608)"; VariantName = "[No Variations]"
Add component (AddParameter): Name = "Power"; Value = ""; VariantName = "[No Variations]"
Add component (AddParameter): Name = "Supplier 1"; Value = "Digi-Key"; VariantName = "[No Variations]"
Add component (AddParameter): Name = "Supplier Part Number 1"; Value = "311-10KGRCT-ND"; VariantName = "[No Variations]"
Add component (AddParameter): Name = "Tolerance"; Value = ""; VariantName = "[No Variations]"
Add component (AddParameter): Name = "Value"; Value = ""; VariantName = "[No Variations]"
Added Component: Designator=R?(RESC0603(1608)_L)
Add component (AddParameter): Name = "Case-EIA"; Value = "0603"; VariantName = "[No Variations]"
Add component (AddParameter): Name = "Case-Metric"; Value = "1608"; VariantName = "[No Variations]"
Add component (AddParameter): Name = "PackageReference"; Value = "RESC0603(1608)"; VariantName = "[No Variations]"
Add component (AddParameter): Name = "Power"; Value = ""; VariantName = "[No Variations]"
Add component (AddParameter): Name = "Supplier 1"; Value = "Digi-Key"; VariantName = "[No Variations]"
Add component (AddParameter): Name = "Supplier Part Number 1"; Value = "311-10KGRCT-ND"; VariantName = "[No Variations]"
Add component (AddParameter): Name = "Tolerance"; Value = ""; VariantName = "[No Variations]"
Add component (AddParameter): Name = "Value"; Value = ""; VariantName = "[No Variations]"
Added Component: Designator=R?(RESC0603(1608)_L)
Add component (AddParameter): Name = "Case-EIA"; Value = "0603"; VariantName = "[No Variations]"
Add component (AddParameter): Name = "Case-Metric"; Value = "1608"; VariantName = "[No Variations]"
Add component (AddParameter): Name = "PackageReference"; Value = "RESC0603(1608)"; VariantName = "[No Variations]"
Add component (AddParameter): Name = "Power"; Value = ""; VariantName = "[No Variations]"
Add component (AddParameter): Name = "Supplier 1"; Value = "Digi-Key"; VariantName = "[No Variations]"
Add component (AddParameter): Name = "Supplier Part Number 1"; Value = "311-10KGRCT-ND"; VariantName = "[No Variations]"
Add component (AddParameter): Name = "Tolerance"; Value = ""; VariantName = "[No Variations]"
Add component (AddParameter): Name = "Value"; Value = ""; VariantName = "[No Variations]"
Added Pin To Net: NetName=3V3 Pin=C4-2
Add Pin To Net: Unknown Pin: Pin C?-1
Add Pin To Net: Unknown Pin: Pin C?-1
Add Pin To Net: Unknown Pin: Pin C?-1
Add Pin To Net: Unknown Pin: Pin C?-1
Add Pin To Net: Unknown Pin: Pin C?-2
Add Pin To Net: Unknown Pin: Pin C?-2
Add Pin To Net: Unknown Pin: Pin C?-2
Add Pin To Net: Unknown Pin: Pin C?-2
Added Pin To Net: NetName=GND Pin=D?-1
Added Pin To Net: NetName=GND Pin=D?-1
Added Pin To Net: NetName=FANS_FUSE Pin=D?-2
Added Pin To Net: NetName=PUMP_FUSE Pin=D?-2
Add Pin To Net: Unknown Pin: Pin LD?-2
Add Pin To Net: Unknown Pin: Pin LD?-2
Add Pin To Net: Unknown Pin: Pin LD?-3
Add Pin To Net: Unknown Pin: Pin LD?-3
Add Pin To Net: Unknown Pin: Pin LD?-4
Add Pin To Net: Unknown Pin: Pin LD?-4
Add Pin To Net: Unknown Pin: Pin LD?-8
Add Pin To Net: Unknown Pin: Pin LD?-8
Add Pin To Net: Unknown Pin: Pin LD?-9
Add Pin To Net: Unknown Pin: Pin LD?-9
Add Pin To Net: Unknown Pin: Pin LD?-10
Add Pin To Net: Unknown Pin: Pin LD?-10
Add Pin To Net: Unknown Pin: Pin LD?-11
Add Pin To Net: Unknown Pin: Pin LD?-11
Add Pin To Net: Unknown Pin: Pin LD?-13
Add Pin To Net: Unknown Pin: Pin LD?-13
Added Pin To Net: NetName=3V3 Pin=R20-2
Added Pin To Net: NetName=3V3 Pin=R24-1
Added Pin To Net: NetName=3V3 Pin=R24-2
Added Pin To Net: NetName=VBATT_FUSE Pin=R26-2
Added Pin To Net: NetName=VBATT_FUSE Pin=R35-2
Added Pin To Net: NetName=FANS_FUSE Pin=R?-1
Added Pin To Net: NetName=GND Pin=R?-1
Added Pin To Net: NetName=GND Pin=R?-1
Added Pin To Net: NetName=GND Pin=R?-1
Added Pin To Net: NetName=GND Pin=R?-2
Added Pin To Net: NetName=PUMP_FUSE Pin=R?-2
Added Pin To Net: NetName=3V3 Pin=U2-5
Added Pin To Net: NetName=3V3 Pin=U2-8
Added Pin To Net: NetName=ACU_PWR Pin=U2-10
Add Net: Net with name "GND" already exists
Added Pin To Net: NetName=NetC5_1 Pin=C5-1
Added Pin To Net: NetName=NetC5_1 Pin=R37-1
Added Pin To Net: NetName=NetC5_1 Pin=U2-3
Added Net: Name=NetC5_1
Added Pin To Net: NetName=NetC5_2 Pin=C5-2
Added Pin To Net: NetName=NetC5_2 Pin=R26-1
Added Pin To Net: NetName=NetC5_2 Pin=U2-2
Added Net: Name=NetC5_2
Added Pin To Net: NetName=NetLD?_5 Pin=R?-2
Added Net: Name=NetLD?_5
Add Net: Net with name "NetLD?_5" already exists
Added Pin To Net: NetName=PWR_MON_A0 Pin=CON2-A6
Added Pin To Net: NetName=PWR_MON_A0 Pin=U2-9
Added Net: Name=PWR_MON_A0
Added Pin To Net: NetName=PWR_MON_SCL Pin=CON2-A3
Added Pin To Net: NetName=PWR_MON_SCL Pin=R20-1
Added Pin To Net: NetName=PWR_MON_SCL Pin=U2-7
Added Net: Name=PWR_MON_SCL
Added Pin To Net: NetName=PWR_MON_SDA Pin=CON2-A1
Added Pin To Net: NetName=PWR_MON_SDA Pin=R19-1
Added Pin To Net: NetName=PWR_MON_SDA Pin=U2-6
Added Net: Name=PWR_MON_SDA
Add Class: Class already exists: Designator
Add Class: Class already exists: Designator
Add Class: Class already exists: Designator
Add Class: Class already exists: Designator
Add Class Member: Failed to add class member : Component Jumper1 Jumper
Change Room Scope: Old Scope=All New Scope=InComponentClass('1  - Connectors')
Change Room Scope: Old Scope=All New Scope=InComponentClass('Designator')
Change Room Name: Old Name=Designator_5 New Name=Designator
Change Room Scope: Old Scope=All New Scope=InComponentClass('Designator')
Added Room: Name=Designator
Added Room: Name=Designator
Added Room: Name=Designator
