Added Component: Designator=CN1(LeavySeal 39 pin Ver)
Added Component: Designator=CN2(LeavySeal 39 pin Ver)
Added Pin To Net: NetName=IMD_PWR Pin=CN1-1
Added Pin To Net: NetName=HVB_PWR Pin=CN1-2
Added Pin To Net: NetName=BSPD_TEST Pin=CN1-3
Added Pin To Net: NetName=EMETER_PWR Pin=CN1-4
Added Pin To Net: NetName=AMS_PWR Pin=CN1-5
Added Pin To Net: NetName=PRECHRG_CTRL Pin=CN1-6
Added Pin To Net: NetName=IMD_RESIST Pin=CN1-7
Added Pin To Net: NetName=AIR+_CTRL Pin=CN1-8
Added Pin To Net: NetName=AMS_CLR_ERR Pin=CN1-9
Added Pin To Net: NetName=EXTRA_INPUT2 Pin=CN1-10
Added Pin To Net: NetName=AIR-_CTRL Pin=CN1-11
Added Pin To Net: NetName=AIR+_FB Pin=CN1-12
Added Pin To Net: NetName=AIR-_FB Pin=CN1-13
Added Pin To Net: NetName=IMD_OK Pin=CN1-14
Added Pin To Net: NetName=EXTRA_INPUT1 Pin=CN1-15
Added Pin To Net: NetName=SWO Pin=CN1-16
Added Pin To Net: NetName=CAN_SENS_N Pin=CN1-17
Added Pin To Net: NetName=CAN_SENS_P Pin=CN1-18
Added Pin To Net: NetName=A\M\S\_\O\K\ Pin=CN1-20
Added Pin To Net: NetName=SCHT_TAP Pin=CN1-21
Added Pin To Net: NetName=HCP_SENS_PWR Pin=CN1-22
Added Pin To Net: NetName=HCP_H_CURR_SENS Pin=CN1-23
Added Pin To Net: NetName=HCP_L_CURR_SENS Pin=CN1-24
Added Pin To Net: NetName=CHASSIS_GND Pin=CN1-25
Added Pin To Net: NetName=HCP_L_CURR_SENS Pin=CN1-26
Added Pin To Net: NetName=TS_ACTIVE Pin=CN1-27
Added Pin To Net: NetName=GND Pin=CN1-28
Added Pin To Net: NetName=SWDIO Pin=CN1-29
Added Pin To Net: NetName=SCHT_FROM_AUX_TO_ACC Pin=CN1-30
Added Pin To Net: NetName=SWCLK Pin=CN1-31
Added Pin To Net: NetName=NRST Pin=CN1-32
Added Pin To Net: NetName=VBATT_RAW Pin=CN1-34
Added Pin To Net: NetName=3V3 Pin=CN1-35
Added Pin To Net: NetName=SERIAL_Rx Pin=CN1-36
Added Pin To Net: NetName=SERIAL_Tx Pin=CN1-37
Added Pin To Net: NetName=LATCH_RST Pin=CN2-1
Added Pin To Net: NetName=VS_TO_MS Pin=CN2-2
Added Pin To Net: NetName=VS_FROM_MS Pin=CN2-3
Added Pin To Net: NetName=PUMP_PWR Pin=CN2-4
Added Pin To Net: NetName=COOL_SYS_TEMP1 Pin=CN2-5
Added Pin To Net: NetName=SCHT_FROM_AUX_TO_ACC Pin=CN2-6
Added Pin To Net: NetName=FANS_PWR Pin=CN2-7
Added Pin To Net: NetName=COOL_SYS_TEMP2 Pin=CN2-8
Added Pin To Net: NetName=COOL_SYS_TEMP3 Pin=CN2-9
Added Pin To Net: NetName=AIR-_FB Pin=CN2-12
Added Pin To Net: NetName=BUZR_PWR Pin=CN2-13
Added Pin To Net: NetName=TSAL_PWR Pin=CN2-14
Added Pin To Net: NetName=MC_PWR Pin=CN2-15
Added Pin To Net: NetName=RED_LED_GND Pin=CN2-16
Added Pin To Net: NetName=GREEN_LED_GND Pin=CN2-17
Added Pin To Net: NetName=SCHT_TAP Pin=CN2-18
Added Pin To Net: NetName=SCHT_OUT_LATCH Pin=CN2-19
Added Pin To Net: NetName=SHCT_IN_LATCH Pin=CN2-20
Added Pin To Net: NetName=SCHT_TAP Pin=CN2-21
Added Pin To Net: NetName=BRAKE_PWR Pin=CN2-22
Added Pin To Net: NetName=BRAKE_LIGHT_GND Pin=CN2-23
Added Pin To Net: NetName=CHASSIS_GND Pin=CN2-24
Added Pin To Net: NetName=VCU_PWR Pin=CN2-25
Added Pin To Net: NetName=CAN_SENS_P Pin=CN2-27
Added Pin To Net: NetName=B\R\A\K\E\_\P\R\E\S\S\ Pin=CN2-28
Added Pin To Net: NetName=GND Pin=CN2-29
Added Pin To Net: NetName=CAN_SENS_N Pin=CN2-30
Added Pin To Net: NetName=BRAKE_SENS Pin=CN2-31
Added Pin To Net: NetName=CAN_P Pin=CN2-33
Added Pin To Net: NetName=BRAKE_SW Pin=CN2-34
Added Pin To Net: NetName=CAN_N Pin=CN2-36
Added Pin To Net: NetName=AMS_LED Pin=CN2-37
Added Pin To Net: NetName=IMD_LED Pin=CN2-38
Added Pin To Net: NetName=BSPD_LED Pin=CN2-39
Add Class: Class already exists: Designator
Add Class: Class already exists: Designator
Add Class: Class already exists: Designator
Add Class: Class already exists: Designator
Added Member To Class: ClassName=1  - Connectors Member=Component CN1 5-1418363-1
Added Member To Class: ClassName=1  - Connectors Member=Component CN2 5-1418363-1
Add Class Member: Failed to add class member : Component Jumper1 Jumper
Added Room: Name=1  - Connectors
Added Room: Name=Designator
Added Room: Name=Designator
Added Room: Name=Designator
Added Room: Name=Designator
Added Room: Name=Designator
