Removed Pin From Net: NetName=LATCH_RST Pin=CN2-1
Removed Pin From Net: NetName=VS_FROM_MS Pin=CN2-3
Removed Pin From Net: NetName=PUMP_PWR Pin=CN2-4
Removed Pin From Net: NetName=SCHT_FROM_AUX_TO_ACC Pin=CN2-6
Removed Pin From Net: NetName=FANS_PWR Pin=CN2-7
Removed Pin From Net: NetName=COOL_SYS_TEMP3 Pin=CN2-9
Removed Pin From Net: NetName=AIR-_FB Pin=CN2-12
Removed Pin From Net: NetName=BUZR_PWR Pin=CN2-13
Removed Pin From Net: NetName=MC_PWR Pin=CN2-15
Removed Pin From Net: NetName=RED_LED_GND Pin=CN2-16
Removed Pin From Net: NetName=SCHT_TAP Pin=CN2-18
Removed Pin From Net: NetName=SCHT_OUT_LATCH Pin=CN2-19
Removed Pin From Net: NetName=SCHT_TAP Pin=CN2-21
Removed Pin From Net: NetName=BRAKE_PWR Pin=CN2-22
Removed Pin From Net: NetName=CHASSIS_GND Pin=CN2-24
Removed Pin From Net: NetName=VCU_PWR Pin=CN2-25
Removed Pin From Net: NetName=CAN_SENS_P Pin=CN2-27
Removed Pin From Net: NetName=B\R\A\K\E\_\P\R\E\S\S\ Pin=CN2-28
Removed Pin From Net: NetName=CAN_SENS_N Pin=CN2-30
Removed Pin From Net: NetName=BRAKE_SENS Pin=CN2-31
Removed Pin From Net: NetName=CAN_P Pin=CN2-33
Removed Pin From Net: NetName=BRAKE_SW Pin=CN2-34
Removed Pin From Net: NetName=CAN_N Pin=CN2-36
Removed Pin From Net: NetName=AMS_LED Pin=CN2-37
Removed Pin From Net: NetName=BSPD_LED Pin=CN2-39
Added Pin To Net: NetName=VS_FROM_MS Pin=CN2-1
Added Pin To Net: NetName=LATCH_RST Pin=CN2-3
Added Pin To Net: NetName=SCHT_FROM_AUX_TO_ACC Pin=CN2-4
Added Pin To Net: NetName=PUMP_PWR Pin=CN2-6
Added Pin To Net: NetName=COOL_SYS_TEMP3 Pin=CN2-7
Added Pin To Net: NetName=FANS_PWR Pin=CN2-9
Added Pin To Net: NetName=AIR-_FB Pin=CN2-10
Added Pin To Net: NetName=MC_PWR Pin=CN2-13
Added Pin To Net: NetName=BUZR_PWR Pin=CN2-15
Added Pin To Net: NetName=SCHT_TAP Pin=CN2-16
Added Pin To Net: NetName=RED_LED_GND Pin=CN2-18
Added Pin To Net: NetName=SCHT_TAP Pin=CN2-19
Added Pin To Net: NetName=SCHT_OUT_LATCH Pin=CN2-21
Added Pin To Net: NetName=CHASSIS_GND Pin=CN2-22
Added Pin To Net: NetName=BRAKE_PWR Pin=CN2-24
Added Pin To Net: NetName=CAN_SENS_P Pin=CN2-25
Added Pin To Net: NetName=VCU_PWR Pin=CN2-27
Added Pin To Net: NetName=CAN_SENS_N Pin=CN2-28
Added Pin To Net: NetName=B\R\A\K\E\_\P\R\E\S\S\ Pin=CN2-30
Added Pin To Net: NetName=CAN_P Pin=CN2-31
Added Pin To Net: NetName=BRAKE_SW Pin=CN2-32
Added Pin To Net: NetName=BRAKE_SENS Pin=CN2-33
Added Pin To Net: NetName=CAN_N Pin=CN2-34
Added Pin To Net: NetName=BSPD_LED Pin=CN2-37
Added Pin To Net: NetName=AMS_LED Pin=CN2-39
Add Class: Class already exists: Designator
Add Class: Class already exists: Designator
Add Class: Class already exists: Designator
Add Class: Class already exists: Designator
Added Member To Class: ClassName=1  - Connectors Member=Component CN2 5-1418363-1
Add Class Member: Failed to add class member : Component Jumper1 Jumper
Change Room Name: Old Name=Designator_5 New Name=Designator
Change Room Name: Old Name=Designator_4 New Name=Designator
Added Room: Name=Designator
Added Room: Name=Designator
