Removed Pin From Net: NetName=5V Pin=F8-1
Removed Pin From Net: NetName=5V Pin=F8-2
Removed Pin From Net: NetName=GND Pin=R26-2
Removed Pin From Net: NetName=VBATT_RAW Pin=WM9796-ND-1
Removed Pin From Net: NetName=VBATT_RAW Pin=WM9796-ND-1
Removed Pin From Net: NetName=GND Pin=WM9796-ND-2
Removed Pin From Net: NetName=GND Pin=WM9796-ND-2
Added Component: Designator=WM2(WM9796-ND)
Add component (AddParameter): Name = "LatestRevisionDate"; Value = "17-Jul-2002"; VariantName = "[No Variations]"
Add component (AddParameter): Name = "LatestRevisionNote"; Value = "Re-released for DXP Platform."; VariantName = "[No Variations]"
Add component (AddParameter): Name = "Publisher"; Value = "Altium Limited"; VariantName = "[No Variations]"
Add component (AddParameter): Name = "Supplier 1"; Value = "Digi-Key"; VariantName = "[No Variations]"
Add component (AddParameter): Name = "Supplier Part Number 1"; Value = "WM11908-ND"; VariantName = "[No Variations]"
Added Pin To Net: NetName=VBATT_RAW Pin=WM2-1
Added Pin To Net: NetName=VBATT_RAW Pin=WM2-1
Added Pin To Net: NetName=GND Pin=WM2-2
Added Pin To Net: NetName=GND Pin=WM2-2
Add Class: Class already exists: Designator
Add Class: Class already exists: Designator
Add Class: Class already exists: Designator
Add Class: Class already exists: Designator
Added Member To Class: ClassName=1  - Connectors Member=Component CN1 5-1418363-1
Add Class Member: Failed to add class member : Component Jumper1 Jumper
Added Member To Class: ClassName=1  - Connectors Member=Component WM2 WM9796-ND
Added Room: Name=1  - Connectors
Added Room: Name=Designator
Added Room: Name=Designator
Added Room: Name=Designator
Added Room: Name=Designator
Added Room: Name=Designator
