Removed Pin From Net: NetName=SCHT_TAP_LATCHING Pin=Latching Delay1-11
Removed Pin From Net: NetName=SCHT_TAP Pin=Latching Delay1-12
Removed Pin From Net: NetName=LATCHING_Delayed Pin=Latching Delay1-A2
Add Component: Footprint Not Found SOP254P710X255-4N
Add Pin To Net: Unknown Pin: Pin K?-2
Add Pin To Net: Unknown Pin: Pin K?-3
Add Pin To Net: Unknown Pin: Pin K?-4
Added Pin To Net: NetName=NetK?_1 Pin=R51-2
Added Pin To Net: NetName=NetK?_1 Pin=R52-2
Added Net: Name=NetK?_1
Add Class: Class already exists: Designator
Add Class: Class already exists: Designator
Add Class: Class already exists: Designator
Add Class: Class already exists: Designator
Add Class: Class already exists: Designator
Added Room: Name=1  - Connectors
Added Room: Name=Designator
Added Room: Name=Designator
Added Room: Name=Designator
Added Room: Name=Designator
Added Room: Name=Designator
