Added Component: Designator=D6(KING-0603LED_GREEN_V)
Add component (AddParameter): Name = "ComponentLink1Description"; Value = "Manufacturer URL"; VariantName = "[No Variations]"
Add component (AddParameter): Name = "ComponentLink1URL"; Value = "http://www.kingbright.com/"; VariantName = "[No Variations]"
Add component (AddParameter): Name = "Forward Current"; Value = "30 mA"; VariantName = "[No Variations]"
Add component (AddParameter): Name = "Manufacturer"; Value = "Kingbright"; VariantName = "[No Variations]"
Add component (AddParameter): Name = "Mounting Technology"; Value = "Surface Mount"; VariantName = "[No Variations]"
Add component (AddParameter): Name = "PackageDescription"; Value = "2-Pin SMT LED, 1.6 x 0.8 mm Pitch"; VariantName = "[No Variations]"
Add component (AddParameter): Name = "PackageReference"; Value = "0603LED_GREEN"; VariantName = "[No Variations]"
Add component (AddParameter): Name = "Packing Type"; Value = "2000 pcs / reel"; VariantName = "[No Variations]"
Add component (AddParameter): Name = "PartNumber"; Value = "KP-1608MGC"; VariantName = "[No Variations]"
Add component (AddParameter): Name = "Power Dissipation"; Value = "75 mW"; VariantName = "[No Variations]"
Add component (AddParameter): Name = "Reverse Voltage"; Value = "5 V"; VariantName = "[No Variations]"
Add component (AddParameter): Name = "Storage Temperature"; Value = "-40 to +85 degC"; VariantName = "[No Variations]"
Add component (AddParameter): Name = "Supplier 1"; Value = "Digi-Key"; VariantName = "[No Variations]"
Add component (AddParameter): Name = "Supplier Part Number 1"; Value = "160-1437-1-ND"; VariantName = "[No Variations]"
Added Component: Designator=F2(KSTN-3568_V)
Add component (AddParameter): Name = "Datasheet URL"; Value = "https://datasheet.ciiva.com/16294/m60-2p40-16294706.pdf"; VariantName = "[No Variations]"
Add component (AddParameter): Name = "Datasheet Version"; Value = "04/2013"; VariantName = "[No Variations]"
Add component (AddParameter): Name = "Manufacturer"; Value = "Keystone"; VariantName = "[No Variations]"
Add component (AddParameter): Name = "Manufacturer URL"; Value = "http://www.keyelco.com/"; VariantName = "[No Variations]"
Add component (AddParameter): Name = "Mounting Technology"; Value = "ThroughHole"; VariantName = "[No Variations]"
Add component (AddParameter): Name = "Package Description"; Value = "4-Pin Through Hole Device, Body 16 x 6.73 mm, Pitch 9.9 mm"; VariantName = "[No Variations]"
Add component (AddParameter): Name = "Package Reference"; Value = "3568"; VariantName = "[No Variations]"
Added Component: Designator=R4(RESC0603(1608)_L)
Add component (AddParameter): Name = "Case-EIA"; Value = "0603"; VariantName = "[No Variations]"
Add component (AddParameter): Name = "Case-Metric"; Value = "1608"; VariantName = "[No Variations]"
Add component (AddParameter): Name = "PackageReference"; Value = "RESC0603(1608)"; VariantName = "[No Variations]"
Add component (AddParameter): Name = "Power"; Value = ""; VariantName = "[No Variations]"
Add component (AddParameter): Name = "Supplier 1"; Value = "Digi-Key"; VariantName = "[No Variations]"
Add component (AddParameter): Name = "Supplier Part Number 1"; Value = "P560BZCT-ND"; VariantName = "[No Variations]"
Add component (AddParameter): Name = "Tolerance"; Value = ""; VariantName = "[No Variations]"
Add component (AddParameter): Name = "Value"; Value = ""; VariantName = "[No Variations]"
Added Pin To Net: NetName=VBATT_FUSE Pin=D6-1
Added Pin To Net: NetName=VBATT_RAW Pin=F2-1
Added Pin To Net: NetName=VBATT_RAW Pin=F2-2
Added Pin To Net: NetName=VBATT_FUSE Pin=F2-3
Added Pin To Net: NetName=VBATT_FUSE Pin=F2-4
Added Pin To Net: NetName=GND Pin=R4-2
Added Pin To Net: NetName=NetD6_2 Pin=D6-2
Added Pin To Net: NetName=NetD6_2 Pin=R4-1
Added Net: Name=NetD6_2
Add Class: Class already exists: Designator
Add Class: Class already exists: Designator
Add Class: Class already exists: Designator
Add Class: Class already exists: Designator
Added Member To Class: ClassName=Designator Member=Component D6 KP-1608MGC
Added Member To Class: ClassName=Designator Member=Component F2 36-3568-ND
Add Class Member: Failed to add class member : Component Jumper1 Jumper
Added Member To Class: ClassName=Designator Member=Component R4 560
Change Room Scope: Old Scope=All New Scope=InComponentClass('1  - Connectors')
Change Room Scope: Old Scope=All New Scope=InComponentClass('Designator')
Change Room Name: Old Name=Designator_3 New Name=Designator
Change Room Scope: Old Scope=All New Scope=InComponentClass('Designator')
Change Room Name: Old Name=Designator_4 New Name=Designator
Change Room Scope: Old Scope=All New Scope=InComponentClass('Designator')
Added Room: Name=Designator
Added Room: Name=Designator
