Removed Pin From Net: NetName=VS_FROM_MS Pin=CN2-39
Removed Pin From Net: NetName=VS_FROM_MS Pin=D22-1
Removed Pin From Net: NetName=VS_FROM_MS Pin=R39-1
Removed Pin From Net: NetName=VS_FROM_MS Pin=R44-1
Removed Pin From Net: NetName=VS Pin=U5-7
Added Component: Designator=R58(RESC0603(1608)_L)
Add component (AddParameter): Name = "Case-EIA"; Value = "0603"; VariantName = "[No Variations]"
Add component (AddParameter): Name = "Case-Metric"; Value = "1608"; VariantName = "[No Variations]"
Add component (AddParameter): Name = "PackageReference"; Value = "RESC0603(1608)"; VariantName = "[No Variations]"
Add component (AddParameter): Name = "Power"; Value = ""; VariantName = "[No Variations]"
Add component (AddParameter): Name = "Supplier 1"; Value = "Digi-Key"; VariantName = "[No Variations]"
Add component (AddParameter): Name = "Supplier Part Number 1"; Value = "P430BZCT-ND"; VariantName = "[No Variations]"
Add component (AddParameter): Name = "Tolerance"; Value = ""; VariantName = "[No Variations]"
Add component (AddParameter): Name = "Value"; Value = ""; VariantName = "[No Variations]"
Added Component: Designator=VS SWITCH(FP-T9VV1K15-12S-MFG)
Add component (AddParameter): Name = "Ambient Temperature Range High"; Value = "+85°C"; VariantName = "[No Variations]"
Add component (AddParameter): Name = "Ambient Temperature Range Low"; Value = "-40°C"; VariantName = "[No Variations]"
Add component (AddParameter): Name = "Automotive"; Value = "No"; VariantName = "[No Variations]"
Add component (AddParameter): Name = "Category"; Value = "Relay"; VariantName = "[No Variations]"
Add component (AddParameter): Name = "Coil Power"; Value = "2.25W"; VariantName = "[No Variations]"
Add component (AddParameter): Name = "Coil Resistance"; Value = "64O"; VariantName = "[No Variations]"
Add component (AddParameter): Name = "Coil Type"; Value = "Non-Latching"; VariantName = "[No Variations]"
Add component (AddParameter): Name = "Coil Voltage"; Value = "12V"; VariantName = "[No Variations]"
Add component (AddParameter): Name = "ComponentLink2Description"; Value = "Datasheet"; VariantName = "[No Variations]"
Add component (AddParameter): Name = "ComponentLink2URL"; Value = "https://www.te.com/commerce/DocumentDelivery/DDEController?Action=showdoc&DocId=Data+Sheet%7FPower_PCB_Relay_T9V_Solar%7F0819%7Fpdf%7FEnglish%7FENG_DS_Power_PCB_Relay_T9V_Solar_0819.pdf%7F2027395-5"; VariantName = "[No Variations]"
Add component (AddParameter): Name = "Current Rating"; Value = "40A"; VariantName = "[No Variations]"
Add component (AddParameter): Name = "Device Class L1"; Value = "Electromechanical"; VariantName = "[No Variations]"
Add component (AddParameter): Name = "Device Class L2"; Value = "Relays"; VariantName = "[No Variations]"
Add component (AddParameter): Name = "Device Class L3"; Value = "Power Relays"; VariantName = "[No Variations]"
Add component (AddParameter): Name = "Digikey Description"; Value = "RELAY GEN PURPOSE SPST 40A 12V"; VariantName = "[No Variations]"
Add component (AddParameter): Name = "Height"; Value = "20.4mm"; VariantName = "[No Variations]"
Add component (AddParameter): Name = "Lead Free"; Value = "Yes"; VariantName = "[No Variations]"
Add component (AddParameter): Name = "Manufacturer"; Value = "TE Connectivity"; VariantName = "[No Variations]"
Add component (AddParameter): Name = "Manufacturer Part Number"; Value = "T9VV1K15-12S"; VariantName = "[No Variations]"
Add component (AddParameter): Name = "Mouser Description"; Value = "Power Relay 12VDC 40A SPST-NO(32.51x27.43x20.4)mm THT Automotive"; VariantName = "[No Variations]"
Add component (AddParameter): Name = "Number Of Contacts"; Value = "1"; VariantName = "[No Variations]"
Add component (AddParameter): Name = "Octopart"; Value = "https://octopart.com/t9vv1k15-12s-te+connectivity-86729601"; VariantName = "[No Variations]"
Add component (AddParameter): Name = "Package"; Value = "0"; VariantName = "[No Variations]"
Add component (AddParameter): Name = "RoHS"; Value = "TRUE"; VariantName = "[No Variations]"
Add component (AddParameter): Name = "Throw Configuration"; Value = "SPST-NO"; VariantName = "[No Variations]"
Added Pin To Net: NetName=GND Pin=R58-1
Added Pin To Net: NetName=VS_FROM_MS Pin=U5-7
Added Pin To Net: NetName=VS_TO_MS Pin=VS SWITCH-3
Added Pin To Net: NetName=VS_FROM_MS Pin=VS SWITCH-4
Change Net Name : Old Net Name=VS New Net Name=GLV
Change Net Name : Old Net Name=VS_FROM_MS New Net Name=VS
Change Net Name : Old Net Name=VS_TO_MS New Net Name=VS_TO_SWITCH
Added Pin To Net: NetName=NetR58_2 Pin=R58-2
Added Pin To Net: NetName=NetR58_2 Pin=VS SWITCH-2
Added Net: Name=NetR58_2
Added Pin To Net: NetName=VS_FROM_MS Pin=D22-1
Added Pin To Net: NetName=VS_FROM_MS Pin=R39-1
Added Pin To Net: NetName=VS_FROM_MS Pin=R44-1
Added Net: Name=VS_FROM_MS
Added Pin To Net: NetName=VS_SWITCH Pin=CN2-39
Added Pin To Net: NetName=VS_SWITCH Pin=VS SWITCH-1
Added Net: Name=VS_SWITCH
Add Class: Class already exists: Designator
Add Class: Class already exists: Designator
Add Class: Class already exists: Designator
Add Class: Class already exists: Designator
Add Class: Class already exists: Designator
Added Room: Name=1  - Connectors
Added Room: Name=Designator
Added Room: Name=Designator
Added Room: Name=Designator
Added Room: Name=Designator
Added Room: Name=Designator
Added Rule: Name=Schematic Supply Nets_5
