Add Component: Footprint Not Found 1608[0603]
Add Component: Footprint Not Found 1608[0603]
Add Component: Footprint Not Found SOP80P600X162-13N
Add Component: Footprint Not Found SOP80P600X162-13N
Added Component: Designator=R?(FP-WSLF25122L000FEA-MFG)
Add component (AddParameter): Name = "Case Code (Imperial)"; Value = "2512"; VariantName = "[No Variations]"
Add component (AddParameter): Name = "Case Code (Metric)"; Value = "6432"; VariantName = "[No Variations]"
Add component (AddParameter): Name = "Case/Package"; Value = "2512"; VariantName = "[No Variations]"
Add component (AddParameter): Name = "Features"; Value = "Moisture Resistant"; VariantName = "[No Variations]"
Add component (AddParameter): Name = "Height"; Value = "0.024inch"; VariantName = "[No Variations]"
Add component (AddParameter): Name = "Lead Free"; Value = "Lead Free"; VariantName = "[No Variations]"
Add component (AddParameter): Name = "Length"; Value = "0.25inch"; VariantName = "[No Variations]"
Add component (AddParameter): Name = "Max Operating Temperature"; Value = "170°C"; VariantName = "[No Variations]"
Add component (AddParameter): Name = "Max Power Dissipation"; Value = "5W"; VariantName = "[No Variations]"
Add component (AddParameter): Name = "Min Operating Temperature"; Value = "-65°C"; VariantName = "[No Variations]"
Add component (AddParameter): Name = "Number of Terminations"; Value = "2"; VariantName = "[No Variations]"
Add component (AddParameter): Name = "Packaging"; Value = "Tape and Reel"; VariantName = "[No Variations]"
Add component (AddParameter): Name = "Resistance"; Value = "2mR"; VariantName = "[No Variations]"
Add component (AddParameter): Name = "Resistor Type"; Value = "Metal Element"; VariantName = "[No Variations]"
Add component (AddParameter): Name = "RoHS Compliant"; Value = "Yes"; VariantName = "[No Variations]"
Add component (AddParameter): Name = "Temperature Coefficient"; Value = "70ppm/°C"; VariantName = "[No Variations]"
Add component (AddParameter): Name = "Tolerance"; Value = "1%"; VariantName = "[No Variations]"
Add component (AddParameter): Name = "Width"; Value = "0.125inch"; VariantName = "[No Variations]"
Add Pin To Net: Unknown Pin: Pin C14-1
Add Pin To Net: Unknown Pin: Pin C14-2
Add Pin To Net: Unknown Pin: Pin C17-1
Add Pin To Net: Unknown Pin: Pin C17-2
Add Pin To Net: Unknown Pin: Pin LD2-2
Add Pin To Net: Unknown Pin: Pin LD2-3
Add Pin To Net: Unknown Pin: Pin LD2-4
Add Pin To Net: Unknown Pin: Pin LD2-5
Add Pin To Net: Unknown Pin: Pin LD2-8
Add Pin To Net: Unknown Pin: Pin LD2-9
Add Pin To Net: Unknown Pin: Pin LD2-10
Add Pin To Net: Unknown Pin: Pin LD2-11
Add Pin To Net: Unknown Pin: Pin LD2-13
Add Pin To Net: Unknown Pin: Pin LD3-2
Add Pin To Net: Unknown Pin: Pin LD3-3
Add Pin To Net: Unknown Pin: Pin LD3-4
Add Pin To Net: Unknown Pin: Pin LD3-5
Add Pin To Net: Unknown Pin: Pin LD3-8
Add Pin To Net: Unknown Pin: Pin LD3-9
Add Pin To Net: Unknown Pin: Pin LD3-10
Add Pin To Net: Unknown Pin: Pin LD3-11
Add Pin To Net: Unknown Pin: Pin LD3-13
Added Pin To Net: NetName=GND Pin=R?-1
Added Pin To Net: NetName=VBATT_FUSE Pin=R?-2
Add Class: Class already exists: Designator
Add Class: Class already exists: Designator
Add Class: Class already exists: Designator
Add Class: Class already exists: Designator
Add Class Member: Failed to add class member : Component Jumper1 Jumper
Change Room Name: Old Name=Designator_4 New Name=Designator
Change Room Name: Old Name=Designator_5 New Name=Designator
Added Room: Name=Designator
Added Room: Name=Designator
