Removed Pin From Net: NetName=SWDIO Pin=CON1-A12
Removed Pin From Net: NetName=GND Pin=CON1-A14
Removed Pin From Net: NetName=GND Pin=CON1-B14
Removed Pin From Net: NetName=GND Pin=CON2-B2
Removed Pin From Net: NetName=PWR_MON_SDA Pin=CON2-B8
Added Pin To Net: NetName=SWO Pin=CON1-A12
Added Pin To Net: NetName=SWDIO Pin=CON1-A14
Added Pin To Net: NetName=SWDIO Pin=CON1-B14
Added Pin To Net: NetName=PWR_MON_SDA Pin=CON2-B2
Added Pin To Net: NetName=GND Pin=CON2-B8
Add Class: Class already exists: Designator
Add Class: Class already exists: Designator
Add Class: Class already exists: Designator
Add Class: Class already exists: Designator
Added Member To Class: ClassName=1  - Connectors Member=Component CN1 5-1418363-1
Add Class Member: Failed to add class member : Component Jumper1 Jumper
Change Room Name: Old Name=Designator_4 New Name=Designator
Change Room Name: Old Name=Designator_3 New Name=Designator
Added Room: Name=Designator
Added Room: Name=Designator
