Added Component: Designator=WM2(WM9796-ND)
Add component (AddParameter): Name = "LatestRevisionDate"; Value = "17-Jul-2002"; VariantName = "[No Variations]"
Add component (AddParameter): Name = "LatestRevisionNote"; Value = "Re-released for DXP Platform."; VariantName = "[No Variations]"
Add component (AddParameter): Name = "Publisher"; Value = "Altium Limited"; VariantName = "[No Variations]"
Add component (AddParameter): Name = "Supplier 1"; Value = "Digi-Key"; VariantName = "[No Variations]"
Add component (AddParameter): Name = "Supplier Part Number 1"; Value = "WM11908-ND"; VariantName = "[No Variations]"
Added Pin To Net: NetName=A\M\S\_\O\K\ Pin=CN1-20
Added Pin To Net: NetName=SCHT_TAP Pin=CN1-21
Added Pin To Net: NetName=HCP_SENS_PWR Pin=CN1-22
Added Pin To Net: NetName=HCP_H_CURR_SENS Pin=CN1-23
Added Pin To Net: NetName=HCP_L_CURR_SENS Pin=CN1-24
Added Pin To Net: NetName=CHASSIS_GND Pin=CN1-25
Added Pin To Net: NetName=HCP_L_CURR_SENS Pin=CN1-26
Added Pin To Net: NetName=TS_ACTIVE Pin=CN1-27
Added Pin To Net: NetName=GND Pin=CN1-28
Added Pin To Net: NetName=SWDIO Pin=CN1-29
Added Pin To Net: NetName=SCHT_FROM_AUX_TO_ACC Pin=CN1-30
Added Pin To Net: NetName=SWCLK Pin=CN1-31
Added Pin To Net: NetName=NRST Pin=CN1-32
Added Pin To Net: NetName=VBATT_RAW Pin=CN1-34
Added Pin To Net: NetName=3V3 Pin=CN1-35
Added Pin To Net: NetName=SERIAL_Rx Pin=CN1-36
Added Pin To Net: NetName=SERIAL_Tx Pin=CN1-37
Added Pin To Net: NetName=VBATT_RAW Pin=WM2-1
Added Pin To Net: NetName=VBATT_RAW Pin=WM2-1
Added Pin To Net: NetName=GND Pin=WM2-2
Added Pin To Net: NetName=GND Pin=WM2-2
Add Class: Class already exists: Designator
Add Class: Class already exists: Designator
Add Class: Class already exists: Designator
Add Class: Class already exists: Designator
Added Member To Class: ClassName=1  - Connectors Member=Component CN2 5-1418363-1
Add Class Member: Failed to add class member : Component Jumper1 Jumper
Added Member To Class: ClassName=1  - Connectors Member=Component WM2 WM9796-ND
Added Room: Name=1  - Connectors
Added Room: Name=Designator
Added Room: Name=Designator
Added Room: Name=Designator
Added Room: Name=Designator
Added Room: Name=Designator
